Loading plugins phase: Elapsed time ==> 0s.265ms
<CYPRESSTAG name="CyDsfit arguments...">
cydsfit arguments: -.fdsnotice -.fdswarpdepfile=warp_dependencies.txt -.fdselabdepfile=elab_dependencies.txt -.fdsbldfile=generated_files.txt -.fdsreffile=referenced_files.txt -p C:\Users\calmc\Desktop\InterIcSound01\InterIcSound01.cydsn\InterIcSound01.cyprj -d CY8C5868AXI-LP035 -s C:\Users\calmc\Desktop\InterIcSound01\InterIcSound01.cydsn\Generated_Source\PSoC5 -- -yv2 -q10 -ygs -o2 -v3 -.fftcfgtype=LE
</CYPRESSTAG>
<CYPRESSTAG name="Design elaboration results...">
</CYPRESSTAG>
Elaboration phase: Elapsed time ==> 2s.828ms
<CYPRESSTAG name="HDL generation results...">
</CYPRESSTAG>
HDL generation phase: Elapsed time ==> 0s.062ms
<CYPRESSTAG name="Synthesis results...">

     | | | | | | |
   _________________
  -|               |-
  -|               |-
  -|               |-
  -|    CYPRESS    |-
  -|               |-
  -|               |-   Warp Verilog Synthesis Compiler: Version 6.3 IR 41
  -|               |-   Copyright (C) 1991-2001 Cypress Semiconductor
   |_______________|
     | | | | | | |

======================================================================
Compiling:  InterIcSound01.v
Program  :   C:\Program Files (x86)\Cypress\PSoC Creator\4.2\PSoC Creator\warp\bin\warp.exe
Options  :    -yv2 -q10 -ygs -o2 -v3 -.fftcfgtype=LE -ya -.fftprj=C:\Users\calmc\Desktop\InterIcSound01\InterIcSound01.cydsn\InterIcSound01.cyprj -dcpsoc3 InterIcSound01.v -verilog
======================================================================

======================================================================
Compiling:  InterIcSound01.v
Program  :   C:\Program Files (x86)\Cypress\PSoC Creator\4.2\PSoC Creator\warp\bin\warp.exe
Options  :    -yv2 -q10 -ygs -o2 -v3 -.fftcfgtype=LE -ya -.fftprj=C:\Users\calmc\Desktop\InterIcSound01\InterIcSound01.cydsn\InterIcSound01.cyprj -dcpsoc3 InterIcSound01.v -verilog
======================================================================

======================================================================
Compiling:  InterIcSound01.v
Program  :   vlogfe
Options  :    -yv2 -q10 -ygs -o2 -v3 -.fftcfgtype=LE -ya -.fftprj=C:\Users\calmc\Desktop\InterIcSound01\InterIcSound01.cydsn\InterIcSound01.cyprj -dcpsoc3 -verilog InterIcSound01.v
======================================================================

vlogfe V6.3 IR 41:  Verilog parser
Sat May 04 15:50:35 2019


======================================================================
Compiling:  InterIcSound01.v
Program  :   vpp
Options  :    -yv2 -q10 InterIcSound01.v
======================================================================

vpp V6.3 IR 41:  Verilog Pre-Processor
Sat May 04 15:50:35 2019

Flattening file 'C:\Program Files (x86)\Cypress\PSoC Creator\4.2\PSoC Creator\psoc\content\CyComponentLibrary\CyComponentLibrary.cylib\bI2S_v2_70\bI2S_v2_70.v'
Flattening file 'C:\Program Files (x86)\Cypress\PSoC Creator\4.2\PSoC Creator\warp\lib\common\cypress.v'
Flattening file 'C:\Program Files (x86)\Cypress\PSoC Creator\4.2\PSoC Creator\warp\lib\common\cy_psoc3_inc.v'
Flattening file 'C:\Program Files (x86)\Cypress\PSoC Creator\4.2\PSoC Creator\psoc\content\CyPrimitives\cyprimitives.cylib\ZeroTerminal\ZeroTerminal.v'

vpp:  No errors.

Library 'work' => directory 'lcpsoc3'
General_symbol_table
General_symbol_table
Linking 'C:\Program Files (x86)\Cypress\PSoC Creator\4.2\PSoC Creator\warp\lib\common\std.vhd'.
Linking 'C:\Program Files (x86)\Cypress\PSoC Creator\4.2\PSoC Creator\warp\lib\common\cypress.vhd'.
Linking 'C:\Program Files (x86)\Cypress\PSoC Creator\4.2\PSoC Creator\warp\lib\common\work\cypress.vif'.
Linking 'C:\Program Files (x86)\Cypress\PSoC Creator\4.2\PSoC Creator\warp\lib\ieee\work\stdlogic.vif'.
Linking 'C:\Program Files (x86)\Cypress\PSoC Creator\4.2\PSoC Creator\warp\lib\common\stdlogic\lpmpkg.vif'.
Linking 'C:\Program Files (x86)\Cypress\PSoC Creator\4.2\PSoC Creator\warp\lib\common\stdlogic\rtlpkg.vif'.
Linking 'C:\Program Files (x86)\Cypress\PSoC Creator\4.2\PSoC Creator\warp\lib\common\stdlogic\mod_cnst.vif'.
Linking 'C:\Program Files (x86)\Cypress\PSoC Creator\4.2\PSoC Creator\warp\lib\common\stdlogic\mod_mthv.vif'.
Linking 'C:\Program Files (x86)\Cypress\PSoC Creator\4.2\PSoC Creator\warp\lib\common\stdlogic\mod_genv.vif'.
Using control file 'InterIcSound01.ctl'.
C:\Program Files (x86)\Cypress\PSoC Creator\4.2\PSoC Creator\psoc\content\CyComponentLibrary\CyComponentLibrary.cylib\bI2S_v2_70\bI2S_v2_70.v (line 387, col 104):  Note: Substituting module 'cmp_vv_vv' for '>'.
C:\Program Files (x86)\Cypress\PSoC Creator\4.2\PSoC Creator\psoc\content\CyComponentLibrary\CyComponentLibrary.cylib\bI2S_v2_70\bI2S_v2_70.v (line 389, col 118):  Note: Substituting module 'cmp_vv_vv' for '>'.
C:\Program Files (x86)\Cypress\PSoC Creator\4.2\PSoC Creator\psoc\content\CyComponentLibrary\CyComponentLibrary.cylib\bI2S_v2_70\bI2S_v2_70.v (line 391, col 105):  Note: Substituting module 'cmp_vv_vv' for '>'.
C:\Program Files (x86)\Cypress\PSoC Creator\4.2\PSoC Creator\psoc\content\CyComponentLibrary\CyComponentLibrary.cylib\bI2S_v2_70\bI2S_v2_70.v (line 412, col 63):  Note: Substituting module 'cmp_vv_vv' for '<='.
C:\Program Files (x86)\Cypress\PSoC Creator\4.2\PSoC Creator\psoc\content\CyComponentLibrary\CyComponentLibrary.cylib\bI2S_v2_70\bI2S_v2_70.v (line 412, col 90):  Note: Substituting module 'cmp_vv_vv' for '>='.
C:\Program Files (x86)\Cypress\PSoC Creator\4.2\PSoC Creator\psoc\content\CyComponentLibrary\CyComponentLibrary.cylib\bI2S_v2_70\bI2S_v2_70.v (line 413, col 63):  Note: Substituting module 'cmp_vv_vv' for '<='.
C:\Program Files (x86)\Cypress\PSoC Creator\4.2\PSoC Creator\psoc\content\CyComponentLibrary\CyComponentLibrary.cylib\bI2S_v2_70\bI2S_v2_70.v (line 413, col 90):  Note: Substituting module 'cmp_vv_vv' for '>='.
C:\Program Files (x86)\Cypress\PSoC Creator\4.2\PSoC Creator\psoc\content\CyComponentLibrary\CyComponentLibrary.cylib\bI2S_v2_70\bI2S_v2_70.v (line 414, col 39):  Note: Substituting module 'cmp_vv_vv' for '<='.
C:\Program Files (x86)\Cypress\PSoC Creator\4.2\PSoC Creator\psoc\content\CyComponentLibrary\CyComponentLibrary.cylib\bI2S_v2_70\bI2S_v2_70.v (line 414, col 66):  Note: Substituting module 'cmp_vv_vv' for '>='.
C:\Program Files (x86)\Cypress\PSoC Creator\4.2\PSoC Creator\psoc\content\CyComponentLibrary\CyComponentLibrary.cylib\bI2S_v2_70\bI2S_v2_70.v (line 415, col 63):  Note: Substituting module 'cmp_vv_vv' for '<='.
C:\Program Files (x86)\Cypress\PSoC Creator\4.2\PSoC Creator\psoc\content\CyComponentLibrary\CyComponentLibrary.cylib\bI2S_v2_70\bI2S_v2_70.v (line 415, col 90):  Note: Substituting module 'cmp_vv_vv' for '>='.
Linking 'C:\Program Files (x86)\Cypress\PSoC Creator\4.2\PSoC Creator\warp\lib\common\stdlogic\cy_psoc3pkg.vif'.
Linking 'C:\Program Files (x86)\Cypress\PSoC Creator\4.2\PSoC Creator\warp\lib\common\stdlogic\cy_psoc3.vif'.

vlogfe:  No errors.


======================================================================
Compiling:  InterIcSound01.v
Program  :   tovif
Options  :    -yv2 -q10 -ygs -o2 -v3 -.fftcfgtype=LE -ya -.fftprj=C:\Users\calmc\Desktop\InterIcSound01\InterIcSound01.cydsn\InterIcSound01.cyprj -dcpsoc3 -verilog InterIcSound01.v
======================================================================

tovif V6.3 IR 41:  High-level synthesis
Sat May 04 15:50:36 2019

Linking 'C:\Program Files (x86)\Cypress\PSoC Creator\4.2\PSoC Creator\warp\lib\common\std.vhd'.
Linking 'C:\Program Files (x86)\Cypress\PSoC Creator\4.2\PSoC Creator\warp\lib\common\cypress.vhd'.
Linking 'C:\Program Files (x86)\Cypress\PSoC Creator\4.2\PSoC Creator\warp\lib\common\work\cypress.vif'.
Linking 'C:\Program Files (x86)\Cypress\PSoC Creator\4.2\PSoC Creator\warp\lib\ieee\work\stdlogic.vif'.
Linking 'C:\Program Files (x86)\Cypress\PSoC Creator\4.2\PSoC Creator\warp\lib\common\stdlogic\lpmpkg.vif'.
Linking 'C:\Program Files (x86)\Cypress\PSoC Creator\4.2\PSoC Creator\warp\lib\common\stdlogic\rtlpkg.vif'.
Linking 'C:\Program Files (x86)\Cypress\PSoC Creator\4.2\PSoC Creator\warp\lib\common\stdlogic\mod_cnst.vif'.
Linking 'C:\Program Files (x86)\Cypress\PSoC Creator\4.2\PSoC Creator\warp\lib\common\stdlogic\mod_mthv.vif'.
Linking 'C:\Program Files (x86)\Cypress\PSoC Creator\4.2\PSoC Creator\warp\lib\common\stdlogic\mod_genv.vif'.
Linking 'C:\Users\calmc\Desktop\InterIcSound01\InterIcSound01.cydsn\codegentemp\InterIcSound01.ctl'.
Linking 'C:\Program Files (x86)\Cypress\PSoC Creator\4.2\PSoC Creator\psoc\content\CyComponentLibrary\CyComponentLibrary.cylib\bI2S_v2_70\bI2S_v2_70.v'.
Linking 'C:\Program Files (x86)\Cypress\PSoC Creator\4.2\PSoC Creator\warp\lib\common\cypress.v'.
Linking 'C:\Program Files (x86)\Cypress\PSoC Creator\4.2\PSoC Creator\warp\lib\common\cy_psoc3_inc.v'.
Linking 'C:\Users\calmc\Desktop\InterIcSound01\InterIcSound01.cydsn\codegentemp\InterIcSound01.v'.
Linking 'C:\Program Files (x86)\Cypress\PSoC Creator\4.2\PSoC Creator\psoc\content\CyPrimitives\cyprimitives.cylib\ZeroTerminal\ZeroTerminal.v'.
Linking 'C:\Program Files (x86)\Cypress\PSoC Creator\4.2\PSoC Creator\warp\lib\common\stdlogic\cy_psoc3pkg.vif'.
Linking 'C:\Program Files (x86)\Cypress\PSoC Creator\4.2\PSoC Creator\warp\lib\common\stdlogic\cy_psoc3.vif'.

tovif:  No errors.


======================================================================
Compiling:  InterIcSound01.v
Program  :   topld
Options  :    -yv2 -q10 -ygs -o2 -v3 -.fftcfgtype=LE -ya -.fftprj=C:\Users\calmc\Desktop\InterIcSound01\InterIcSound01.cydsn\InterIcSound01.cyprj -dcpsoc3 -verilog InterIcSound01.v
======================================================================

topld V6.3 IR 41:  Synthesis and optimization
Sat May 04 15:50:36 2019

Linking 'C:\Program Files (x86)\Cypress\PSoC Creator\4.2\PSoC Creator\warp\lib\common\std.vhd'.
Linking 'C:\Program Files (x86)\Cypress\PSoC Creator\4.2\PSoC Creator\warp\lib\common\cypress.vhd'.
Linking 'C:\Program Files (x86)\Cypress\PSoC Creator\4.2\PSoC Creator\warp\lib\common\work\cypress.vif'.
Linking 'C:\Program Files (x86)\Cypress\PSoC Creator\4.2\PSoC Creator\warp\lib\ieee\work\stdlogic.vif'.
Linking 'C:\Program Files (x86)\Cypress\PSoC Creator\4.2\PSoC Creator\warp\lib\common\stdlogic\lpmpkg.vif'.
Linking 'C:\Program Files (x86)\Cypress\PSoC Creator\4.2\PSoC Creator\warp\lib\common\stdlogic\rtlpkg.vif'.
Linking 'C:\Program Files (x86)\Cypress\PSoC Creator\4.2\PSoC Creator\warp\lib\common\stdlogic\mod_cnst.vif'.
Linking 'C:\Program Files (x86)\Cypress\PSoC Creator\4.2\PSoC Creator\warp\lib\common\stdlogic\mod_mthv.vif'.
Linking 'C:\Program Files (x86)\Cypress\PSoC Creator\4.2\PSoC Creator\warp\lib\common\stdlogic\mod_genv.vif'.
Linking 'C:\Users\calmc\Desktop\InterIcSound01\InterIcSound01.cydsn\codegentemp\InterIcSound01.ctl'.
Linking 'C:\Program Files (x86)\Cypress\PSoC Creator\4.2\PSoC Creator\psoc\content\CyComponentLibrary\CyComponentLibrary.cylib\bI2S_v2_70\bI2S_v2_70.v'.
Linking 'C:\Program Files (x86)\Cypress\PSoC Creator\4.2\PSoC Creator\warp\lib\common\cypress.v'.
Linking 'C:\Program Files (x86)\Cypress\PSoC Creator\4.2\PSoC Creator\warp\lib\common\cy_psoc3_inc.v'.
Linking 'C:\Users\calmc\Desktop\InterIcSound01\InterIcSound01.cydsn\codegentemp\InterIcSound01.v'.
Linking 'C:\Program Files (x86)\Cypress\PSoC Creator\4.2\PSoC Creator\psoc\content\CyPrimitives\cyprimitives.cylib\ZeroTerminal\ZeroTerminal.v'.
Linking 'C:\Program Files (x86)\Cypress\PSoC Creator\4.2\PSoC Creator\warp\lib\common\stdlogic\cy_psoc3pkg.vif'.
Linking 'C:\Program Files (x86)\Cypress\PSoC Creator\4.2\PSoC Creator\warp\lib\common\stdlogic\cy_psoc3.vif'.
Linking 'C:\Program Files (x86)\Cypress\PSoC Creator\4.2\PSoC Creator\warp\lib\lcpsoc3\stdlogic\cpsoc3.vif'.

----------------------------------------------------------
Detecting unused logic.
----------------------------------------------------------
    User names
	\I2S_1:bI2S:dyn_data_width_1\
	\I2S_1:bI2S:dyn_data_width_0\
	\I2S_1:bI2S:tx_lch_active\
	\I2S_1:bI2S:tx_rch_active\
	\I2S_1:bI2S:tx_stereo_data\
	\I2S_1:bI2S:rx_stereo_data\
	\I2S_1:bI2S:tx_lch_load_3\
	\I2S_1:bI2S:tx_lch_load_2\
	\I2S_1:bI2S:tx_lch_load_1\
	\I2S_1:bI2S:tx_lch_load_0\
	\I2S_1:bI2S:tx_rch_load_3\
	\I2S_1:bI2S:tx_rch_load_2\
	\I2S_1:bI2S:tx_rch_load_1\
	\I2S_1:bI2S:tx_rch_load_0\
	\I2S_1:bI2S:data_trunc\
	Net_43
	\I2S_1:rx_drq0_0\
	\I2S_1:rx_drq1_0\
	\I2S_1:rx_line_4\
	\I2S_1:rx_line_3\
	\I2S_1:rx_line_2\
	\I2S_1:rx_line_1\
	\I2S_1:sdo_4\
	\I2S_1:sdo_3\
	\I2S_1:sdo_2\
	\I2S_1:sdo_1\
	Net_60_0
	\I2S_1:rx_dma0_4\
	\I2S_1:rx_dma0_3\
	\I2S_1:rx_dma0_2\
	\I2S_1:rx_dma0_1\
	Net_123_0
	\I2S_1:rx_dma1_4\
	\I2S_1:rx_dma1_3\
	\I2S_1:rx_dma1_2\
	\I2S_1:rx_dma1_1\
	Net_41_0
	\I2S_1:tx_dma0_4\
	\I2S_1:tx_dma0_3\
	\I2S_1:tx_dma0_2\
	\I2S_1:tx_dma0_1\
	Net_59_0
	\I2S_1:tx_dma1_4\
	\I2S_1:tx_dma1_3\
	\I2S_1:tx_dma1_2\
	\I2S_1:tx_dma1_1\
	Net_42_0
	\I2S_1:clip_4\
	\I2S_1:clip_3\
	\I2S_1:clip_2\
	\I2S_1:clip_1\
	Net_45_0


Deleted 52 User equations/components.
Deleted 0 Synthesized equations/components.

------------------------------------------------------
Alias Detection
------------------------------------------------------
Aliasing \I2S_1:bI2S:rx_lch_active\ to one
Aliasing \I2S_1:bI2S:rx_rch_active\ to zero
Aliasing \I2S_1:bI2S:data_width_8\ to one
Aliasing \I2S_1:bI2S:data_width_16\ to one
Aliasing \I2S_1:bI2S:data_width_24\ to one
Aliasing \I2S_1:bI2S:data_width_32\ to zero
Aliasing \I2S_1:bI2S:Rx:STS[0]:status_2\ to zero
Aliasing \I2S_1:bI2S:Rx:STS[0]:status_5\ to zero
Aliasing \I2S_1:bI2S:Rx:STS[0]:status_4\ to zero
Aliasing \I2S_1:bI2S:Rx:STS[0]:status_3\ to zero
Aliasing \LCD:tmpOE__LCDPort_net_6\ to one
Aliasing \LCD:tmpOE__LCDPort_net_5\ to one
Aliasing \LCD:tmpOE__LCDPort_net_4\ to one
Aliasing \LCD:tmpOE__LCDPort_net_3\ to one
Aliasing \LCD:tmpOE__LCDPort_net_2\ to one
Aliasing \LCD:tmpOE__LCDPort_net_1\ to one
Aliasing \LCD:tmpOE__LCDPort_net_0\ to one
Aliasing tmpOE__SCK_net_0 to one
Aliasing tmpOE__WS_net_0 to one
Aliasing tmpOE__SDI_net_0 to one
Aliasing \VDAC8_1:Net_83\ to zero
Aliasing \VDAC8_1:Net_81\ to zero
Aliasing \VDAC8_1:Net_82\ to zero
Aliasing tmpOE__Pin_1_net_0 to one
Aliasing \I2S_1:bI2S:rx_f1_load\\D\ to zero
Removing Lhs of wire \I2S_1:bI2S:ctrl_2\[14] = \I2S_1:bI2S:ctrl_reg_out_2\[11]
Removing Lhs of wire \I2S_1:bI2S:enable\[17] = \I2S_1:bI2S:ctrl_reg_out_2\[11]
Removing Rhs of wire Net_168[28] = \I2S_1:bI2S:count_0\[26]
Removing Rhs of wire Net_167[29] = \I2S_1:bI2S:channel\[27]
Removing Lhs of wire \I2S_1:bI2S:rx_lch_active\[33] = one[2]
Removing Lhs of wire \I2S_1:bI2S:rx_rch_active\[34] = zero[5]
Removing Lhs of wire \I2S_1:bI2S:data_width_8\[36] = one[2]
Removing Lhs of wire \I2S_1:bI2S:data_width_16\[37] = one[2]
Removing Lhs of wire \I2S_1:bI2S:data_width_24\[38] = one[2]
Removing Lhs of wire \I2S_1:bI2S:data_width_32\[39] = zero[5]
Removing Lhs of wire \I2S_1:bI2S:rx_lch_load_2\[49] = one[2]
Removing Lhs of wire \I2S_1:bI2S:rx_lch_load_1\[50] = one[2]
Removing Lhs of wire \I2S_1:bI2S:rx_lch_load_0\[51] = one[2]
Removing Lhs of wire \I2S_1:bI2S:rx_rch_load_3\[52] = zero[5]
Removing Lhs of wire \I2S_1:bI2S:ctrl_1\[57] = \I2S_1:bI2S:ctrl_reg_out_1\[12]
Removing Lhs of wire \I2S_1:bI2S:Rx:STS[0]:status_0\[66] = \I2S_1:bI2S:rx_overflow_0\[64]
Removing Lhs of wire \I2S_1:bI2S:Rx:STS[0]:status_1\[67] = \I2S_1:bI2S:rx_f0_n_empty_0\[68]
Removing Lhs of wire \I2S_1:bI2S:Rx:STS[0]:status_2\[69] = zero[5]
Removing Lhs of wire \I2S_1:bI2S:Rx:STS[0]:status_5\[70] = zero[5]
Removing Lhs of wire \I2S_1:bI2S:Rx:STS[0]:status_4\[71] = zero[5]
Removing Lhs of wire \I2S_1:bI2S:Rx:STS[0]:status_3\[72] = zero[5]
Removing Lhs of wire \I2S_1:rx_line_0\[82] = Net_54[117]
Removing Lhs of wire \LCD:tmpOE__LCDPort_net_6\[178] = one[2]
Removing Lhs of wire \LCD:tmpOE__LCDPort_net_5\[179] = one[2]
Removing Lhs of wire \LCD:tmpOE__LCDPort_net_4\[180] = one[2]
Removing Lhs of wire \LCD:tmpOE__LCDPort_net_3\[181] = one[2]
Removing Lhs of wire \LCD:tmpOE__LCDPort_net_2\[182] = one[2]
Removing Lhs of wire \LCD:tmpOE__LCDPort_net_1\[183] = one[2]
Removing Lhs of wire \LCD:tmpOE__LCDPort_net_0\[184] = one[2]
Removing Lhs of wire tmpOE__SCK_net_0[202] = one[2]
Removing Lhs of wire tmpOE__WS_net_0[208] = one[2]
Removing Lhs of wire tmpOE__SDI_net_0[214] = one[2]
Removing Lhs of wire \VDAC8_1:Net_83\[219] = zero[5]
Removing Lhs of wire \VDAC8_1:Net_81\[220] = zero[5]
Removing Lhs of wire \VDAC8_1:Net_82\[221] = zero[5]
Removing Lhs of wire tmpOE__Pin_1_net_0[226] = one[2]
Removing Lhs of wire \I2S_1:bI2S:rx_f1_load\\D\[237] = zero[5]
Removing Lhs of wire \I2S_1:bI2S:rx_int_reg\\D\[240] = \I2S_1:bI2S:rx_int_out_0\[74]

------------------------------------------------------
Aliased 0 equations, 38 wires.
------------------------------------------------------

----------------------------------------------------------
Circuit simplification
----------------------------------------------------------

Substituting virtuals - pass 1:

Note:  Expanding virtual equation for 'one' (cost = 0):
one <=  ('1') ;

Note:  Expanding virtual equation for 'zero' (cost = 0):
zero <=  ('0') ;

Note:  Expanding virtual equation for '\I2S_1:bI2S:rx_lch_load_3\' (cost = 0):
\I2S_1:bI2S:rx_lch_load_3\ <=  ('0') ;

Note:  Expanding virtual equation for '\I2S_1:bI2S:rx_rch_load_2\' (cost = 0):
\I2S_1:bI2S:rx_rch_load_2\ <=  ('0') ;

Note:  Expanding virtual equation for '\I2S_1:bI2S:rx_rch_load_1\' (cost = 0):
\I2S_1:bI2S:rx_rch_load_1\ <=  ('0') ;

Note:  Expanding virtual equation for '\I2S_1:bI2S:rx_rch_load_0\' (cost = 0):
\I2S_1:bI2S:rx_rch_load_0\ <=  ('0') ;

Note:  Expanding virtual equation for '\I2S_1:bI2S:rx_overflow_0\' (cost = 1):
\I2S_1:bI2S:rx_overflow_0\ <= ((\I2S_1:bI2S:rx_f0_load\ and \I2S_1:bI2S:rx_f0_full_0\));


Substituting virtuals - pass 2:


----------------------------------------------------------
Circuit simplification results:

	Expanded 7 signals.
	Turned 0 signals into soft nodes.
	Maximum default expansion cost was set at 3.
----------------------------------------------------------

------------------------------------------------------
Alias Detection
------------------------------------------------------

------------------------------------------------------
Aliased 0 equations, 0 wires.
------------------------------------------------------

Last attempt to remove unused logic - pass 1:


Last attempt to remove unused logic - pass 2:


topld:  No errors.

CYPRESS_DIR    : C:\Program Files (x86)\Cypress\PSoC Creator\4.2\PSoC Creator\warp
Warp Program   : C:\Program Files (x86)\Cypress\PSoC Creator\4.2\PSoC Creator\warp\bin\warp.exe
Warp Arguments : -yv2 -q10 -ygs -o2 -v3 -.fftcfgtype=LE -ya -.fftprj=C:\Users\calmc\Desktop\InterIcSound01\InterIcSound01.cydsn\InterIcSound01.cyprj -dcpsoc3 InterIcSound01.v -verilog
</CYPRESSTAG>
Warp synthesis phase: Elapsed time ==> 1s.024ms
<CYPRESSTAG name="Fitter results...">
<CYPRESSTAG name="Fitter startup details...">
cyp3fit: V4.2.0.641, Family: PSoC3, Started at: Saturday, 04 May 2019 15:50:36
Options: -yv2 -q10 -ygs -o2 -v3 -.fftcfgtype=LE -ya -.fftprj=C:\Users\calmc\Desktop\InterIcSound01\InterIcSound01.cydsn\InterIcSound01.cyprj -d CY8C5868AXI-LP035 InterIcSound01.v -verilog
</CYPRESSTAG>
<CYPRESSTAG name="Design parsing">
Design parsing phase: Elapsed time ==> 0s.015ms
</CYPRESSTAG>
<CYPRESSTAG name="Tech Mapping">
<CYPRESSTAG name="Initial Mapping" icon="FILE_RPT_TECHM">
    Converted constant MacroCell: \I2S_1:bI2S:rx_f1_load\ from registered to combinatorial
<CYPRESSTAG name="Global Clock Selection" icon="FILE_RPT_TECHM">
    Digital Clock 0: Automatic-assigning  clock 'clock'. Fanout=1, Signal=Net_164
</CYPRESSTAG>

Removing unused cells resulting from optimization
Done removing unused cells.
<CYPRESSTAG name="UDB Clock/Enable Remapping Results">
    UDB Clk/Enable \I2S_1:bI2S:ClkSync\: with output requested to be synchronous
        ClockIn: clock was determined to be a global clock that is synchronous to BUS_CLK
        EnableIn: Constant 1 was determined to be synchronous to ClockIn
        ClockOut: clock, EnableOut: Constant 1
</CYPRESSTAG>

Removing unused cells resulting from optimization
Done removing unused cells.
<CYPRESSTAG name="Duplicate Macrocell detection">
</CYPRESSTAG>
</CYPRESSTAG>
<CYPRESSTAG name="Duplicate Macrocell detection">
</CYPRESSTAG>
<CYPRESSTAG name="Design Equations" icon="FILE_RPT_EQUATION">

------------------------------------------------------------
Design Equations
------------------------------------------------------------
    <CYPRESSTAG name="Pin listing">

    ------------------------------------------------------------
    Pin listing
    ------------------------------------------------------------

    Pin : Name = \LCD:LCDPort(0)\
        Attributes:
            In Group/Port: True
            In Sync Option: AUTO
            Out Sync Option: NOSYNC
            Interrupt generated: False
            Interrupt mode: NONE
            Drive mode: CMOS_OUT
            VTrip: EITHER
            Slew: FAST
            Input Sync needed: False
            Output Sync needed: False
            SC shield enabled: False
            POR State: ANY
            LCD Mode: COMMON
            Register Mode: RegComb
            CaSense Mode: NEITHER
            Treat as pin: False
            Is OE Registered: False
            Uses Analog: False
            Can contain Digital: True
            Is SIO: False
            SIO Output Buf: NONREGULATED
            SIO Input Buf: SINGLE_ENDED
            SIO HiFreq: LOW
            SIO Hyst: DISABLED
            SIO Vtrip: MULTIPLIER_0_5
            SIO Multiplier Index: 0
            SIO RefSel: VCC_IO
            Required Capabilities: DIGITAL
            Initial Value: 0
            IO Voltage: 0
        PORT MAP (
            pa_out => \LCD:LCDPort(0)\__PA ,
            pad => \LCD:LCDPort(0)_PAD\ );
        Properties:
        {
        }

    Pin : Name = \LCD:LCDPort(1)\
        Attributes:
            In Group/Port: True
            In Sync Option: AUTO
            Out Sync Option: NOSYNC
            Interrupt generated: False
            Interrupt mode: NONE
            Drive mode: CMOS_OUT
            VTrip: EITHER
            Slew: FAST
            Input Sync needed: False
            Output Sync needed: False
            SC shield enabled: False
            POR State: ANY
            LCD Mode: COMMON
            Register Mode: RegComb
            CaSense Mode: NEITHER
            Treat as pin: False
            Is OE Registered: False
            Uses Analog: False
            Can contain Digital: True
            Is SIO: False
            SIO Output Buf: NONREGULATED
            SIO Input Buf: SINGLE_ENDED
            SIO HiFreq: LOW
            SIO Hyst: DISABLED
            SIO Vtrip: MULTIPLIER_0_5
            SIO Multiplier Index: 0
            SIO RefSel: VCC_IO
            Required Capabilities: DIGITAL
            Initial Value: 0
            IO Voltage: 0
        PORT MAP (
            pa_out => \LCD:LCDPort(1)\__PA ,
            pad => \LCD:LCDPort(1)_PAD\ );
        Properties:
        {
        }

    Pin : Name = \LCD:LCDPort(2)\
        Attributes:
            In Group/Port: True
            In Sync Option: AUTO
            Out Sync Option: NOSYNC
            Interrupt generated: False
            Interrupt mode: NONE
            Drive mode: CMOS_OUT
            VTrip: EITHER
            Slew: FAST
            Input Sync needed: False
            Output Sync needed: False
            SC shield enabled: False
            POR State: ANY
            LCD Mode: COMMON
            Register Mode: RegComb
            CaSense Mode: NEITHER
            Treat as pin: False
            Is OE Registered: False
            Uses Analog: False
            Can contain Digital: True
            Is SIO: False
            SIO Output Buf: NONREGULATED
            SIO Input Buf: SINGLE_ENDED
            SIO HiFreq: LOW
            SIO Hyst: DISABLED
            SIO Vtrip: MULTIPLIER_0_5
            SIO Multiplier Index: 0
            SIO RefSel: VCC_IO
            Required Capabilities: DIGITAL
            Initial Value: 0
            IO Voltage: 0
        PORT MAP (
            pa_out => \LCD:LCDPort(2)\__PA ,
            pad => \LCD:LCDPort(2)_PAD\ );
        Properties:
        {
        }

    Pin : Name = \LCD:LCDPort(3)\
        Attributes:
            In Group/Port: True
            In Sync Option: AUTO
            Out Sync Option: NOSYNC
            Interrupt generated: False
            Interrupt mode: NONE
            Drive mode: CMOS_OUT
            VTrip: EITHER
            Slew: FAST
            Input Sync needed: False
            Output Sync needed: False
            SC shield enabled: False
            POR State: ANY
            LCD Mode: COMMON
            Register Mode: RegComb
            CaSense Mode: NEITHER
            Treat as pin: False
            Is OE Registered: False
            Uses Analog: False
            Can contain Digital: True
            Is SIO: False
            SIO Output Buf: NONREGULATED
            SIO Input Buf: SINGLE_ENDED
            SIO HiFreq: LOW
            SIO Hyst: DISABLED
            SIO Vtrip: MULTIPLIER_0_5
            SIO Multiplier Index: 0
            SIO RefSel: VCC_IO
            Required Capabilities: DIGITAL
            Initial Value: 0
            IO Voltage: 0
        PORT MAP (
            pa_out => \LCD:LCDPort(3)\__PA ,
            pad => \LCD:LCDPort(3)_PAD\ );
        Properties:
        {
        }

    Pin : Name = \LCD:LCDPort(4)\
        Attributes:
            In Group/Port: True
            In Sync Option: AUTO
            Out Sync Option: NOSYNC
            Interrupt generated: False
            Interrupt mode: NONE
            Drive mode: CMOS_OUT
            VTrip: EITHER
            Slew: FAST
            Input Sync needed: False
            Output Sync needed: False
            SC shield enabled: False
            POR State: ANY
            LCD Mode: COMMON
            Register Mode: RegComb
            CaSense Mode: NEITHER
            Treat as pin: False
            Is OE Registered: False
            Uses Analog: False
            Can contain Digital: True
            Is SIO: False
            SIO Output Buf: NONREGULATED
            SIO Input Buf: SINGLE_ENDED
            SIO HiFreq: LOW
            SIO Hyst: DISABLED
            SIO Vtrip: MULTIPLIER_0_5
            SIO Multiplier Index: 0
            SIO RefSel: VCC_IO
            Required Capabilities: DIGITAL
            Initial Value: 0
            IO Voltage: 0
        PORT MAP (
            pa_out => \LCD:LCDPort(4)\__PA ,
            pad => \LCD:LCDPort(4)_PAD\ );
        Properties:
        {
        }

    Pin : Name = \LCD:LCDPort(5)\
        Attributes:
            In Group/Port: True
            In Sync Option: AUTO
            Out Sync Option: NOSYNC
            Interrupt generated: False
            Interrupt mode: NONE
            Drive mode: CMOS_OUT
            VTrip: EITHER
            Slew: FAST
            Input Sync needed: False
            Output Sync needed: False
            SC shield enabled: False
            POR State: ANY
            LCD Mode: COMMON
            Register Mode: RegComb
            CaSense Mode: NEITHER
            Treat as pin: False
            Is OE Registered: False
            Uses Analog: False
            Can contain Digital: True
            Is SIO: False
            SIO Output Buf: NONREGULATED
            SIO Input Buf: SINGLE_ENDED
            SIO HiFreq: LOW
            SIO Hyst: DISABLED
            SIO Vtrip: MULTIPLIER_0_5
            SIO Multiplier Index: 0
            SIO RefSel: VCC_IO
            Required Capabilities: DIGITAL
            Initial Value: 0
            IO Voltage: 0
        PORT MAP (
            pa_out => \LCD:LCDPort(5)\__PA ,
            pad => \LCD:LCDPort(5)_PAD\ );
        Properties:
        {
        }

    Pin : Name = \LCD:LCDPort(6)\
        Attributes:
            In Group/Port: True
            In Sync Option: AUTO
            Out Sync Option: NOSYNC
            Interrupt generated: False
            Interrupt mode: NONE
            Drive mode: CMOS_OUT
            VTrip: EITHER
            Slew: FAST
            Input Sync needed: False
            Output Sync needed: False
            SC shield enabled: False
            POR State: ANY
            LCD Mode: COMMON
            Register Mode: RegComb
            CaSense Mode: NEITHER
            Treat as pin: False
            Is OE Registered: False
            Uses Analog: False
            Can contain Digital: True
            Is SIO: False
            SIO Output Buf: NONREGULATED
            SIO Input Buf: SINGLE_ENDED
            SIO HiFreq: LOW
            SIO Hyst: DISABLED
            SIO Vtrip: MULTIPLIER_0_5
            SIO Multiplier Index: 0
            SIO RefSel: VCC_IO
            Required Capabilities: DIGITAL
            Initial Value: 0
            IO Voltage: 0
        PORT MAP (
            pa_out => \LCD:LCDPort(6)\__PA ,
            pad => \LCD:LCDPort(6)_PAD\ );
        Properties:
        {
        }

    Pin : Name = SCK(0)
        Attributes:
            In Group/Port: True
            In Sync Option: AUTO
            Out Sync Option: NOSYNC
            Interrupt generated: False
            Interrupt mode: NONE
            Drive mode: CMOS_OUT
            VTrip: EITHER
            Slew: FAST
            Input Sync needed: False
            Output Sync needed: False
            SC shield enabled: False
            POR State: ANY
            LCD Mode: COMMON
            Register Mode: RegComb
            CaSense Mode: NEITHER
            Treat as pin: True
            Is OE Registered: False
            Uses Analog: False
            Can contain Digital: True
            Is SIO: False
            SIO Output Buf: NONREGULATED
            SIO Input Buf: SINGLE_ENDED
            SIO HiFreq: LOW
            SIO Hyst: DISABLED
            SIO Vtrip: MULTIPLIER_0_5
            SIO Multiplier Index: 0
            SIO RefSel: VCC_IO
            Required Capabilities: DIGITAL, ROUTABLE
            Initial Value: 0
            IO Voltage: 0
        PORT MAP (
            pa_out => SCK(0)__PA ,
            pin_input => Net_168 ,
            pad => SCK(0)_PAD );
        Properties:
        {
        }

    Pin : Name = WS(0)
        Attributes:
            In Group/Port: True
            In Sync Option: AUTO
            Out Sync Option: NOSYNC
            Interrupt generated: False
            Interrupt mode: NONE
            Drive mode: CMOS_OUT
            VTrip: EITHER
            Slew: FAST
            Input Sync needed: False
            Output Sync needed: False
            SC shield enabled: False
            POR State: ANY
            LCD Mode: COMMON
            Register Mode: RegComb
            CaSense Mode: NEITHER
            Treat as pin: True
            Is OE Registered: False
            Uses Analog: False
            Can contain Digital: True
            Is SIO: False
            SIO Output Buf: NONREGULATED
            SIO Input Buf: SINGLE_ENDED
            SIO HiFreq: LOW
            SIO Hyst: DISABLED
            SIO Vtrip: MULTIPLIER_0_5
            SIO Multiplier Index: 0
            SIO RefSel: VCC_IO
            Required Capabilities: DIGITAL, ROUTABLE
            Initial Value: 0
            IO Voltage: 0
        PORT MAP (
            pa_out => WS(0)__PA ,
            pin_input => Net_167 ,
            pad => WS(0)_PAD );
        Properties:
        {
        }

    Pin : Name = SDI(0)
        Attributes:
            In Group/Port: True
            In Sync Option: NOSYNC
            Out Sync Option: AUTO
            Interrupt generated: False
            Interrupt mode: NONE
            Drive mode: HI_Z_DIGITAL
            VTrip: CMOS
            Slew: FAST
            Input Sync needed: False
            Output Sync needed: False
            SC shield enabled: False
            POR State: ANY
            LCD Mode: COMMON
            Register Mode: RegComb
            CaSense Mode: NEITHER
            Treat as pin: True
            Is OE Registered: False
            Uses Analog: False
            Can contain Digital: True
            Is SIO: False
            SIO Output Buf: NONREGULATED
            SIO Input Buf: SINGLE_ENDED
            SIO HiFreq: LOW
            SIO Hyst: DISABLED
            SIO Vtrip: MULTIPLIER_0_5
            SIO Multiplier Index: 0
            SIO RefSel: VCC_IO
            Required Capabilities: DIGITAL, ROUTABLE
            Initial Value: 0
            IO Voltage: 0
        PORT MAP (
            pa_out => SDI(0)__PA ,
            fb => Net_54 ,
            pad => SDI(0)_PAD );
        Properties:
        {
        }

    Pin : Name = Pin_1(0)
        Attributes:
            In Group/Port: True
            In Sync Option: AUTO
            Out Sync Option: AUTO
            Interrupt generated: False
            Interrupt mode: NONE
            Drive mode: HI_Z_ANALOG
            VTrip: EITHER
            Slew: FAST
            Input Sync needed: False
            Output Sync needed: False
            SC shield enabled: False
            POR State: ANY
            LCD Mode: COMMON
            Register Mode: RegComb
            CaSense Mode: NEITHER
            Treat as pin: True
            Is OE Registered: False
            Uses Analog: True
            Can contain Digital: False
            Is SIO: False
            SIO Output Buf: NONREGULATED
            SIO Input Buf: SINGLE_ENDED
            SIO HiFreq: LOW
            SIO Hyst: DISABLED
            SIO Vtrip: MULTIPLIER_0_5
            SIO Multiplier Index: 0
            SIO RefSel: VCC_IO
            Required Capabilities: ANALOG
            Initial Value: 0
            IO Voltage: 0
        PORT MAP (
            pa_out => Pin_1(0)__PA ,
            analog_term => Net_65 ,
            pad => Pin_1(0)_PAD );
        Properties:
        {
        }
    </CYPRESSTAG>
    <CYPRESSTAG name="Macrocell listing" icon="FILE_RPT_EQUATION">

    ------------------------------------------------------------
    Macrocell listing
    ------------------------------------------------------------

    MacroCell: Name=\I2S_1:bI2S:rx_overflow_0\, Mode=(Combinatorial)
        Total # of inputs        : 2
        Total # of product terms : 1
            Clock Enable: True
        Main Equation            : 1 pterm
        (
              \I2S_1:bI2S:rx_f0_load\ * \I2S_1:bI2S:rx_f0_full_0\
        );
        Output = \I2S_1:bI2S:rx_overflow_0\ (fanout=1)

    MacroCell: Name=\I2S_1:bI2S:reset\, Mode=(D-Register)
        Total # of inputs        : 1
        Total # of product terms : 1
        List of special equations: 
            Clock  = (Net_164) => Global
            Clock Enable: True
        Main Equation            : 1 pterm
        (
              !\I2S_1:bI2S:ctrl_reg_out_2\
        );
        Output = \I2S_1:bI2S:reset\ (fanout=1)

    MacroCell: Name=Net_167, Mode=(D-Register)
        Total # of inputs        : 2
        Total # of product terms : 1
        List of special equations: 
            Clock  = (Net_164) => Global
            Clock Enable: True
        Main Equation            : 1 pterm
        (
              !\I2S_1:bI2S:reset\ * !\I2S_1:bI2S:count_6\
        );
        Output = Net_167 (fanout=1)

    MacroCell: Name=\I2S_1:bI2S:rx_f0_load\, Mode=(D-Register)
        Total # of inputs        : 3
        Total # of product terms : 2
        List of special equations: 
            Clock  = (Net_164) => Global
            Clock Enable: True
        Main Equation            : 2 pterms
        (
              \I2S_1:bI2S:rx_state_2\ * !\I2S_1:bI2S:rx_state_1\ * 
              \I2S_1:bI2S:rx_state_0\
            + \I2S_1:bI2S:rx_state_1\ * !\I2S_1:bI2S:rx_state_0\
        );
        Output = \I2S_1:bI2S:rx_f0_load\ (fanout=3)

    MacroCell: Name=\I2S_1:bI2S:rx_state_2\, Mode=(D-Register)
        Total # of inputs        : 4
        Total # of product terms : 1
        List of special equations: 
            Clock  = (Net_164) => Global
            Clock Enable: True
        Main Equation            : 1 pterm
        (
              \I2S_1:bI2S:rx_state_2\ * !\I2S_1:bI2S:rx_state_1\ * 
              \I2S_1:bI2S:rx_state_0\ * \I2S_1:bI2S:rxenable\
        );
        Output = \I2S_1:bI2S:rx_state_2\ (fanout=5)

    MacroCell: Name=\I2S_1:bI2S:rx_state_1\, Mode=(D-Register)
        Total # of inputs        : 10
        Total # of product terms : 3
        List of special equations: 
            Clock  = (Net_164) => Global
            Clock Enable: True
        Main Equation            : 3 pterms
        (
              \I2S_1:bI2S:count_6\ * !\I2S_1:bI2S:count_5\ * 
              \I2S_1:bI2S:count_3\ * \I2S_1:bI2S:count_2\ * 
              !\I2S_1:bI2S:count_1\ * !\I2S_1:bI2S:rx_state_2\ * 
              !\I2S_1:bI2S:rx_state_1\ * !\I2S_1:bI2S:rx_state_0\ * 
              \I2S_1:bI2S:rxenable\
            + \I2S_1:bI2S:count_6\ * !\I2S_1:bI2S:count_4\ * 
              \I2S_1:bI2S:count_3\ * \I2S_1:bI2S:count_2\ * 
              !\I2S_1:bI2S:count_1\ * !\I2S_1:bI2S:rx_state_2\ * 
              !\I2S_1:bI2S:rx_state_1\ * !\I2S_1:bI2S:rx_state_0\ * 
              \I2S_1:bI2S:rxenable\
            + \I2S_1:bI2S:rx_state_2\ * !\I2S_1:bI2S:rx_state_1\ * 
              \I2S_1:bI2S:rx_state_0\ * \I2S_1:bI2S:rxenable\
        );
        Output = \I2S_1:bI2S:rx_state_1\ (fanout=5)

    MacroCell: Name=\I2S_1:bI2S:rx_state_0\, Mode=(D-Register)
        Total # of inputs        : 10
        Total # of product terms : 5
        List of special equations: 
            Clock  = (Net_164) => Global
            Clock Enable: True
        Main Equation            : 5 pterms
        !(
              \I2S_1:bI2S:count_6\ * !\I2S_1:bI2S:count_5\ * 
              \I2S_1:bI2S:count_3\ * \I2S_1:bI2S:count_2\ * 
              !\I2S_1:bI2S:count_1\ * !\I2S_1:bI2S:rx_state_2\ * 
              \I2S_1:bI2S:rxenable\
            + \I2S_1:bI2S:count_6\ * !\I2S_1:bI2S:count_4\ * 
              \I2S_1:bI2S:count_3\ * \I2S_1:bI2S:count_2\ * 
              !\I2S_1:bI2S:count_1\ * !\I2S_1:bI2S:rx_state_2\ * 
              \I2S_1:bI2S:rxenable\
            + !\I2S_1:bI2S:rx_state_2\ * \I2S_1:bI2S:rx_state_1\ * 
              \I2S_1:bI2S:rxenable\
            + \I2S_1:bI2S:rx_state_2\ * !\I2S_1:bI2S:rx_state_1\ * 
              \I2S_1:bI2S:rxenable\
            + \I2S_1:bI2S:rx_state_0\ * \I2S_1:bI2S:rxenable\
        );
        Output = \I2S_1:bI2S:rx_state_0\ (fanout=5)

    MacroCell: Name=\I2S_1:bI2S:rx_overflow_sticky\, Mode=(D-Register)
        Total # of inputs        : 4
        Total # of product terms : 2
        List of special equations: 
            Clock  = (Net_164) => Global
            Clock Enable: True
        Main Equation            : 2 pterms
        (
              \I2S_1:bI2S:ctrl_reg_out_1\ * \I2S_1:bI2S:rx_f0_load\ * 
              \I2S_1:bI2S:rx_f0_full_0\
            + \I2S_1:bI2S:ctrl_reg_out_1\ * \I2S_1:bI2S:rx_overflow_sticky\
        );
        Output = \I2S_1:bI2S:rx_overflow_sticky\ (fanout=2)

    MacroCell: Name=\I2S_1:bI2S:rxenable\, Mode=(D-Register)
        Total # of inputs        : 11
        Total # of product terms : 8
        List of special equations: 
            Clock  = (Net_164) => Global
            Clock Enable: True
        Main Equation            : 8 pterms
        (
              \I2S_1:bI2S:ctrl_reg_out_2\ * !\I2S_1:bI2S:count_6\ * 
              !\I2S_1:bI2S:rx_overflow_sticky\ * \I2S_1:bI2S:rxenable\
            + \I2S_1:bI2S:ctrl_reg_out_2\ * !\I2S_1:bI2S:count_5\ * 
              !\I2S_1:bI2S:rx_overflow_sticky\ * \I2S_1:bI2S:rxenable\
            + \I2S_1:bI2S:ctrl_reg_out_2\ * !\I2S_1:bI2S:count_4\ * 
              !\I2S_1:bI2S:rx_overflow_sticky\ * \I2S_1:bI2S:rxenable\
            + \I2S_1:bI2S:ctrl_reg_out_2\ * !\I2S_1:bI2S:count_3\ * 
              !\I2S_1:bI2S:rx_overflow_sticky\ * \I2S_1:bI2S:rxenable\
            + \I2S_1:bI2S:ctrl_reg_out_2\ * !\I2S_1:bI2S:count_2\ * 
              !\I2S_1:bI2S:rx_overflow_sticky\ * \I2S_1:bI2S:rxenable\
            + \I2S_1:bI2S:ctrl_reg_out_2\ * \I2S_1:bI2S:count_1\ * 
              !\I2S_1:bI2S:rx_overflow_sticky\ * \I2S_1:bI2S:rxenable\
            + \I2S_1:bI2S:ctrl_reg_out_1\ * \I2S_1:bI2S:count_6\ * 
              \I2S_1:bI2S:count_5\ * \I2S_1:bI2S:count_4\ * 
              \I2S_1:bI2S:count_3\ * \I2S_1:bI2S:count_2\ * 
              !\I2S_1:bI2S:count_1\ * Net_168 * 
              !\I2S_1:bI2S:rx_overflow_sticky\
            + \I2S_1:bI2S:count_6\ * \I2S_1:bI2S:count_5\ * 
              \I2S_1:bI2S:count_4\ * \I2S_1:bI2S:count_3\ * 
              \I2S_1:bI2S:count_2\ * !\I2S_1:bI2S:count_1\ * !Net_168 * 
              !\I2S_1:bI2S:rx_overflow_sticky\ * \I2S_1:bI2S:rxenable\
        );
        Output = \I2S_1:bI2S:rxenable\ (fanout=4)

    MacroCell: Name=\I2S_1:bI2S:rx_data_in_0\, Mode=(D-Register)
        Total # of inputs        : 3
        Total # of product terms : 2
        List of special equations: 
            Clock  = (Net_164) => Global
            Clock Enable: True
        Main Equation            : 2 pterms
        (
              !Net_168 * Net_54
            + Net_168 * \I2S_1:bI2S:rx_data_in_0\
        );
        Output = \I2S_1:bI2S:rx_data_in_0\ (fanout=2)
    </CYPRESSTAG>
    <CYPRESSTAG name="Datapath listing">

    ------------------------------------------------------------
    Datapath listing
    ------------------------------------------------------------

    datapathcell: Name =\I2S_1:bI2S:Rx:CH[0]:dpRx:u0\
        PORT MAP (
            clock => Net_164 ,
            cs_addr_2 => \I2S_1:bI2S:rx_state_2\ ,
            cs_addr_1 => \I2S_1:bI2S:rx_state_1\ ,
            cs_addr_0 => \I2S_1:bI2S:rx_state_0\ ,
            route_si => \I2S_1:bI2S:rx_data_in_0\ ,
            f0_load => \I2S_1:bI2S:rx_f0_load\ ,
            f0_bus_stat_comb => \I2S_1:bI2S:rx_f0_n_empty_0\ ,
            f0_blk_stat_comb => \I2S_1:bI2S:rx_f0_full_0\ );
        Properties:
        {
            a0_init = "00000000"
            a1_init = "00000000"
            ce0_sync = 1
            ce1_sync = 1
            cl0_sync = 1
            cl1_sync = 1
            cmsb_sync = 1
            co_msb_sync = 1
            cy_dpconfig = "0000000000000000000000010100000000000001010000000000000101010000000000010100000000010000011100000001000001000000000000000000000011111111000000001111111111111111001000000000001000000101000000000000000000000100"
            d0_init = "00000000"
            d1_init = "00000000"
            f0_blk_sync = 1
            f0_bus_sync = 1
            f1_blk_sync = 1
            f1_bus_sync = 1
            ff0_sync = 1
            ff1_sync = 1
            ov_msb_sync = 1
            so_sync = 1
            z0_sync = 1
            z1_sync = 1
        }
        Clock Polarity: Active High
        Clock Enable: True
    </CYPRESSTAG>
    <CYPRESSTAG name="Status register listing">
    </CYPRESSTAG>
    <CYPRESSTAG name="StatusI register listing">

    ------------------------------------------------------------
    StatusI register listing
    ------------------------------------------------------------

    statusicell: Name =\I2S_1:bI2S:Rx:STS[0]:Sts\
        PORT MAP (
            clock => Net_164 ,
            status_1 => \I2S_1:bI2S:rx_f0_n_empty_0\ ,
            status_0 => \I2S_1:bI2S:rx_overflow_0\ ,
            interrupt => \I2S_1:bI2S:rx_int_out_0\ );
        Properties:
        {
            cy_force_order = 1
            cy_int_mask = "0000000"
            cy_md_select = "0000001"
        }
        Clock Polarity: Active High
        Clock Enable: True
    </CYPRESSTAG>
    <CYPRESSTAG name="Sync listing">
    </CYPRESSTAG>
    <CYPRESSTAG name="Control register listing">

    ------------------------------------------------------------
    Control register listing
    ------------------------------------------------------------

    controlcell: Name =\I2S_1:bI2S:CtlReg\
        PORT MAP (
            clock => Net_164 ,
            control_7 => \I2S_1:bI2S:ctrl_reg_out_7\ ,
            control_6 => \I2S_1:bI2S:ctrl_reg_out_6\ ,
            control_5 => \I2S_1:bI2S:ctrl_reg_out_5\ ,
            control_4 => \I2S_1:bI2S:ctrl_reg_out_4\ ,
            control_3 => \I2S_1:bI2S:ctrl_reg_out_3\ ,
            control_2 => \I2S_1:bI2S:ctrl_reg_out_2\ ,
            control_1 => \I2S_1:bI2S:ctrl_reg_out_1\ ,
            control_0 => \I2S_1:bI2S:ctrl_reg_out_0\ );
        Properties:
        {
            cy_ctrl_mode_0 = "00011111"
            cy_ctrl_mode_1 = "00000000"
            cy_ext_reset = 0
            cy_force_order = 1
            cy_init_value = "00000000"
        }
        Clock Polarity: Active High
        Clock Enable: True
    </CYPRESSTAG>
    <CYPRESSTAG name="Count7 listing">

    ------------------------------------------------------------
    Count7 listing
    ------------------------------------------------------------

    count7cell: Name =\I2S_1:bI2S:BitCounter\
        PORT MAP (
            clock => Net_164 ,
            enable => \I2S_1:bI2S:ctrl_reg_out_2\ ,
            count_6 => \I2S_1:bI2S:count_6\ ,
            count_5 => \I2S_1:bI2S:count_5\ ,
            count_4 => \I2S_1:bI2S:count_4\ ,
            count_3 => \I2S_1:bI2S:count_3\ ,
            count_2 => \I2S_1:bI2S:count_2\ ,
            count_1 => \I2S_1:bI2S:count_1\ ,
            count_0 => Net_168 );
        Properties:
        {
            cy_alt_mode = 0
            cy_init_value = "0000000"
            cy_period = "1111111"
            cy_route_en = 1
            cy_route_ld = 0
        }
        Clock Polarity: Active High
        Clock Enable: True
    </CYPRESSTAG>
    <CYPRESSTAG name="DRQ listing">
    </CYPRESSTAG>
    <CYPRESSTAG name="Interrupt listing">
    </CYPRESSTAG>
</CYPRESSTAG>
<CYPRESSTAG name="Technology mapping summary" expanded>

------------------------------------------------------------
Technology mapping summary
------------------------------------------------------------

Resource Type                 : Used : Free :  Max :  % Used
============================================================
Digital Clocks                :    1 :    7 :    8 : 12.50 %
Analog Clocks                 :    0 :    4 :    4 :  0.00 %
CapSense Buffers              :    0 :    2 :    2 :  0.00 %
Digital Filter Block          :    0 :    1 :    1 :  0.00 %
Interrupts                    :    0 :   32 :   32 :  0.00 %
IO                            :   14 :   58 :   72 : 19.44 %
Segment LCD                   :    0 :    1 :    1 :  0.00 %
CAN 2.0b                      :    0 :    1 :    1 :  0.00 %
I2C                           :    0 :    1 :    1 :  0.00 %
USB                           :    0 :    1 :    1 :  0.00 %
DMA Channels                  :    0 :   24 :   24 :  0.00 %
Timer                         :    0 :    4 :    4 :  0.00 %
UDB                           :      :      :      :        
  Macrocells                  :   10 :  182 :  192 :  5.21 %
  Unique P-terms              :   25 :  359 :  384 :  6.51 %
  Total P-terms               :   26 :      :      :        
  Datapath Cells              :    1 :   23 :   24 :  4.17 %
  Status Cells                :    2 :   22 :   24 :  8.33 %
    StatusI Registers         :    1 :      :      :        
    Routed Count7 Load/Enable :    1 :      :      :        
  Control Cells               :    2 :   22 :   24 :  8.33 %
    Control Registers         :    1 :      :      :        
    Count7 Cells              :    1 :      :      :        
Opamp                         :    0 :    4 :    4 :  0.00 %
Comparator                    :    0 :    4 :    4 :  0.00 %
Delta-Sigma ADC               :    0 :    1 :    1 :  0.00 %
LPF                           :    0 :    2 :    2 :  0.00 %
SAR ADC                       :    0 :    2 :    2 :  0.00 %
Analog (SC/CT) Blocks         :    0 :    4 :    4 :  0.00 %
DAC                           :      :      :      :        
  VIDAC                       :    1 :    3 :    4 : 25.00 %
</CYPRESSTAG>
Technology Mapping: Elapsed time ==> 0s.171ms
Tech Mapping phase: Elapsed time ==> 0s.390ms
</CYPRESSTAG>
<CYPRESSTAG name="Analog Placement">
Initial Analog Placement Results:
IO_3@[IOP=(3)][IoId=(3)] : Pin_1(0) (fixed)
IO_0@[IOP=(3)][IoId=(0)] : SCK(0) (fixed)
IO_1@[IOP=(3)][IoId=(1)] : SDI(0) (fixed)
IO_2@[IOP=(3)][IoId=(2)] : WS(0) (fixed)
IO_0@[IOP=(2)][IoId=(0)] : \LCD:LCDPort(0)\ (fixed)
IO_1@[IOP=(2)][IoId=(1)] : \LCD:LCDPort(1)\ (fixed)
IO_2@[IOP=(2)][IoId=(2)] : \LCD:LCDPort(2)\ (fixed)
IO_3@[IOP=(2)][IoId=(3)] : \LCD:LCDPort(3)\ (fixed)
IO_4@[IOP=(2)][IoId=(4)] : \LCD:LCDPort(4)\ (fixed)
IO_5@[IOP=(2)][IoId=(5)] : \LCD:LCDPort(5)\ (fixed)
IO_6@[IOP=(2)][IoId=(6)] : \LCD:LCDPort(6)\ (fixed)
VIDAC[3]@[FFB(VIDAC,3)] : \VDAC8_1:viDAC8\
Log: apr.M0058: The analog placement iterative improvement is 32% done. (App=cydsfit)
Log: apr.M0058: The analog placement iterative improvement is 55% done. (App=cydsfit)
Log: apr.M0058: The analog placement iterative improvement is 80% done. (App=cydsfit)
Analog Placement Results:
IO_3@[IOP=(3)][IoId=(3)] : Pin_1(0) (fixed)
IO_0@[IOP=(3)][IoId=(0)] : SCK(0) (fixed)
IO_1@[IOP=(3)][IoId=(1)] : SDI(0) (fixed)
IO_2@[IOP=(3)][IoId=(2)] : WS(0) (fixed)
IO_0@[IOP=(2)][IoId=(0)] : \LCD:LCDPort(0)\ (fixed)
IO_1@[IOP=(2)][IoId=(1)] : \LCD:LCDPort(1)\ (fixed)
IO_2@[IOP=(2)][IoId=(2)] : \LCD:LCDPort(2)\ (fixed)
IO_3@[IOP=(2)][IoId=(3)] : \LCD:LCDPort(3)\ (fixed)
IO_4@[IOP=(2)][IoId=(4)] : \LCD:LCDPort(4)\ (fixed)
IO_5@[IOP=(2)][IoId=(5)] : \LCD:LCDPort(5)\ (fixed)
IO_6@[IOP=(2)][IoId=(6)] : \LCD:LCDPort(6)\ (fixed)
VIDAC[3]@[FFB(VIDAC,3)] : \VDAC8_1:viDAC8\

Analog Placement phase: Elapsed time ==> 1s.761ms
</CYPRESSTAG>
<CYPRESSTAG name="Analog Routing">
Analog Routing phase: Elapsed time ==> 0s.000ms
</CYPRESSTAG>
<CYPRESSTAG name="Analog Code Generation">
============ Analog Final Answer Routes ============
Dump of CyAnalogRoutingResultsDB
Map of net to items {
  Net: Net_65 {
    vidac_3_vout
    amuxbusr_x_vidac_3_vout
    amuxbusr
    amuxbusr_x_p3_3
    p3_3
  }
  Net: \VDAC8_1:Net_77\ {
  }
}
Map of item to net {
  vidac_3_vout                                     -> Net_65
  amuxbusr_x_vidac_3_vout                          -> Net_65
  amuxbusr                                         -> Net_65
  amuxbusr_x_p3_3                                  -> Net_65
  p3_3                                             -> Net_65
}
Mux Info {
}
Dump of CyP35AnalogRoutingResultsDB
IsVddaHalfUsedForComp = False
IsVddaHalfUsedForSar0 = False
IsVddaHalfUsedForSar1 = False
Analog Code Generation phase: Elapsed time ==> 0s.421ms
</CYPRESSTAG>
<CYPRESSTAG name="Digital Placement">
<CYPRESSTAG name="Detailed placement messages">
I2076: Total run-time: 1.4 sec.

</CYPRESSTAG>
<CYPRESSTAG name="PLD Packing">
<CYPRESSTAG name="PLD Packing Summary" expanded>

------------------------------------------------------------
PLD Packing Summary
------------------------------------------------------------
            Resource Type : Used : Free :  Max :  % Used
    ====================================================
                     PLDs :    4 :   44 :   48 :   8.33%

<CYPRESSTAG name="PLD Statistics">

        PLD Resource Type :     Average/LAB
    =======================================
                   Inputs :            8.50
                   Pterms :            6.25
               Macrocells :            2.50
</CYPRESSTAG>
<CYPRESSTAG name="Packed PLD Contents">
Packed PLD Contents not displayed at this verbose level.</CYPRESSTAG>
</CYPRESSTAG>
PLD Packing: Elapsed time ==> 0s.000ms
</CYPRESSTAG>
<CYPRESSTAG name="Partitioning">
<CYPRESSTAG name="Initial Partitioning Summary">
Initial Partitioning Summary not displayed at this verbose level.</CYPRESSTAG>
<CYPRESSTAG name="Final Partitioning Summary">
Final Partitioning Summary not displayed at this verbose level.</CYPRESSTAG>
Partitioning: Elapsed time ==> 0s.031ms
</CYPRESSTAG>
<CYPRESSTAG name="Final Placement Summary">

------------------------------------------------------------
Final Placement Summary
------------------------------------------------------------

       Resource Type :      Count : Avg Inputs : Avg Outputs
    ========================================================
                 UDB :          2 :      13.50 :       5.00
<CYPRESSTAG name="Final Placement Details">
<CYPRESSTAG name="Component Details">

------------------------------------------------------------
Component Placement Details
------------------------------------------------------------
UDB [UDB=(0,0)] is empty.
UDB [UDB=(0,1)] is empty.
UDB [UDB=(0,2)] is empty.
UDB [UDB=(0,3)] is empty.
UDB [UDB=(0,4)] is empty.
UDB [UDB=(0,5)] is empty.
UDB [UDB=(1,0)] is empty.
UDB [UDB=(1,1)] is empty.
UDB [UDB=(1,2)] is empty.
UDB [UDB=(1,3)] is empty.
UDB [UDB=(1,4)] is empty.
UDB [UDB=(1,5)] is empty.
UDB [UDB=(2,0)] contents:
LAB@[UDB=(2,0)][LB=0] #macrocells=1, #inputs=11, #pterms=8
{
    [McSlotId=0]:     MacroCell: Name=\I2S_1:bI2S:rxenable\, Mode=(D-Register) @ [UDB=(2,0)][LB=0][MC=0]
        Total # of inputs        : 11
        Total # of product terms : 8
        List of special equations: 
            Clock  = (Net_164) => Global
            Clock Enable: True
        Main Equation            : 8 pterms
        (
              \I2S_1:bI2S:ctrl_reg_out_2\ * !\I2S_1:bI2S:count_6\ * 
              !\I2S_1:bI2S:rx_overflow_sticky\ * \I2S_1:bI2S:rxenable\
            + \I2S_1:bI2S:ctrl_reg_out_2\ * !\I2S_1:bI2S:count_5\ * 
              !\I2S_1:bI2S:rx_overflow_sticky\ * \I2S_1:bI2S:rxenable\
            + \I2S_1:bI2S:ctrl_reg_out_2\ * !\I2S_1:bI2S:count_4\ * 
              !\I2S_1:bI2S:rx_overflow_sticky\ * \I2S_1:bI2S:rxenable\
            + \I2S_1:bI2S:ctrl_reg_out_2\ * !\I2S_1:bI2S:count_3\ * 
              !\I2S_1:bI2S:rx_overflow_sticky\ * \I2S_1:bI2S:rxenable\
            + \I2S_1:bI2S:ctrl_reg_out_2\ * !\I2S_1:bI2S:count_2\ * 
              !\I2S_1:bI2S:rx_overflow_sticky\ * \I2S_1:bI2S:rxenable\
            + \I2S_1:bI2S:ctrl_reg_out_2\ * \I2S_1:bI2S:count_1\ * 
              !\I2S_1:bI2S:rx_overflow_sticky\ * \I2S_1:bI2S:rxenable\
            + \I2S_1:bI2S:ctrl_reg_out_1\ * \I2S_1:bI2S:count_6\ * 
              \I2S_1:bI2S:count_5\ * \I2S_1:bI2S:count_4\ * 
              \I2S_1:bI2S:count_3\ * \I2S_1:bI2S:count_2\ * 
              !\I2S_1:bI2S:count_1\ * Net_168 * 
              !\I2S_1:bI2S:rx_overflow_sticky\
            + \I2S_1:bI2S:count_6\ * \I2S_1:bI2S:count_5\ * 
              \I2S_1:bI2S:count_4\ * \I2S_1:bI2S:count_3\ * 
              \I2S_1:bI2S:count_2\ * !\I2S_1:bI2S:count_1\ * !Net_168 * 
              !\I2S_1:bI2S:rx_overflow_sticky\ * \I2S_1:bI2S:rxenable\
        );
        Output = \I2S_1:bI2S:rxenable\ (fanout=4)
        Properties               : 
        {
        }

    [McSlotId=1]: (empty)
    [McSlotId=2]: (empty)
    [McSlotId=3]: (empty)
}

LAB@[UDB=(2,0)][LB=1] #macrocells=3, #inputs=10, #pterms=8
{
    [McSlotId=0]:     MacroCell: Name=\I2S_1:bI2S:rx_state_0\, Mode=(D-Register) @ [UDB=(2,0)][LB=1][MC=0]
        Total # of inputs        : 10
        Total # of product terms : 5
        List of special equations: 
            Clock  = (Net_164) => Global
            Clock Enable: True
        Main Equation            : 5 pterms
        !(
              \I2S_1:bI2S:count_6\ * !\I2S_1:bI2S:count_5\ * 
              \I2S_1:bI2S:count_3\ * \I2S_1:bI2S:count_2\ * 
              !\I2S_1:bI2S:count_1\ * !\I2S_1:bI2S:rx_state_2\ * 
              \I2S_1:bI2S:rxenable\
            + \I2S_1:bI2S:count_6\ * !\I2S_1:bI2S:count_4\ * 
              \I2S_1:bI2S:count_3\ * \I2S_1:bI2S:count_2\ * 
              !\I2S_1:bI2S:count_1\ * !\I2S_1:bI2S:rx_state_2\ * 
              \I2S_1:bI2S:rxenable\
            + !\I2S_1:bI2S:rx_state_2\ * \I2S_1:bI2S:rx_state_1\ * 
              \I2S_1:bI2S:rxenable\
            + \I2S_1:bI2S:rx_state_2\ * !\I2S_1:bI2S:rx_state_1\ * 
              \I2S_1:bI2S:rxenable\
            + \I2S_1:bI2S:rx_state_0\ * \I2S_1:bI2S:rxenable\
        );
        Output = \I2S_1:bI2S:rx_state_0\ (fanout=5)
        Properties               : 
        {
        }

    [McSlotId=1]:     MacroCell: Name=\I2S_1:bI2S:rx_state_1\, Mode=(D-Register) @ [UDB=(2,0)][LB=1][MC=1]
        Total # of inputs        : 10
        Total # of product terms : 3
        List of special equations: 
            Clock  = (Net_164) => Global
            Clock Enable: True
        Main Equation            : 3 pterms
        (
              \I2S_1:bI2S:count_6\ * !\I2S_1:bI2S:count_5\ * 
              \I2S_1:bI2S:count_3\ * \I2S_1:bI2S:count_2\ * 
              !\I2S_1:bI2S:count_1\ * !\I2S_1:bI2S:rx_state_2\ * 
              !\I2S_1:bI2S:rx_state_1\ * !\I2S_1:bI2S:rx_state_0\ * 
              \I2S_1:bI2S:rxenable\
            + \I2S_1:bI2S:count_6\ * !\I2S_1:bI2S:count_4\ * 
              \I2S_1:bI2S:count_3\ * \I2S_1:bI2S:count_2\ * 
              !\I2S_1:bI2S:count_1\ * !\I2S_1:bI2S:rx_state_2\ * 
              !\I2S_1:bI2S:rx_state_1\ * !\I2S_1:bI2S:rx_state_0\ * 
              \I2S_1:bI2S:rxenable\
            + \I2S_1:bI2S:rx_state_2\ * !\I2S_1:bI2S:rx_state_1\ * 
              \I2S_1:bI2S:rx_state_0\ * \I2S_1:bI2S:rxenable\
        );
        Output = \I2S_1:bI2S:rx_state_1\ (fanout=5)
        Properties               : 
        {
        }

    [McSlotId=2]:     MacroCell: Name=\I2S_1:bI2S:rx_state_2\, Mode=(D-Register) @ [UDB=(2,0)][LB=1][MC=2]
        Total # of inputs        : 4
        Total # of product terms : 1
        List of special equations: 
            Clock  = (Net_164) => Global
            Clock Enable: True
        Main Equation            : 1 pterm
        (
              \I2S_1:bI2S:rx_state_2\ * !\I2S_1:bI2S:rx_state_1\ * 
              \I2S_1:bI2S:rx_state_0\ * \I2S_1:bI2S:rxenable\
        );
        Output = \I2S_1:bI2S:rx_state_2\ (fanout=5)
        Properties               : 
        {
        }

    [McSlotId=3]: (empty)
}

count7cell: Name =\I2S_1:bI2S:BitCounter\
    PORT MAP (
        clock => Net_164 ,
        enable => \I2S_1:bI2S:ctrl_reg_out_2\ ,
        count_6 => \I2S_1:bI2S:count_6\ ,
        count_5 => \I2S_1:bI2S:count_5\ ,
        count_4 => \I2S_1:bI2S:count_4\ ,
        count_3 => \I2S_1:bI2S:count_3\ ,
        count_2 => \I2S_1:bI2S:count_2\ ,
        count_1 => \I2S_1:bI2S:count_1\ ,
        count_0 => Net_168 );
    Properties:
    {
        cy_alt_mode = 0
        cy_init_value = "0000000"
        cy_period = "1111111"
        cy_route_en = 1
        cy_route_ld = 0
    }
    Clock Polarity: Active High
    Clock Enable: True

UDB [UDB=(2,1)] is empty.
UDB [UDB=(2,2)] is empty.
UDB [UDB=(2,3)] is empty.
UDB [UDB=(2,4)] is empty.
UDB [UDB=(2,5)] is empty.
UDB [UDB=(3,0)] contents:
LAB@[UDB=(3,0)][LB=0] #macrocells=4, #inputs=10, #pterms=7
{
    [McSlotId=0]:     MacroCell: Name=\I2S_1:bI2S:rx_overflow_sticky\, Mode=(D-Register) @ [UDB=(3,0)][LB=0][MC=0]
        Total # of inputs        : 4
        Total # of product terms : 2
        List of special equations: 
            Clock  = (Net_164) => Global
            Clock Enable: True
        Main Equation            : 2 pterms
        (
              \I2S_1:bI2S:ctrl_reg_out_1\ * \I2S_1:bI2S:rx_f0_load\ * 
              \I2S_1:bI2S:rx_f0_full_0\
            + \I2S_1:bI2S:ctrl_reg_out_1\ * \I2S_1:bI2S:rx_overflow_sticky\
        );
        Output = \I2S_1:bI2S:rx_overflow_sticky\ (fanout=2)
        Properties               : 
        {
        }

    [McSlotId=1]:     MacroCell: Name=\I2S_1:bI2S:rx_f0_load\, Mode=(D-Register) @ [UDB=(3,0)][LB=0][MC=1]
        Total # of inputs        : 3
        Total # of product terms : 2
        List of special equations: 
            Clock  = (Net_164) => Global
            Clock Enable: True
        Main Equation            : 2 pterms
        (
              \I2S_1:bI2S:rx_state_2\ * !\I2S_1:bI2S:rx_state_1\ * 
              \I2S_1:bI2S:rx_state_0\
            + \I2S_1:bI2S:rx_state_1\ * !\I2S_1:bI2S:rx_state_0\
        );
        Output = \I2S_1:bI2S:rx_f0_load\ (fanout=3)
        Properties               : 
        {
        }

    [McSlotId=2]:     MacroCell: Name=\I2S_1:bI2S:rx_overflow_0\, Mode=(Combinatorial) @ [UDB=(3,0)][LB=0][MC=2]
        Total # of inputs        : 2
        Total # of product terms : 1
            Clock Enable: True
        Main Equation            : 1 pterm
        (
              \I2S_1:bI2S:rx_f0_load\ * \I2S_1:bI2S:rx_f0_full_0\
        );
        Output = \I2S_1:bI2S:rx_overflow_0\ (fanout=1)
        Properties               : 
        {
        }

    [McSlotId=3]:     MacroCell: Name=\I2S_1:bI2S:rx_data_in_0\, Mode=(D-Register) @ [UDB=(3,0)][LB=0][MC=3]
        Total # of inputs        : 3
        Total # of product terms : 2
        List of special equations: 
            Clock  = (Net_164) => Global
            Clock Enable: True
        Main Equation            : 2 pterms
        (
              !Net_168 * Net_54
            + Net_168 * \I2S_1:bI2S:rx_data_in_0\
        );
        Output = \I2S_1:bI2S:rx_data_in_0\ (fanout=2)
        Properties               : 
        {
        }
}

LAB@[UDB=(3,0)][LB=1] #macrocells=2, #inputs=3, #pterms=2
{
    [McSlotId=0]:     MacroCell: Name=Net_167, Mode=(D-Register) @ [UDB=(3,0)][LB=1][MC=0]
        Total # of inputs        : 2
        Total # of product terms : 1
        List of special equations: 
            Clock  = (Net_164) => Global
            Clock Enable: True
        Main Equation            : 1 pterm
        (
              !\I2S_1:bI2S:reset\ * !\I2S_1:bI2S:count_6\
        );
        Output = Net_167 (fanout=1)
        Properties               : 
        {
        }

    [McSlotId=1]:     MacroCell: Name=\I2S_1:bI2S:reset\, Mode=(D-Register) @ [UDB=(3,0)][LB=1][MC=1]
        Total # of inputs        : 1
        Total # of product terms : 1
        List of special equations: 
            Clock  = (Net_164) => Global
            Clock Enable: True
        Main Equation            : 1 pterm
        (
              !\I2S_1:bI2S:ctrl_reg_out_2\
        );
        Output = \I2S_1:bI2S:reset\ (fanout=1)
        Properties               : 
        {
        }

    [McSlotId=2]: (empty)
    [McSlotId=3]: (empty)
}

datapathcell: Name =\I2S_1:bI2S:Rx:CH[0]:dpRx:u0\
    PORT MAP (
        clock => Net_164 ,
        cs_addr_2 => \I2S_1:bI2S:rx_state_2\ ,
        cs_addr_1 => \I2S_1:bI2S:rx_state_1\ ,
        cs_addr_0 => \I2S_1:bI2S:rx_state_0\ ,
        route_si => \I2S_1:bI2S:rx_data_in_0\ ,
        f0_load => \I2S_1:bI2S:rx_f0_load\ ,
        f0_bus_stat_comb => \I2S_1:bI2S:rx_f0_n_empty_0\ ,
        f0_blk_stat_comb => \I2S_1:bI2S:rx_f0_full_0\ );
    Properties:
    {
        a0_init = "00000000"
        a1_init = "00000000"
        ce0_sync = 1
        ce1_sync = 1
        cl0_sync = 1
        cl1_sync = 1
        cmsb_sync = 1
        co_msb_sync = 1
        cy_dpconfig = "0000000000000000000000010100000000000001010000000000000101010000000000010100000000010000011100000001000001000000000000000000000011111111000000001111111111111111001000000000001000000101000000000000000000000100"
        d0_init = "00000000"
        d1_init = "00000000"
        f0_blk_sync = 1
        f0_bus_sync = 1
        f1_blk_sync = 1
        f1_bus_sync = 1
        ff0_sync = 1
        ff1_sync = 1
        ov_msb_sync = 1
        so_sync = 1
        z0_sync = 1
        z1_sync = 1
    }
    Clock Polarity: Active High
    Clock Enable: True

statusicell: Name =\I2S_1:bI2S:Rx:STS[0]:Sts\
    PORT MAP (
        clock => Net_164 ,
        status_1 => \I2S_1:bI2S:rx_f0_n_empty_0\ ,
        status_0 => \I2S_1:bI2S:rx_overflow_0\ ,
        interrupt => \I2S_1:bI2S:rx_int_out_0\ );
    Properties:
    {
        cy_force_order = 1
        cy_int_mask = "0000000"
        cy_md_select = "0000001"
    }
    Clock Polarity: Active High
    Clock Enable: True

controlcell: Name =\I2S_1:bI2S:CtlReg\
    PORT MAP (
        clock => Net_164 ,
        control_7 => \I2S_1:bI2S:ctrl_reg_out_7\ ,
        control_6 => \I2S_1:bI2S:ctrl_reg_out_6\ ,
        control_5 => \I2S_1:bI2S:ctrl_reg_out_5\ ,
        control_4 => \I2S_1:bI2S:ctrl_reg_out_4\ ,
        control_3 => \I2S_1:bI2S:ctrl_reg_out_3\ ,
        control_2 => \I2S_1:bI2S:ctrl_reg_out_2\ ,
        control_1 => \I2S_1:bI2S:ctrl_reg_out_1\ ,
        control_0 => \I2S_1:bI2S:ctrl_reg_out_0\ );
    Properties:
    {
        cy_ctrl_mode_0 = "00011111"
        cy_ctrl_mode_1 = "00000000"
        cy_ext_reset = 0
        cy_force_order = 1
        cy_init_value = "00000000"
    }
    Clock Polarity: Active High
    Clock Enable: True

UDB [UDB=(3,1)] is empty.
UDB [UDB=(3,2)] is empty.
UDB [UDB=(3,3)] is empty.
UDB [UDB=(3,4)] is empty.
UDB [UDB=(3,5)] is empty.
Intr container @ [IntrContainer=(0)]: empty
Drq container @ [DrqContainer=(0)]: empty
Port 0 contains the following IO cells:
Port 1 contains the following IO cells:
Port 2 contains the following IO cells:
[IoId=0]: 
Pin : Name = \LCD:LCDPort(0)\
    Attributes:
        In Group/Port: True
        In Sync Option: AUTO
        Out Sync Option: NOSYNC
        Interrupt generated: False
        Interrupt mode: NONE
        Drive mode: CMOS_OUT
        VTrip: EITHER
        Slew: FAST
        Input Sync needed: False
        Output Sync needed: False
        SC shield enabled: False
        POR State: ANY
        LCD Mode: COMMON
        Register Mode: RegComb
        CaSense Mode: NEITHER
        Treat as pin: False
        Is OE Registered: False
        Uses Analog: False
        Can contain Digital: True
        Is SIO: False
        SIO Output Buf: NONREGULATED
        SIO Input Buf: SINGLE_ENDED
        SIO HiFreq: LOW
        SIO Hyst: DISABLED
        SIO Vtrip: MULTIPLIER_0_5
        SIO Multiplier Index: 0
        SIO RefSel: VCC_IO
        Required Capabilities: DIGITAL
        Initial Value: 0
        IO Voltage: 0
    PORT MAP (
        pa_out => \LCD:LCDPort(0)\__PA ,
        pad => \LCD:LCDPort(0)_PAD\ );
    Properties:
    {
    }

[IoId=1]: 
Pin : Name = \LCD:LCDPort(1)\
    Attributes:
        In Group/Port: True
        In Sync Option: AUTO
        Out Sync Option: NOSYNC
        Interrupt generated: False
        Interrupt mode: NONE
        Drive mode: CMOS_OUT
        VTrip: EITHER
        Slew: FAST
        Input Sync needed: False
        Output Sync needed: False
        SC shield enabled: False
        POR State: ANY
        LCD Mode: COMMON
        Register Mode: RegComb
        CaSense Mode: NEITHER
        Treat as pin: False
        Is OE Registered: False
        Uses Analog: False
        Can contain Digital: True
        Is SIO: False
        SIO Output Buf: NONREGULATED
        SIO Input Buf: SINGLE_ENDED
        SIO HiFreq: LOW
        SIO Hyst: DISABLED
        SIO Vtrip: MULTIPLIER_0_5
        SIO Multiplier Index: 0
        SIO RefSel: VCC_IO
        Required Capabilities: DIGITAL
        Initial Value: 0
        IO Voltage: 0
    PORT MAP (
        pa_out => \LCD:LCDPort(1)\__PA ,
        pad => \LCD:LCDPort(1)_PAD\ );
    Properties:
    {
    }

[IoId=2]: 
Pin : Name = \LCD:LCDPort(2)\
    Attributes:
        In Group/Port: True
        In Sync Option: AUTO
        Out Sync Option: NOSYNC
        Interrupt generated: False
        Interrupt mode: NONE
        Drive mode: CMOS_OUT
        VTrip: EITHER
        Slew: FAST
        Input Sync needed: False
        Output Sync needed: False
        SC shield enabled: False
        POR State: ANY
        LCD Mode: COMMON
        Register Mode: RegComb
        CaSense Mode: NEITHER
        Treat as pin: False
        Is OE Registered: False
        Uses Analog: False
        Can contain Digital: True
        Is SIO: False
        SIO Output Buf: NONREGULATED
        SIO Input Buf: SINGLE_ENDED
        SIO HiFreq: LOW
        SIO Hyst: DISABLED
        SIO Vtrip: MULTIPLIER_0_5
        SIO Multiplier Index: 0
        SIO RefSel: VCC_IO
        Required Capabilities: DIGITAL
        Initial Value: 0
        IO Voltage: 0
    PORT MAP (
        pa_out => \LCD:LCDPort(2)\__PA ,
        pad => \LCD:LCDPort(2)_PAD\ );
    Properties:
    {
    }

[IoId=3]: 
Pin : Name = \LCD:LCDPort(3)\
    Attributes:
        In Group/Port: True
        In Sync Option: AUTO
        Out Sync Option: NOSYNC
        Interrupt generated: False
        Interrupt mode: NONE
        Drive mode: CMOS_OUT
        VTrip: EITHER
        Slew: FAST
        Input Sync needed: False
        Output Sync needed: False
        SC shield enabled: False
        POR State: ANY
        LCD Mode: COMMON
        Register Mode: RegComb
        CaSense Mode: NEITHER
        Treat as pin: False
        Is OE Registered: False
        Uses Analog: False
        Can contain Digital: True
        Is SIO: False
        SIO Output Buf: NONREGULATED
        SIO Input Buf: SINGLE_ENDED
        SIO HiFreq: LOW
        SIO Hyst: DISABLED
        SIO Vtrip: MULTIPLIER_0_5
        SIO Multiplier Index: 0
        SIO RefSel: VCC_IO
        Required Capabilities: DIGITAL
        Initial Value: 0
        IO Voltage: 0
    PORT MAP (
        pa_out => \LCD:LCDPort(3)\__PA ,
        pad => \LCD:LCDPort(3)_PAD\ );
    Properties:
    {
    }

[IoId=4]: 
Pin : Name = \LCD:LCDPort(4)\
    Attributes:
        In Group/Port: True
        In Sync Option: AUTO
        Out Sync Option: NOSYNC
        Interrupt generated: False
        Interrupt mode: NONE
        Drive mode: CMOS_OUT
        VTrip: EITHER
        Slew: FAST
        Input Sync needed: False
        Output Sync needed: False
        SC shield enabled: False
        POR State: ANY
        LCD Mode: COMMON
        Register Mode: RegComb
        CaSense Mode: NEITHER
        Treat as pin: False
        Is OE Registered: False
        Uses Analog: False
        Can contain Digital: True
        Is SIO: False
        SIO Output Buf: NONREGULATED
        SIO Input Buf: SINGLE_ENDED
        SIO HiFreq: LOW
        SIO Hyst: DISABLED
        SIO Vtrip: MULTIPLIER_0_5
        SIO Multiplier Index: 0
        SIO RefSel: VCC_IO
        Required Capabilities: DIGITAL
        Initial Value: 0
        IO Voltage: 0
    PORT MAP (
        pa_out => \LCD:LCDPort(4)\__PA ,
        pad => \LCD:LCDPort(4)_PAD\ );
    Properties:
    {
    }

[IoId=5]: 
Pin : Name = \LCD:LCDPort(5)\
    Attributes:
        In Group/Port: True
        In Sync Option: AUTO
        Out Sync Option: NOSYNC
        Interrupt generated: False
        Interrupt mode: NONE
        Drive mode: CMOS_OUT
        VTrip: EITHER
        Slew: FAST
        Input Sync needed: False
        Output Sync needed: False
        SC shield enabled: False
        POR State: ANY
        LCD Mode: COMMON
        Register Mode: RegComb
        CaSense Mode: NEITHER
        Treat as pin: False
        Is OE Registered: False
        Uses Analog: False
        Can contain Digital: True
        Is SIO: False
        SIO Output Buf: NONREGULATED
        SIO Input Buf: SINGLE_ENDED
        SIO HiFreq: LOW
        SIO Hyst: DISABLED
        SIO Vtrip: MULTIPLIER_0_5
        SIO Multiplier Index: 0
        SIO RefSel: VCC_IO
        Required Capabilities: DIGITAL
        Initial Value: 0
        IO Voltage: 0
    PORT MAP (
        pa_out => \LCD:LCDPort(5)\__PA ,
        pad => \LCD:LCDPort(5)_PAD\ );
    Properties:
    {
    }

[IoId=6]: 
Pin : Name = \LCD:LCDPort(6)\
    Attributes:
        In Group/Port: True
        In Sync Option: AUTO
        Out Sync Option: NOSYNC
        Interrupt generated: False
        Interrupt mode: NONE
        Drive mode: CMOS_OUT
        VTrip: EITHER
        Slew: FAST
        Input Sync needed: False
        Output Sync needed: False
        SC shield enabled: False
        POR State: ANY
        LCD Mode: COMMON
        Register Mode: RegComb
        CaSense Mode: NEITHER
        Treat as pin: False
        Is OE Registered: False
        Uses Analog: False
        Can contain Digital: True
        Is SIO: False
        SIO Output Buf: NONREGULATED
        SIO Input Buf: SINGLE_ENDED
        SIO HiFreq: LOW
        SIO Hyst: DISABLED
        SIO Vtrip: MULTIPLIER_0_5
        SIO Multiplier Index: 0
        SIO RefSel: VCC_IO
        Required Capabilities: DIGITAL
        Initial Value: 0
        IO Voltage: 0
    PORT MAP (
        pa_out => \LCD:LCDPort(6)\__PA ,
        pad => \LCD:LCDPort(6)_PAD\ );
    Properties:
    {
    }

Port 3 contains the following IO cells:
[IoId=0]: 
Pin : Name = SCK(0)
    Attributes:
        In Group/Port: True
        In Sync Option: AUTO
        Out Sync Option: NOSYNC
        Interrupt generated: False
        Interrupt mode: NONE
        Drive mode: CMOS_OUT
        VTrip: EITHER
        Slew: FAST
        Input Sync needed: False
        Output Sync needed: False
        SC shield enabled: False
        POR State: ANY
        LCD Mode: COMMON
        Register Mode: RegComb
        CaSense Mode: NEITHER
        Treat as pin: True
        Is OE Registered: False
        Uses Analog: False
        Can contain Digital: True
        Is SIO: False
        SIO Output Buf: NONREGULATED
        SIO Input Buf: SINGLE_ENDED
        SIO HiFreq: LOW
        SIO Hyst: DISABLED
        SIO Vtrip: MULTIPLIER_0_5
        SIO Multiplier Index: 0
        SIO RefSel: VCC_IO
        Required Capabilities: DIGITAL, ROUTABLE
        Initial Value: 0
        IO Voltage: 0
    PORT MAP (
        pa_out => SCK(0)__PA ,
        pin_input => Net_168 ,
        pad => SCK(0)_PAD );
    Properties:
    {
    }

[IoId=1]: 
Pin : Name = SDI(0)
    Attributes:
        In Group/Port: True
        In Sync Option: NOSYNC
        Out Sync Option: AUTO
        Interrupt generated: False
        Interrupt mode: NONE
        Drive mode: HI_Z_DIGITAL
        VTrip: CMOS
        Slew: FAST
        Input Sync needed: False
        Output Sync needed: False
        SC shield enabled: False
        POR State: ANY
        LCD Mode: COMMON
        Register Mode: RegComb
        CaSense Mode: NEITHER
        Treat as pin: True
        Is OE Registered: False
        Uses Analog: False
        Can contain Digital: True
        Is SIO: False
        SIO Output Buf: NONREGULATED
        SIO Input Buf: SINGLE_ENDED
        SIO HiFreq: LOW
        SIO Hyst: DISABLED
        SIO Vtrip: MULTIPLIER_0_5
        SIO Multiplier Index: 0
        SIO RefSel: VCC_IO
        Required Capabilities: DIGITAL, ROUTABLE
        Initial Value: 0
        IO Voltage: 0
    PORT MAP (
        pa_out => SDI(0)__PA ,
        fb => Net_54 ,
        pad => SDI(0)_PAD );
    Properties:
    {
    }

[IoId=2]: 
Pin : Name = WS(0)
    Attributes:
        In Group/Port: True
        In Sync Option: AUTO
        Out Sync Option: NOSYNC
        Interrupt generated: False
        Interrupt mode: NONE
        Drive mode: CMOS_OUT
        VTrip: EITHER
        Slew: FAST
        Input Sync needed: False
        Output Sync needed: False
        SC shield enabled: False
        POR State: ANY
        LCD Mode: COMMON
        Register Mode: RegComb
        CaSense Mode: NEITHER
        Treat as pin: True
        Is OE Registered: False
        Uses Analog: False
        Can contain Digital: True
        Is SIO: False
        SIO Output Buf: NONREGULATED
        SIO Input Buf: SINGLE_ENDED
        SIO HiFreq: LOW
        SIO Hyst: DISABLED
        SIO Vtrip: MULTIPLIER_0_5
        SIO Multiplier Index: 0
        SIO RefSel: VCC_IO
        Required Capabilities: DIGITAL, ROUTABLE
        Initial Value: 0
        IO Voltage: 0
    PORT MAP (
        pa_out => WS(0)__PA ,
        pin_input => Net_167 ,
        pad => WS(0)_PAD );
    Properties:
    {
    }

[IoId=3]: 
Pin : Name = Pin_1(0)
    Attributes:
        In Group/Port: True
        In Sync Option: AUTO
        Out Sync Option: AUTO
        Interrupt generated: False
        Interrupt mode: NONE
        Drive mode: HI_Z_ANALOG
        VTrip: EITHER
        Slew: FAST
        Input Sync needed: False
        Output Sync needed: False
        SC shield enabled: False
        POR State: ANY
        LCD Mode: COMMON
        Register Mode: RegComb
        CaSense Mode: NEITHER
        Treat as pin: True
        Is OE Registered: False
        Uses Analog: True
        Can contain Digital: False
        Is SIO: False
        SIO Output Buf: NONREGULATED
        SIO Input Buf: SINGLE_ENDED
        SIO HiFreq: LOW
        SIO Hyst: DISABLED
        SIO Vtrip: MULTIPLIER_0_5
        SIO Multiplier Index: 0
        SIO RefSel: VCC_IO
        Required Capabilities: ANALOG
        Initial Value: 0
        IO Voltage: 0
    PORT MAP (
        pa_out => Pin_1(0)__PA ,
        analog_term => Net_65 ,
        pad => Pin_1(0)_PAD );
    Properties:
    {
    }

Port 4 contains the following IO cells:
Port 5 contains the following IO cells:
Port 6 contains the following IO cells:
Port 12 contains the following IO cells:
Port 15 contains the following IO cells:
ARM group 0: empty
CAN group 0: empty
Cache group 0: empty
CapSense group 0: empty
Clock group 0: 
    Clock Block @ F(Clock,0): 
    clockblockcell: Name =ClockBlock
        PORT MAP (
            imo => ClockBlock_IMO ,
            pllout => ClockBlock_PLL_OUT ,
            ilo => ClockBlock_ILO ,
            clk_100k => ClockBlock_100k ,
            clk_1k => ClockBlock_1k ,
            clk_32k => ClockBlock_32k ,
            xtal => ClockBlock_XTAL ,
            clk_32k_xtal => ClockBlock_XTAL_32KHZ ,
            clk_sync => ClockBlock_MASTER_CLK ,
            clk_bus_glb => ClockBlock_BUS_CLK ,
            clk_bus => ClockBlock_BUS_CLK_local ,
            dclk_glb_0 => Net_164 ,
            dclk_0 => Net_164_local );
        Properties:
        {
        }
Comparator group 0: empty
DFB group 0: empty
DSM group 0: empty
Decimator group 0: empty
EMIF group 0: empty
I2C group 0: empty
LCD group 0: empty
LVD group 0: empty
PICU group 0: empty
PM group 0: empty
SC group 0: empty
SPC group 0: empty
Timer group 0: empty
USB group 0: empty
VIDAC group 0: 
    VIDAC Block @ F(VIDAC,3): 
    vidaccell: Name =\VDAC8_1:viDAC8\
        PORT MAP (
            vout => Net_65 ,
            iout => \VDAC8_1:Net_77\ );
        Properties:
        {
            cy_registers = ""
            is_all_if_any = 0
            reg_data = 0
        }
OpAmp group 0: empty
CsAbuf group 0: empty
Vref group 0: empty
LPF group 0: empty
SAR group 0: empty
ANAIF group 0: empty
PHUB group 0: empty
</CYPRESSTAG>
<CYPRESSTAG name="Port Configuration Details">

------------------------------------------------------------
Port Configuration report
------------------------------------------------------------
     |     |       | Interrupt |                  |                  | 
Port | Pin | Fixed |      Type |       Drive Mode |             Name | Connections
-----+-----+-------+-----------+------------------+------------------+---------------
   2 |   0 |     * |      NONE |         CMOS_OUT | \LCD:LCDPort(0)\ | 
     |   1 |     * |      NONE |         CMOS_OUT | \LCD:LCDPort(1)\ | 
     |   2 |     * |      NONE |         CMOS_OUT | \LCD:LCDPort(2)\ | 
     |   3 |     * |      NONE |         CMOS_OUT | \LCD:LCDPort(3)\ | 
     |   4 |     * |      NONE |         CMOS_OUT | \LCD:LCDPort(4)\ | 
     |   5 |     * |      NONE |         CMOS_OUT | \LCD:LCDPort(5)\ | 
     |   6 |     * |      NONE |         CMOS_OUT | \LCD:LCDPort(6)\ | 
-----+-----+-------+-----------+------------------+------------------+---------------
   3 |   0 |     * |      NONE |         CMOS_OUT |           SCK(0) | In(Net_168)
     |   1 |     * |      NONE |     HI_Z_DIGITAL |           SDI(0) | FB(Net_54)
     |   2 |     * |      NONE |         CMOS_OUT |            WS(0) | In(Net_167)
     |   3 |     * |      NONE |      HI_Z_ANALOG |         Pin_1(0) | Analog(Net_65)
-------------------------------------------------------------------------------------
</CYPRESSTAG>
</CYPRESSTAG>
</CYPRESSTAG>
Digital component placer commit/Report: Elapsed time ==> 0s.046ms
Digital Placement phase: Elapsed time ==> 1s.969ms
</CYPRESSTAG>
<CYPRESSTAG name="Digital Routing">
"C:\Program Files (x86)\Cypress\PSoC Creator\4.2\PSoC Creator\bin/sjrouter.exe" --xml-path "C:\Program Files (x86)\Cypress\PSoC Creator\4.2\PSoC Creator\dev\psoc5/psoc5lp/route_arch-rrg.cydata" --vh2-path "InterIcSound01_r.vh2" --pcf-path "InterIcSound01.pco" --des-name "InterIcSound01" --dsf-path "InterIcSound01.dsf" --sdc-path "InterIcSound01.sdc" --lib-path "InterIcSound01_r.lib"
Routing successful.
Digital Routing phase: Elapsed time ==> 2s.494ms
</CYPRESSTAG>
<CYPRESSTAG name="Bitstream Generation">
Bitstream Generation phase: Elapsed time ==> 0s.386ms
</CYPRESSTAG>
<CYPRESSTAG name="Bitstream Verification">
Bitstream Verification phase: Elapsed time ==> 0s.123ms
</CYPRESSTAG>
<CYPRESSTAG name="Static timing analysis">
Timing report is in InterIcSound01_timing.html.
Static timing analysis phase: Elapsed time ==> 0s.585ms
</CYPRESSTAG>
<CYPRESSTAG name="Data reporting">
Data reporting phase: Elapsed time ==> 0s.000ms
</CYPRESSTAG>
<CYPRESSTAG name="Database update...">
Design database save phase: Elapsed time ==> 0s.791ms
</CYPRESSTAG>
cydsfit: Elapsed time ==> 9s.018ms
</CYPRESSTAG>
Fitter phase: Elapsed time ==> 9s.033ms
API generation phase: Elapsed time ==> 1s.912ms
Dependency generation phase: Elapsed time ==> 0s.357ms
Cleanup phase: Elapsed time ==> 0s.015ms
