#-----------------------------------------------------------
# Vivado v2019.1 (64-bit)
# SW Build 2552052 on Fri May 24 14:49:42 MDT 2019
# IP Build 2548770 on Fri May 24 18:01:18 MDT 2019
# Start of session at: Sun Oct 18 21:27:34 2020
# Process ID: 19172
# Current directory: C:/Users/Brian Worts/Desktop/Senior Project/Oscilloscope_Senior_Project/Verilog/FPGA_CODE
# Command line: vivado.exe -gui_launcher_event rodinguilauncherevent2060 C:\Users\Brian Worts\Desktop\Senior Project\Oscilloscope_Senior_Project\Verilog\FPGA_CODE\FPGA_CODE.xpr
# Log file: C:/Users/Brian Worts/Desktop/Senior Project/Oscilloscope_Senior_Project/Verilog/FPGA_CODE/vivado.log
# Journal file: C:/Users/Brian Worts/Desktop/Senior Project/Oscilloscope_Senior_Project/Verilog/FPGA_CODE\vivado.jou
#-----------------------------------------------------------
start_gui
open_project {C:/Users/Brian Worts/Desktop/Senior Project/Oscilloscope_Senior_Project/Verilog/FPGA_CODE/FPGA_CODE.xpr}
INFO: [ProjectBase 1-489] The host OS only allows 260 characters in a normal path. The project is stored in a path with more than 80 characters. If you experience issues with IP, Block Designs, or files not being found, please consider moving the project to a location with a shorter path. Alternately consider using the OS subst command to map part of the path to a drive letter.
Current project path is 'C:/Users/Brian Worts/Desktop/Senior Project/Oscilloscope_Senior_Project/Verilog/FPGA_CODE'
Scanning sources...
Finished scanning sources
WARNING: [filemgmt 56-3] IPUserFilesDir: Could not find the directory 'C:/Users/Brian Worts/Desktop/Senior Project/Oscilloscope_Senior_Project/Verilog/FPGA_CODE/FPGA_CODE.ip_user_files'.
INFO: [IP_Flow 19-234] Refreshing IP repositories
INFO: [IP_Flow 19-1704] No user IP repositories specified
INFO: [IP_Flow 19-2313] Loaded Vivado IP repository 'D:/Xilinx/Vivado/2019.1/data/ip'.
open_project: Time (s): cpu = 00:00:11 ; elapsed = 00:00:08 . Memory (MB): peak = 635.289 ; gain = 35.625
update_compile_order -fileset sources_1
WARNING: [IP_Flow 19-4067] Ignoring invalid widget type specified checkbox.Providing a default widget
WARNING: [IP_Flow 19-4067] Ignoring invalid widget type specified checkbox.Providing a default widget
create_ip -name blk_mem_gen -vendor xilinx.com -library ip -version 8.4 -module_name blk_mem_gen_0 -dir {c:/Users/Brian Worts/Desktop/Senior Project/Oscilloscope_Senior_Project/Verilog/FPGA_CODE/FPGA_CODE.srcs/sources_1/ip}
set_property -dict [list CONFIG.Memory_Type {Simple_Dual_Port_RAM} CONFIG.Use_Byte_Write_Enable {true} CONFIG.Byte_Size {8} CONFIG.Assume_Synchronous_Clk {true} CONFIG.Write_Width_A {8} CONFIG.Write_Depth_A {524288} CONFIG.Read_Width_A {8} CONFIG.Operating_Mode_A {NO_CHANGE} CONFIG.Enable_A {Always_Enabled} CONFIG.Write_Width_B {8} CONFIG.Read_Width_B {8} CONFIG.Operating_Mode_B {READ_FIRST} CONFIG.Enable_B {Always_Enabled} CONFIG.Register_PortA_Output_of_Memory_Primitives {false} CONFIG.Register_PortB_Output_of_Memory_Primitives {false} CONFIG.Port_B_Clock {100} CONFIG.Port_B_Write_Rate {0} CONFIG.Port_B_Enable_Rate {100}] [get_ips blk_mem_gen_0]
generate_target {instantiation_template} [get_files {{c:/Users/Brian Worts/Desktop/Senior Project/Oscilloscope_Senior_Project/Verilog/FPGA_CODE/FPGA_CODE.srcs/sources_1/ip/blk_mem_gen_0/blk_mem_gen_0.xci}}]
INFO: [IP_Flow 19-1686] Generating 'Instantiation Template' target for IP 'blk_mem_gen_0'...
update_compile_order -fileset sources_1
generate_target all [get_files  {{c:/Users/Brian Worts/Desktop/Senior Project/Oscilloscope_Senior_Project/Verilog/FPGA_CODE/FPGA_CODE.srcs/sources_1/ip/blk_mem_gen_0/blk_mem_gen_0.xci}}]
INFO: [IP_Flow 19-1686] Generating 'Synthesis' target for IP 'blk_mem_gen_0'...
INFO: [IP_Flow 19-1686] Generating 'Simulation' target for IP 'blk_mem_gen_0'...
INFO: [IP_Flow 19-1686] Generating 'Miscellaneous' target for IP 'blk_mem_gen_0'...
INFO: [IP_Flow 19-1686] Generating 'Change Log' target for IP 'blk_mem_gen_0'...
catch { config_ip_cache -export [get_ips -all blk_mem_gen_0] }
export_ip_user_files -of_objects [get_files {{c:/Users/Brian Worts/Desktop/Senior Project/Oscilloscope_Senior_Project/Verilog/FPGA_CODE/FPGA_CODE.srcs/sources_1/ip/blk_mem_gen_0/blk_mem_gen_0.xci}}] -no_script -sync -force -quiet
create_ip_run [get_files -of_objects [get_fileset sources_1] {{c:/Users/Brian Worts/Desktop/Senior Project/Oscilloscope_Senior_Project/Verilog/FPGA_CODE/FPGA_CODE.srcs/sources_1/ip/blk_mem_gen_0/blk_mem_gen_0.xci}}]
launch_runs -jobs 4 blk_mem_gen_0_synth_1
[Mon Oct 19 11:39:42 2020] Launched blk_mem_gen_0_synth_1...
Run output will be captured here: C:/Users/Brian Worts/Desktop/Senior Project/Oscilloscope_Senior_Project/Verilog/FPGA_CODE/FPGA_CODE.runs/blk_mem_gen_0_synth_1/runme.log
export_simulation -of_objects [get_files {{c:/Users/Brian Worts/Desktop/Senior Project/Oscilloscope_Senior_Project/Verilog/FPGA_CODE/FPGA_CODE.srcs/sources_1/ip/blk_mem_gen_0/blk_mem_gen_0.xci}}] -directory {C:/Users/Brian Worts/Desktop/Senior Project/Oscilloscope_Senior_Project/Verilog/FPGA_CODE/FPGA_CODE.ip_user_files/sim_scripts} -ip_user_files_dir {C:/Users/Brian Worts/Desktop/Senior Project/Oscilloscope_Senior_Project/Verilog/FPGA_CODE/FPGA_CODE.ip_user_files} -ipstatic_source_dir {C:/Users/Brian Worts/Desktop/Senior Project/Oscilloscope_Senior_Project/Verilog/FPGA_CODE/FPGA_CODE.ip_user_files/ipstatic} -lib_map_path [list {modelsim=C:/Users/Brian Worts/Desktop/Senior Project/Oscilloscope_Senior_Project/Verilog/FPGA_CODE/FPGA_CODE.cache/compile_simlib/modelsim} {questa=C:/Users/Brian Worts/Desktop/Senior Project/Oscilloscope_Senior_Project/Verilog/FPGA_CODE/FPGA_CODE.cache/compile_simlib/questa} {riviera=C:/Users/Brian Worts/Desktop/Senior Project/Oscilloscope_Senior_Project/Verilog/FPGA_CODE/FPGA_CODE.cache/compile_simlib/riviera} {activehdl=C:/Users/Brian Worts/Desktop/Senior Project/Oscilloscope_Senior_Project/Verilog/FPGA_CODE/FPGA_CODE.cache/compile_simlib/activehdl}] -use_ip_compiled_libs -force -quiet
WARNING: [IP_Flow 19-4067] Ignoring invalid widget type specified checkbox.Providing a default widget
WARNING: [IP_Flow 19-4067] Ignoring invalid widget type specified checkbox.Providing a default widget
WARNING: [IP_Flow 19-4067] Ignoring invalid widget type specified checkbox.Providing a default widget
WARNING: [IP_Flow 19-4067] Ignoring invalid widget type specified checkbox.Providing a default widget
update_compile_order -fileset sources_1
export_ip_user_files -of_objects  [get_files {{C:/Users/Brian Worts/Desktop/Senior Project/Oscilloscope_Senior_Project/Verilog/FPGA_CODE/FPGA_CODE.srcs/sources_1/new/BlockRam.v}}] -no_script -reset -force -quiet
remove_files  {{C:/Users/Brian Worts/Desktop/Senior Project/Oscilloscope_Senior_Project/Verilog/FPGA_CODE/FPGA_CODE.srcs/sources_1/new/BlockRam.v}}
update_compile_order -fileset sources_1
update_compile_order -fileset sources_1
update_compile_order -fileset sources_1
update_compile_order -fileset sources_1
update_compile_order -fileset sources_1
update_compile_order -fileset sources_1
exit
INFO: [Common 17-206] Exiting Vivado at Tue Oct 20 10:06:18 2020...
