#-----------------------------------------------------------
# Vivado v2019.1 (64-bit)
# SW Build 2552052 on Fri May 24 14:49:42 MDT 2019
# IP Build 2548770 on Fri May 24 18:01:18 MDT 2019
# Start of session at: Mon Nov 23 17:03:48 2020
# Process ID: 14668
# Current directory: D:/SeniorProject/Oscilloscope_Senior_Project/Verilog/Implementation
# Command line: vivado.exe -gui_launcher_event rodinguilauncherevent14356 D:\SeniorProject\Oscilloscope_Senior_Project\Verilog\Implementation\Board_Implementation.xpr
# Log file: D:/SeniorProject/Oscilloscope_Senior_Project/Verilog/Implementation/vivado.log
# Journal file: D:/SeniorProject/Oscilloscope_Senior_Project/Verilog/Implementation\vivado.jou
#-----------------------------------------------------------
start_gui
open_project D:/SeniorProject/Oscilloscope_Senior_Project/Verilog/Implementation/Board_Implementation.xpr
Scanning sources...
Finished scanning sources
INFO: [IP_Flow 19-234] Refreshing IP repositories
INFO: [IP_Flow 19-1704] No user IP repositories specified
INFO: [IP_Flow 19-2313] Loaded Vivado IP repository 'D:/Xilinx/Vivado/2019.1/data/ip'.
open_project: Time (s): cpu = 00:00:13 ; elapsed = 00:00:21 . Memory (MB): peak = 669.094 ; gain = 67.941
update_compile_order -fileset sources_1
launch_simulation
INFO: [Vivado 12-5682] Launching behavioral simulation in 'D:/SeniorProject/Oscilloscope_Senior_Project/Verilog/Implementation/Board_Implementation.sim/sim_1/behav/xsim'
INFO: [SIM-utils-51] Simulation object is 'sim_1'
INFO: [SIM-utils-54] Inspecting design source files for 'testbench' in fileset 'sim_1'...
INFO: [USF-XSim-97] Finding global include files...
INFO: [USF-XSim-98] Fetching design files from 'sim_1'...
INFO: [USF-XSim-2] XSim::Compile design
INFO: [USF-XSim-61] Executing 'COMPILE and ANALYZE' step in 'D:/SeniorProject/Oscilloscope_Senior_Project/Verilog/Implementation/Board_Implementation.sim/sim_1/behav/xsim'
"xvlog --incr --relax -prj testbench_vlog.prj"
INFO: [VRFC 10-2263] Analyzing Verilog file "D:/SeniorProject/Oscilloscope_Senior_Project/Verilog/Implementation/Board_Implementation.srcs/sources_1/new/Regs.v" into library xil_defaultlib
INFO: [VRFC 10-311] analyzing module Regs
INFO: [VRFC 10-2263] Analyzing Verilog file "D:/SeniorProject/Oscilloscope_Senior_Project/Verilog/Implementation/Board_Implementation.srcs/sources_1/new/SPI.v" into library xil_defaultlib
INFO: [VRFC 10-311] analyzing module SPI
INFO: [VRFC 10-2263] Analyzing Verilog file "D:/SeniorProject/Oscilloscope_Senior_Project/Verilog/Implementation/Board_Implementation.srcs/sources_1/new/Top.v" into library xil_defaultlib
INFO: [VRFC 10-311] analyzing module Top
INFO: [VRFC 10-2263] Analyzing Verilog file "D:/SeniorProject/Oscilloscope_Senior_Project/Verilog/Implementation/Board_Implementation.srcs/sim_1/new/testbench.v" into library xil_defaultlib
INFO: [VRFC 10-311] analyzing module testbench
INFO: [USF-XSim-69] 'compile' step finished in '3' seconds
INFO: [USF-XSim-3] XSim::Elaborate design
INFO: [USF-XSim-61] Executing 'ELABORATE' step in 'D:/SeniorProject/Oscilloscope_Senior_Project/Verilog/Implementation/Board_Implementation.sim/sim_1/behav/xsim'
"xelab -wto d35a3957e1cd48e28bfba9221089c25e --incr --debug typical --relax --mt 2 -L xil_defaultlib -L unisims_ver -L unimacro_ver -L secureip --snapshot testbench_behav xil_defaultlib.testbench xil_defaultlib.glbl -log elaborate.log"
Vivado Simulator 2019.1
Copyright 1986-1999, 2001-2019 Xilinx, Inc. All Rights Reserved.
Running: D:/Xilinx/Vivado/2019.1/bin/unwrapped/win64.o/xelab.exe -wto d35a3957e1cd48e28bfba9221089c25e --incr --debug typical --relax --mt 2 -L xil_defaultlib -L unisims_ver -L unimacro_ver -L secureip --snapshot testbench_behav xil_defaultlib.testbench xil_defaultlib.glbl -log elaborate.log 
Using 2 slave threads.
Starting static elaboration
Completed static elaboration
Starting simulation data flow analysis
Completed simulation data flow analysis
Time Resolution for simulation is 1ps
Compiling module xil_defaultlib.Regs
Compiling module xil_defaultlib.SPI
Compiling module xil_defaultlib.Top
Compiling module xil_defaultlib.testbench
Compiling module xil_defaultlib.glbl
Built simulation snapshot testbench_behav
run_program: Time (s): cpu = 00:00:00 ; elapsed = 00:00:05 . Memory (MB): peak = 712.422 ; gain = 0.000
INFO: [USF-XSim-69] 'elaborate' step finished in '5' seconds
INFO: [USF-XSim-4] XSim::Simulate design
INFO: [USF-XSim-61] Executing 'SIMULATE' step in 'D:/SeniorProject/Oscilloscope_Senior_Project/Verilog/Implementation/Board_Implementation.sim/sim_1/behav/xsim'
INFO: [USF-XSim-98] *** Running xsim
   with args "testbench_behav -key {Behavioral:sim_1:Functional:testbench} -tclbatch {testbench.tcl} -view {D:/SeniorProject/Oscilloscope_Senior_Project/Verilog/Implementation/testbench_behav.wcfg} -log {simulate.log}"
INFO: [USF-XSim-8] Loading simulator feature
Vivado Simulator 2019.1
Time resolution is 1 ps
open_wave_config D:/SeniorProject/Oscilloscope_Senior_Project/Verilog/Implementation/testbench_behav.wcfg
source testbench.tcl
# set curr_wave [current_wave_config]
# if { [string length $curr_wave] == 0 } {
#   if { [llength [get_objects]] > 0} {
#     add_wave /
#     set_property needs_save false [current_wave_config]
#   } else {
#      send_msg_id Add_Wave-1 WARNING "No top level signals found. Simulator will start without a wave window. If you want to open a wave window go to 'File->New Waveform Configuration' or type 'create_wave_config' in the TCL console."
#   }
# }
# run 1000ns
INFO: [USF-XSim-96] XSim completed. Design snapshot 'testbench_behav' loaded.
INFO: [USF-XSim-97] XSim simulation ran for 1000ns
launch_simulation: Time (s): cpu = 00:00:09 ; elapsed = 00:00:16 . Memory (MB): peak = 739.023 ; gain = 26.602
run 2000 ns
run 2000 ns
relaunch_sim
INFO: [Vivado 12-5682] Launching behavioral simulation in 'D:/SeniorProject/Oscilloscope_Senior_Project/Verilog/Implementation/Board_Implementation.sim/sim_1/behav/xsim'
INFO: [SIM-utils-51] Simulation object is 'sim_1'
INFO: [SIM-utils-54] Inspecting design source files for 'testbench' in fileset 'sim_1'...
INFO: [USF-XSim-97] Finding global include files...
INFO: [USF-XSim-98] Fetching design files from 'sim_1'...
INFO: [USF-XSim-2] XSim::Compile design
INFO: [USF-XSim-61] Executing 'COMPILE and ANALYZE' step in 'D:/SeniorProject/Oscilloscope_Senior_Project/Verilog/Implementation/Board_Implementation.sim/sim_1/behav/xsim'
"xvlog --incr --relax -prj testbench_vlog.prj"
INFO: [VRFC 10-2263] Analyzing Verilog file "D:/SeniorProject/Oscilloscope_Senior_Project/Verilog/Implementation/Board_Implementation.srcs/sources_1/new/Regs.v" into library xil_defaultlib
INFO: [VRFC 10-311] analyzing module Regs
INFO: [VRFC 10-2263] Analyzing Verilog file "D:/SeniorProject/Oscilloscope_Senior_Project/Verilog/Implementation/Board_Implementation.srcs/sources_1/new/SPI.v" into library xil_defaultlib
INFO: [VRFC 10-311] analyzing module SPI
INFO: [VRFC 10-2263] Analyzing Verilog file "D:/SeniorProject/Oscilloscope_Senior_Project/Verilog/Implementation/Board_Implementation.srcs/sources_1/new/Top.v" into library xil_defaultlib
INFO: [VRFC 10-311] analyzing module Top
INFO: [VRFC 10-2263] Analyzing Verilog file "D:/SeniorProject/Oscilloscope_Senior_Project/Verilog/Implementation/Board_Implementation.srcs/sim_1/new/testbench.v" into library xil_defaultlib
INFO: [VRFC 10-311] analyzing module testbench
INFO: [USF-XSim-69] 'compile' step finished in '2' seconds
INFO: [Vivado 12-5682] Launching behavioral simulation in 'D:/SeniorProject/Oscilloscope_Senior_Project/Verilog/Implementation/Board_Implementation.sim/sim_1/behav/xsim'
INFO: [USF-XSim-3] XSim::Elaborate design
INFO: [USF-XSim-61] Executing 'ELABORATE' step in 'D:/SeniorProject/Oscilloscope_Senior_Project/Verilog/Implementation/Board_Implementation.sim/sim_1/behav/xsim'
"xelab -wto d35a3957e1cd48e28bfba9221089c25e --incr --debug typical --relax --mt 2 -L xil_defaultlib -L unisims_ver -L unimacro_ver -L secureip --snapshot testbench_behav xil_defaultlib.testbench xil_defaultlib.glbl -log elaborate.log"
Vivado Simulator 2019.1
Copyright 1986-1999, 2001-2019 Xilinx, Inc. All Rights Reserved.
Running: D:/Xilinx/Vivado/2019.1/bin/unwrapped/win64.o/xelab.exe -wto d35a3957e1cd48e28bfba9221089c25e --incr --debug typical --relax --mt 2 -L xil_defaultlib -L unisims_ver -L unimacro_ver -L secureip --snapshot testbench_behav xil_defaultlib.testbench xil_defaultlib.glbl -log elaborate.log 
Using 2 slave threads.
Starting static elaboration
Completed static elaboration
Starting simulation data flow analysis
Completed simulation data flow analysis
Time Resolution for simulation is 1ps
Compiling module xil_defaultlib.Regs
Compiling module xil_defaultlib.SPI
Compiling module xil_defaultlib.Top
Compiling module xil_defaultlib.testbench
Compiling module xil_defaultlib.glbl
Built simulation snapshot testbench_behav
INFO: [USF-XSim-69] 'elaborate' step finished in '2' seconds
Vivado Simulator 2019.1
Time resolution is 1 ps
relaunch_sim: Time (s): cpu = 00:00:02 ; elapsed = 00:00:08 . Memory (MB): peak = 746.887 ; gain = 0.000
run 2000 ns
run 2000 ns
relaunch_sim
INFO: [Vivado 12-5682] Launching behavioral simulation in 'D:/SeniorProject/Oscilloscope_Senior_Project/Verilog/Implementation/Board_Implementation.sim/sim_1/behav/xsim'
INFO: [SIM-utils-51] Simulation object is 'sim_1'
INFO: [SIM-utils-54] Inspecting design source files for 'testbench' in fileset 'sim_1'...
INFO: [USF-XSim-97] Finding global include files...
INFO: [USF-XSim-98] Fetching design files from 'sim_1'...
INFO: [USF-XSim-2] XSim::Compile design
INFO: [USF-XSim-61] Executing 'COMPILE and ANALYZE' step in 'D:/SeniorProject/Oscilloscope_Senior_Project/Verilog/Implementation/Board_Implementation.sim/sim_1/behav/xsim'
"xvlog --incr --relax -prj testbench_vlog.prj"
INFO: [VRFC 10-2263] Analyzing Verilog file "D:/SeniorProject/Oscilloscope_Senior_Project/Verilog/Implementation/Board_Implementation.srcs/sources_1/new/Regs.v" into library xil_defaultlib
INFO: [VRFC 10-311] analyzing module Regs
INFO: [VRFC 10-2263] Analyzing Verilog file "D:/SeniorProject/Oscilloscope_Senior_Project/Verilog/Implementation/Board_Implementation.srcs/sources_1/new/SPI.v" into library xil_defaultlib
INFO: [VRFC 10-311] analyzing module SPI
INFO: [VRFC 10-2263] Analyzing Verilog file "D:/SeniorProject/Oscilloscope_Senior_Project/Verilog/Implementation/Board_Implementation.srcs/sources_1/new/Top.v" into library xil_defaultlib
INFO: [VRFC 10-311] analyzing module Top
INFO: [VRFC 10-2263] Analyzing Verilog file "D:/SeniorProject/Oscilloscope_Senior_Project/Verilog/Implementation/Board_Implementation.srcs/sim_1/new/testbench.v" into library xil_defaultlib
INFO: [VRFC 10-311] analyzing module testbench
INFO: [USF-XSim-69] 'compile' step finished in '2' seconds
INFO: [Vivado 12-5682] Launching behavioral simulation in 'D:/SeniorProject/Oscilloscope_Senior_Project/Verilog/Implementation/Board_Implementation.sim/sim_1/behav/xsim'
INFO: [USF-XSim-3] XSim::Elaborate design
INFO: [USF-XSim-61] Executing 'ELABORATE' step in 'D:/SeniorProject/Oscilloscope_Senior_Project/Verilog/Implementation/Board_Implementation.sim/sim_1/behav/xsim'
"xelab -wto d35a3957e1cd48e28bfba9221089c25e --incr --debug typical --relax --mt 2 -L xil_defaultlib -L unisims_ver -L unimacro_ver -L secureip --snapshot testbench_behav xil_defaultlib.testbench xil_defaultlib.glbl -log elaborate.log"
Vivado Simulator 2019.1
Copyright 1986-1999, 2001-2019 Xilinx, Inc. All Rights Reserved.
Running: D:/Xilinx/Vivado/2019.1/bin/unwrapped/win64.o/xelab.exe -wto d35a3957e1cd48e28bfba9221089c25e --incr --debug typical --relax --mt 2 -L xil_defaultlib -L unisims_ver -L unimacro_ver -L secureip --snapshot testbench_behav xil_defaultlib.testbench xil_defaultlib.glbl -log elaborate.log 
Using 2 slave threads.
Starting static elaboration
Completed static elaboration
Starting simulation data flow analysis
Completed simulation data flow analysis
Time Resolution for simulation is 1ps
Compiling module xil_defaultlib.Regs
Compiling module xil_defaultlib.SPI
Compiling module xil_defaultlib.Top
Compiling module xil_defaultlib.testbench
Compiling module xil_defaultlib.glbl
Built simulation snapshot testbench_behav
INFO: [USF-XSim-69] 'elaborate' step finished in '1' seconds
Vivado Simulator 2019.1
Time resolution is 1 ps
relaunch_sim: Time (s): cpu = 00:00:02 ; elapsed = 00:00:07 . Memory (MB): peak = 769.762 ; gain = 0.000
run 2000 ns
relaunch_sim
INFO: [Vivado 12-5682] Launching behavioral simulation in 'D:/SeniorProject/Oscilloscope_Senior_Project/Verilog/Implementation/Board_Implementation.sim/sim_1/behav/xsim'
INFO: [SIM-utils-51] Simulation object is 'sim_1'
INFO: [SIM-utils-54] Inspecting design source files for 'testbench' in fileset 'sim_1'...
INFO: [USF-XSim-97] Finding global include files...
INFO: [USF-XSim-98] Fetching design files from 'sim_1'...
INFO: [USF-XSim-2] XSim::Compile design
INFO: [USF-XSim-61] Executing 'COMPILE and ANALYZE' step in 'D:/SeniorProject/Oscilloscope_Senior_Project/Verilog/Implementation/Board_Implementation.sim/sim_1/behav/xsim'
"xvlog --incr --relax -prj testbench_vlog.prj"
INFO: [VRFC 10-2263] Analyzing Verilog file "D:/SeniorProject/Oscilloscope_Senior_Project/Verilog/Implementation/Board_Implementation.srcs/sources_1/new/Regs.v" into library xil_defaultlib
INFO: [VRFC 10-311] analyzing module Regs
INFO: [VRFC 10-2263] Analyzing Verilog file "D:/SeniorProject/Oscilloscope_Senior_Project/Verilog/Implementation/Board_Implementation.srcs/sources_1/new/SPI.v" into library xil_defaultlib
INFO: [VRFC 10-311] analyzing module SPI
INFO: [VRFC 10-2263] Analyzing Verilog file "D:/SeniorProject/Oscilloscope_Senior_Project/Verilog/Implementation/Board_Implementation.srcs/sources_1/new/Top.v" into library xil_defaultlib
INFO: [VRFC 10-311] analyzing module Top
INFO: [VRFC 10-2263] Analyzing Verilog file "D:/SeniorProject/Oscilloscope_Senior_Project/Verilog/Implementation/Board_Implementation.srcs/sim_1/new/testbench.v" into library xil_defaultlib
INFO: [VRFC 10-311] analyzing module testbench
INFO: [USF-XSim-69] 'compile' step finished in '2' seconds
INFO: [Vivado 12-5682] Launching behavioral simulation in 'D:/SeniorProject/Oscilloscope_Senior_Project/Verilog/Implementation/Board_Implementation.sim/sim_1/behav/xsim'
INFO: [USF-XSim-3] XSim::Elaborate design
INFO: [USF-XSim-61] Executing 'ELABORATE' step in 'D:/SeniorProject/Oscilloscope_Senior_Project/Verilog/Implementation/Board_Implementation.sim/sim_1/behav/xsim'
"xelab -wto d35a3957e1cd48e28bfba9221089c25e --incr --debug typical --relax --mt 2 -L xil_defaultlib -L unisims_ver -L unimacro_ver -L secureip --snapshot testbench_behav xil_defaultlib.testbench xil_defaultlib.glbl -log elaborate.log"
Vivado Simulator 2019.1
Copyright 1986-1999, 2001-2019 Xilinx, Inc. All Rights Reserved.
Running: D:/Xilinx/Vivado/2019.1/bin/unwrapped/win64.o/xelab.exe -wto d35a3957e1cd48e28bfba9221089c25e --incr --debug typical --relax --mt 2 -L xil_defaultlib -L unisims_ver -L unimacro_ver -L secureip --snapshot testbench_behav xil_defaultlib.testbench xil_defaultlib.glbl -log elaborate.log 
Using 2 slave threads.
Starting static elaboration
Completed static elaboration
Starting simulation data flow analysis
Completed simulation data flow analysis
Time Resolution for simulation is 1ps
Compiling module xil_defaultlib.Regs
Compiling module xil_defaultlib.SPI
Compiling module xil_defaultlib.Top
Compiling module xil_defaultlib.testbench
Compiling module xil_defaultlib.glbl
Built simulation snapshot testbench_behav
INFO: [USF-XSim-69] 'elaborate' step finished in '2' seconds
Vivado Simulator 2019.1
Time resolution is 1 ps
relaunch_sim: Time (s): cpu = 00:00:02 ; elapsed = 00:00:08 . Memory (MB): peak = 769.762 ; gain = 0.000
run 2000 ns
relaunch_sim
INFO: [Vivado 12-5682] Launching behavioral simulation in 'D:/SeniorProject/Oscilloscope_Senior_Project/Verilog/Implementation/Board_Implementation.sim/sim_1/behav/xsim'
INFO: [SIM-utils-51] Simulation object is 'sim_1'
INFO: [SIM-utils-54] Inspecting design source files for 'testbench' in fileset 'sim_1'...
INFO: [USF-XSim-97] Finding global include files...
INFO: [USF-XSim-98] Fetching design files from 'sim_1'...
INFO: [USF-XSim-2] XSim::Compile design
INFO: [USF-XSim-61] Executing 'COMPILE and ANALYZE' step in 'D:/SeniorProject/Oscilloscope_Senior_Project/Verilog/Implementation/Board_Implementation.sim/sim_1/behav/xsim'
"xvlog --incr --relax -prj testbench_vlog.prj"
INFO: [VRFC 10-2263] Analyzing Verilog file "D:/SeniorProject/Oscilloscope_Senior_Project/Verilog/Implementation/Board_Implementation.srcs/sources_1/new/Regs.v" into library xil_defaultlib
INFO: [VRFC 10-311] analyzing module Regs
INFO: [VRFC 10-2263] Analyzing Verilog file "D:/SeniorProject/Oscilloscope_Senior_Project/Verilog/Implementation/Board_Implementation.srcs/sources_1/new/SPI.v" into library xil_defaultlib
INFO: [VRFC 10-311] analyzing module SPI
INFO: [VRFC 10-2263] Analyzing Verilog file "D:/SeniorProject/Oscilloscope_Senior_Project/Verilog/Implementation/Board_Implementation.srcs/sources_1/new/Top.v" into library xil_defaultlib
INFO: [VRFC 10-311] analyzing module Top
INFO: [VRFC 10-2263] Analyzing Verilog file "D:/SeniorProject/Oscilloscope_Senior_Project/Verilog/Implementation/Board_Implementation.srcs/sim_1/new/testbench.v" into library xil_defaultlib
INFO: [VRFC 10-311] analyzing module testbench
INFO: [USF-XSim-69] 'compile' step finished in '2' seconds
INFO: [Vivado 12-5682] Launching behavioral simulation in 'D:/SeniorProject/Oscilloscope_Senior_Project/Verilog/Implementation/Board_Implementation.sim/sim_1/behav/xsim'
INFO: [USF-XSim-3] XSim::Elaborate design
INFO: [USF-XSim-61] Executing 'ELABORATE' step in 'D:/SeniorProject/Oscilloscope_Senior_Project/Verilog/Implementation/Board_Implementation.sim/sim_1/behav/xsim'
"xelab -wto d35a3957e1cd48e28bfba9221089c25e --incr --debug typical --relax --mt 2 -L xil_defaultlib -L unisims_ver -L unimacro_ver -L secureip --snapshot testbench_behav xil_defaultlib.testbench xil_defaultlib.glbl -log elaborate.log"
Vivado Simulator 2019.1
Copyright 1986-1999, 2001-2019 Xilinx, Inc. All Rights Reserved.
Running: D:/Xilinx/Vivado/2019.1/bin/unwrapped/win64.o/xelab.exe -wto d35a3957e1cd48e28bfba9221089c25e --incr --debug typical --relax --mt 2 -L xil_defaultlib -L unisims_ver -L unimacro_ver -L secureip --snapshot testbench_behav xil_defaultlib.testbench xil_defaultlib.glbl -log elaborate.log 
Using 2 slave threads.
Starting static elaboration
Completed static elaboration
Starting simulation data flow analysis
Completed simulation data flow analysis
Time Resolution for simulation is 1ps
Compiling module xil_defaultlib.Regs
Compiling module xil_defaultlib.SPI
Compiling module xil_defaultlib.Top
Compiling module xil_defaultlib.testbench
Compiling module xil_defaultlib.glbl
Built simulation snapshot testbench_behav
INFO: [USF-XSim-69] 'elaborate' step finished in '2' seconds
Vivado Simulator 2019.1
Time resolution is 1 ps
relaunch_sim: Time (s): cpu = 00:00:02 ; elapsed = 00:00:07 . Memory (MB): peak = 769.762 ; gain = 0.000
run 2000 ns
run 2000 ns
run 2000 ns
run 2000 ns
reset_run synth_1
WARNING: [Vivado 12-1017] Problems encountered:
1. Failed to delete one or more files in run directory D:/SeniorProject/Oscilloscope_Senior_Project/Verilog/Implementation/Board_Implementation.runs/synth_1

launch_runs impl_1 -jobs 4
[Mon Nov 23 17:18:43 2020] Launched synth_1...
Run output will be captured here: D:/SeniorProject/Oscilloscope_Senior_Project/Verilog/Implementation/Board_Implementation.runs/synth_1/runme.log
[Mon Nov 23 17:18:43 2020] Launched impl_1...
Run output will be captured here: D:/SeniorProject/Oscilloscope_Senior_Project/Verilog/Implementation/Board_Implementation.runs/impl_1/runme.log
save_wave_config {D:/SeniorProject/Oscilloscope_Senior_Project/Verilog/Implementation/testbench_behav.wcfg}
reset_run synth_1
WARNING: [Vivado 12-1017] Problems encountered:
1. Failed to delete one or more files in run directory D:/SeniorProject/Oscilloscope_Senior_Project/Verilog/Implementation/Board_Implementation.runs/synth_1

launch_runs impl_1 -jobs 4
[Mon Nov 23 17:22:41 2020] Launched synth_1...
Run output will be captured here: D:/SeniorProject/Oscilloscope_Senior_Project/Verilog/Implementation/Board_Implementation.runs/synth_1/runme.log
[Mon Nov 23 17:22:41 2020] Launched impl_1...
Run output will be captured here: D:/SeniorProject/Oscilloscope_Senior_Project/Verilog/Implementation/Board_Implementation.runs/impl_1/runme.log
reset_run synth_1
WARNING: [Vivado 12-1017] Problems encountered:
1. Failed to delete one or more files in run directory D:/SeniorProject/Oscilloscope_Senior_Project/Verilog/Implementation/Board_Implementation.runs/synth_1

launch_runs impl_1 -jobs 4
[Mon Nov 23 17:24:53 2020] Launched synth_1...
Run output will be captured here: D:/SeniorProject/Oscilloscope_Senior_Project/Verilog/Implementation/Board_Implementation.runs/synth_1/runme.log
[Mon Nov 23 17:24:53 2020] Launched impl_1...
Run output will be captured here: D:/SeniorProject/Oscilloscope_Senior_Project/Verilog/Implementation/Board_Implementation.runs/impl_1/runme.log
reset_run synth_1
WARNING: [Vivado 12-1017] Problems encountered:
1. Failed to delete one or more files in run directory D:/SeniorProject/Oscilloscope_Senior_Project/Verilog/Implementation/Board_Implementation.runs/synth_1

launch_runs impl_1 -jobs 4
[Mon Nov 23 17:25:19 2020] Launched synth_1...
Run output will be captured here: D:/SeniorProject/Oscilloscope_Senior_Project/Verilog/Implementation/Board_Implementation.runs/synth_1/runme.log
[Mon Nov 23 17:25:19 2020] Launched impl_1...
Run output will be captured here: D:/SeniorProject/Oscilloscope_Senior_Project/Verilog/Implementation/Board_Implementation.runs/impl_1/runme.log
reset_run synth_1
WARNING: [Vivado 12-1017] Problems encountered:
1. Failed to delete one or more files in run directory D:/SeniorProject/Oscilloscope_Senior_Project/Verilog/Implementation/Board_Implementation.runs/synth_1

launch_runs impl_1 -jobs 4
[Mon Nov 23 17:41:06 2020] Launched synth_1...
Run output will be captured here: D:/SeniorProject/Oscilloscope_Senior_Project/Verilog/Implementation/Board_Implementation.runs/synth_1/runme.log
[Mon Nov 23 17:41:06 2020] Launched impl_1...
Run output will be captured here: D:/SeniorProject/Oscilloscope_Senior_Project/Verilog/Implementation/Board_Implementation.runs/impl_1/runme.log
update_compile_order -fileset sources_1
update_compile_order -fileset sources_1
reset_run synth_1
WARNING: [Vivado 12-1017] Problems encountered:
1. Failed to delete one or more files in run directory D:/SeniorProject/Oscilloscope_Senior_Project/Verilog/Implementation/Board_Implementation.runs/synth_1

launch_runs impl_1 -jobs 4
[Mon Nov 23 17:55:32 2020] Launched synth_1...
Run output will be captured here: D:/SeniorProject/Oscilloscope_Senior_Project/Verilog/Implementation/Board_Implementation.runs/synth_1/runme.log
[Mon Nov 23 17:55:32 2020] Launched impl_1...
Run output will be captured here: D:/SeniorProject/Oscilloscope_Senior_Project/Verilog/Implementation/Board_Implementation.runs/impl_1/runme.log
reset_run synth_1
WARNING: [Vivado 12-1017] Problems encountered:
1. Failed to delete one or more files in run directory D:/SeniorProject/Oscilloscope_Senior_Project/Verilog/Implementation/Board_Implementation.runs/synth_1

launch_runs impl_1 -jobs 4
[Mon Nov 23 17:56:13 2020] Launched synth_1...
Run output will be captured here: D:/SeniorProject/Oscilloscope_Senior_Project/Verilog/Implementation/Board_Implementation.runs/synth_1/runme.log
[Mon Nov 23 17:56:13 2020] Launched impl_1...
Run output will be captured here: D:/SeniorProject/Oscilloscope_Senior_Project/Verilog/Implementation/Board_Implementation.runs/impl_1/runme.log
reset_run synth_1
WARNING: [Vivado 12-1017] Problems encountered:
1. Failed to delete one or more files in run directory D:/SeniorProject/Oscilloscope_Senior_Project/Verilog/Implementation/Board_Implementation.runs/synth_1

launch_runs impl_1 -jobs 4
[Mon Nov 23 17:57:03 2020] Launched synth_1...
Run output will be captured here: D:/SeniorProject/Oscilloscope_Senior_Project/Verilog/Implementation/Board_Implementation.runs/synth_1/runme.log
[Mon Nov 23 17:57:03 2020] Launched impl_1...
Run output will be captured here: D:/SeniorProject/Oscilloscope_Senior_Project/Verilog/Implementation/Board_Implementation.runs/impl_1/runme.log
launch_runs impl_1 -to_step write_bitstream -jobs 4
[Mon Nov 23 17:58:53 2020] Launched impl_1...
Run output will be captured here: D:/SeniorProject/Oscilloscope_Senior_Project/Verilog/Implementation/Board_Implementation.runs/impl_1/runme.log
open_hw
connect_hw_server
INFO: [Labtools 27-2285] Connecting to hw_server url TCP:localhost:3121
INFO: [Labtools 27-2222] Launching hw_server...
INFO: [Labtools 27-2221] Launch Output:

****** Xilinx hw_server v2019.1
  **** Build date : May 24 2019 at 15:13:31
    ** Copyright 1986-2019 Xilinx, Inc. All Rights Reserved.


connect_hw_server: Time (s): cpu = 00:00:00 ; elapsed = 00:00:06 . Memory (MB): peak = 1586.316 ; gain = 0.000
open_hw_target
INFO: [Labtoolstcl 44-466] Opening hw_target localhost:3121/xilinx_tcf/Digilent/210292745191A
set_property PROGRAM.FILE {D:/SeniorProject/Oscilloscope_Senior_Project/Verilog/Implementation/Board_Implementation.runs/impl_1/Top.bit} [get_hw_devices xc7a100t_0]
current_hw_device [get_hw_devices xc7a100t_0]
refresh_hw_device -update_hw_probes false [lindex [get_hw_devices xc7a100t_0] 0]
INFO: [Labtools 27-1435] Device xc7a100t (JTAG device index = 0) is not programmed (DONE status = 0).
set_property PROBES.FILE {} [get_hw_devices xc7a100t_0]
set_property FULL_PROBES.FILE {} [get_hw_devices xc7a100t_0]
set_property PROGRAM.FILE {D:/SeniorProject/Oscilloscope_Senior_Project/Verilog/Implementation/Board_Implementation.runs/impl_1/Top.bit} [get_hw_devices xc7a100t_0]
program_hw_devices [get_hw_devices xc7a100t_0]
INFO: [Labtools 27-3164] End of startup status: HIGH
refresh_hw_device [lindex [get_hw_devices xc7a100t_0] 0]
INFO: [Labtools 27-1434] Device xc7a100t (JTAG device index = 0) is programmed with a design that has no supported debug core(s) in it.
ERROR: [Labtoolstcl 44-513] HW Target shutdown. Closing target: localhost:3121/xilinx_tcf/Digilent/210292745191A
INFO: [Labtoolstcl 44-466] Opening hw_target localhost:3121/xilinx_tcf/Digilent/210292745191A
INFO: [Labtools 27-1435] Device xc7a100t (JTAG device index = 0) is not programmed (DONE status = 0).
WARNING: [Labtoolstcl 44-129] No matching hw_ila_data was found.
refresh_hw_device [lindex [get_hw_devices xc7a100t_0] 0]
INFO: [Labtools 27-1435] Device xc7a100t (JTAG device index = 0) is not programmed (DONE status = 0).
set_property PROBES.FILE {} [get_hw_devices xc7a100t_0]
set_property FULL_PROBES.FILE {} [get_hw_devices xc7a100t_0]
set_property PROGRAM.FILE {D:/SeniorProject/Oscilloscope_Senior_Project/Verilog/Implementation/Board_Implementation.runs/impl_1/Top.bit} [get_hw_devices xc7a100t_0]
program_hw_devices [get_hw_devices xc7a100t_0]
INFO: [Labtools 27-3164] End of startup status: HIGH
refresh_hw_device [lindex [get_hw_devices xc7a100t_0] 0]
INFO: [Labtools 27-1434] Device xc7a100t (JTAG device index = 0) is programmed with a design that has no supported debug core(s) in it.
reset_run synth_1
WARNING: [Vivado 12-1017] Problems encountered:
1. Failed to delete one or more files in run directory D:/SeniorProject/Oscilloscope_Senior_Project/Verilog/Implementation/Board_Implementation.runs/synth_1

launch_runs impl_1 -jobs 4
[Mon Nov 23 19:01:40 2020] Launched synth_1...
Run output will be captured here: D:/SeniorProject/Oscilloscope_Senior_Project/Verilog/Implementation/Board_Implementation.runs/synth_1/runme.log
[Mon Nov 23 19:01:40 2020] Launched impl_1...
Run output will be captured here: D:/SeniorProject/Oscilloscope_Senior_Project/Verilog/Implementation/Board_Implementation.runs/impl_1/runme.log
launch_runs impl_1 -to_step write_bitstream -jobs 4
[Mon Nov 23 19:03:32 2020] Launched impl_1...
Run output will be captured here: D:/SeniorProject/Oscilloscope_Senior_Project/Verilog/Implementation/Board_Implementation.runs/impl_1/runme.log
reset_run synth_1
WARNING: [Vivado 12-1017] Problems encountered:
1. Failed to delete one or more files in run directory D:/SeniorProject/Oscilloscope_Senior_Project/Verilog/Implementation/Board_Implementation.runs/synth_1

launch_runs impl_1 -to_step write_bitstream -jobs 4
[Mon Nov 23 19:04:37 2020] Launched synth_1...
Run output will be captured here: D:/SeniorProject/Oscilloscope_Senior_Project/Verilog/Implementation/Board_Implementation.runs/synth_1/runme.log
[Mon Nov 23 19:04:37 2020] Launched impl_1...
Run output will be captured here: D:/SeniorProject/Oscilloscope_Senior_Project/Verilog/Implementation/Board_Implementation.runs/impl_1/runme.log
reset_run synth_1
WARNING: [Vivado 12-1017] Problems encountered:
1. Failed to delete one or more files in run directory D:/SeniorProject/Oscilloscope_Senior_Project/Verilog/Implementation/Board_Implementation.runs/synth_1

launch_runs impl_1 -to_step write_bitstream -jobs 4
[Mon Nov 23 19:08:03 2020] Launched synth_1...
Run output will be captured here: D:/SeniorProject/Oscilloscope_Senior_Project/Verilog/Implementation/Board_Implementation.runs/synth_1/runme.log
[Mon Nov 23 19:08:03 2020] Launched impl_1...
Run output will be captured here: D:/SeniorProject/Oscilloscope_Senior_Project/Verilog/Implementation/Board_Implementation.runs/impl_1/runme.log
set_property PROBES.FILE {} [get_hw_devices xc7a100t_0]
set_property FULL_PROBES.FILE {} [get_hw_devices xc7a100t_0]
set_property PROGRAM.FILE {D:/SeniorProject/Oscilloscope_Senior_Project/Verilog/Implementation/Board_Implementation.runs/impl_1/Top.bit} [get_hw_devices xc7a100t_0]
program_hw_devices [get_hw_devices xc7a100t_0]
INFO: [Labtools 27-3164] End of startup status: HIGH
refresh_hw_device [lindex [get_hw_devices xc7a100t_0] 0]
INFO: [Labtools 27-1434] Device xc7a100t (JTAG device index = 0) is programmed with a design that has no supported debug core(s) in it.
ERROR: [Labtoolstcl 44-513] HW Target shutdown. Closing target: localhost:3121/xilinx_tcf/Digilent/210292745191A
close_hw
