#-----------------------------------------------------------
# Vivado v2019.1 (64-bit)
# SW Build 2552052 on Fri May 24 14:49:42 MDT 2019
# IP Build 2548770 on Fri May 24 18:01:18 MDT 2019
# Start of session at: Mon Nov 23 16:57:00 2020
# Process ID: 21248
# Current directory: D:/SeniorProject/Oscilloscope_Senior_Project/Verilog/Implementation
# Command line: vivado.exe -gui_launcher_event rodinguilauncherevent18296 D:\SeniorProject\Oscilloscope_Senior_Project\Verilog\Implementation\Board_Implementation.xpr
# Log file: D:/SeniorProject/Oscilloscope_Senior_Project/Verilog/Implementation/vivado.log
# Journal file: D:/SeniorProject/Oscilloscope_Senior_Project/Verilog/Implementation\vivado.jou
#-----------------------------------------------------------
start_gui
open_project D:/SeniorProject/Oscilloscope_Senior_Project/Verilog/Implementation/Board_Implementation.xpr
Scanning sources...
Finished scanning sources
INFO: [IP_Flow 19-234] Refreshing IP repositories
INFO: [IP_Flow 19-1704] No user IP repositories specified
INFO: [IP_Flow 19-2313] Loaded Vivado IP repository 'D:/Xilinx/Vivado/2019.1/data/ip'.
update_compile_order -fileset sources_1
launch_simulation
boost::filesystem::remove: The process cannot access the file because it is being used by another process: "D:/SeniorProject/Oscilloscope_Senior_Project/Verilog/Implementation/Board_Implementation.sim/sim_1/behav/xsim/simulate.log"
launch_simulation
boost::filesystem::remove: The process cannot access the file because it is being used by another process: "D:/SeniorProject/Oscilloscope_Senior_Project/Verilog/Implementation/Board_Implementation.sim/sim_1/behav/xsim/simulate.log"
exit
INFO: [Common 17-206] Exiting Vivado at Mon Nov 23 17:01:25 2020...
