#-----------------------------------------------------------
# Vivado v2019.1 (64-bit)
# SW Build 2552052 on Fri May 24 14:49:42 MDT 2019
# IP Build 2548770 on Fri May 24 18:01:18 MDT 2019
# Start of session at: Thu Nov  5 22:49:28 2020
# Process ID: 30952
# Current directory: D:/SeniorProject/Oscilloscope_Senior_Project/Verilog/FPGA_CODE
# Command line: vivado.exe -gui_launcher_event rodinguilauncherevent24308 D:\SeniorProject\Oscilloscope_Senior_Project\Verilog\FPGA_CODE\FPGA_CODE.xpr
# Log file: D:/SeniorProject/Oscilloscope_Senior_Project/Verilog/FPGA_CODE/vivado.log
# Journal file: D:/SeniorProject/Oscilloscope_Senior_Project/Verilog/FPGA_CODE\vivado.jou
#-----------------------------------------------------------
start_gui
open_project D:/SeniorProject/Oscilloscope_Senior_Project/Verilog/FPGA_CODE/FPGA_CODE.xpr
INFO: [Project 1-313] Project file moved from 'C:/Users/Brian Worts/Desktop/Senior Project/Oscilloscope_Senior_Project/Verilog/FPGA_CODE' since last save.
Scanning sources...
Finished scanning sources
INFO: [IP_Flow 19-234] Refreshing IP repositories
INFO: [IP_Flow 19-1704] No user IP repositories specified
INFO: [IP_Flow 19-2313] Loaded Vivado IP repository 'D:/Xilinx/Vivado/2019.1/data/ip'.
open_project: Time (s): cpu = 00:00:13 ; elapsed = 00:00:06 . Memory (MB): peak = 735.934 ; gain = 104.363
update_compile_order -fileset sources_1
WARNING: [IP_Flow 19-4067] Ignoring invalid widget type specified checkbox.Providing a default widget
WARNING: [IP_Flow 19-4067] Ignoring invalid widget type specified checkbox.Providing a default widget
