#-----------------------------------------------------------
# Vivado v2019.1 (64-bit)
# SW Build 2552052 on Fri May 24 14:49:42 MDT 2019
# IP Build 2548770 on Fri May 24 18:01:18 MDT 2019
# Start of session at: Fri Oct 23 14:23:59 2020
# Process ID: 6888
# Current directory: C:/Users/Brian Worts/Desktop/Senior Project/Oscilloscope_Senior_Project/Verilog/FPGA_CODE
# Command line: vivado.exe -gui_launcher_event rodinguilauncherevent14616 C:\Users\Brian Worts\Desktop\Senior Project\Oscilloscope_Senior_Project\Verilog\FPGA_CODE\FPGA_CODE.xpr
# Log file: C:/Users/Brian Worts/Desktop/Senior Project/Oscilloscope_Senior_Project/Verilog/FPGA_CODE/vivado.log
# Journal file: C:/Users/Brian Worts/Desktop/Senior Project/Oscilloscope_Senior_Project/Verilog/FPGA_CODE\vivado.jou
#-----------------------------------------------------------
start_gui
open_project {C:/Users/Brian Worts/Desktop/Senior Project/Oscilloscope_Senior_Project/Verilog/FPGA_CODE/FPGA_CODE.xpr}
INFO: [ProjectBase 1-489] The host OS only allows 260 characters in a normal path. The project is stored in a path with more than 80 characters. If you experience issues with IP, Block Designs, or files not being found, please consider moving the project to a location with a shorter path. Alternately consider using the OS subst command to map part of the path to a drive letter.
Current project path is 'C:/Users/Brian Worts/Desktop/Senior Project/Oscilloscope_Senior_Project/Verilog/FPGA_CODE'
Scanning sources...
Finished scanning sources
INFO: [IP_Flow 19-234] Refreshing IP repositories
INFO: [IP_Flow 19-1704] No user IP repositories specified
INFO: [IP_Flow 19-2313] Loaded Vivado IP repository 'D:/Xilinx/Vivado/2019.1/data/ip'.
open_project: Time (s): cpu = 00:00:14 ; elapsed = 00:00:10 . Memory (MB): peak = 667.078 ; gain = 78.598
update_compile_order -fileset sources_1
exit
INFO: [Common 17-206] Exiting Vivado at Fri Oct 23 14:58:45 2020...
