#-----------------------------------------------------------
# Vivado v2019.1 (64-bit)
# SW Build 2552052 on Fri May 24 14:49:42 MDT 2019
# IP Build 2548770 on Fri May 24 18:01:18 MDT 2019
# Start of session at: Mon Nov 23 22:25:53 2020
# Process ID: 10712
# Current directory: D:/SeniorProject/Oscilloscope_Senior_Project/Verilog/DAB_Interface/DAB_Interface
# Command line: vivado.exe -gui_launcher_event rodinguilauncherevent12880 D:\SeniorProject\Oscilloscope_Senior_Project\Verilog\DAB_Interface\DAB_Interface\DAB_Interface.xpr
# Log file: D:/SeniorProject/Oscilloscope_Senior_Project/Verilog/DAB_Interface/DAB_Interface/vivado.log
# Journal file: D:/SeniorProject/Oscilloscope_Senior_Project/Verilog/DAB_Interface/DAB_Interface\vivado.jou
#-----------------------------------------------------------
start_gui
open_project D:/SeniorProject/Oscilloscope_Senior_Project/Verilog/DAB_Interface/DAB_Interface/DAB_Interface.xpr
Scanning sources...
Finished scanning sources
INFO: [IP_Flow 19-234] Refreshing IP repositories
INFO: [IP_Flow 19-1704] No user IP repositories specified
INFO: [IP_Flow 19-2313] Loaded Vivado IP repository 'D:/Xilinx/Vivado/2019.1/data/ip'.
WARNING: [IP_Flow 19-3664] IP 'blk_mem_gen_0' generated file not found 'd:/SeniorProject/Oscilloscope_Senior_Project/Verilog/DAB_Interface/DAB_Interface/DAB_Interface.srcs/sources_1/ip/blk_mem_gen_0/blk_mem_gen_0.dcp'. Please regenerate to continue.
WARNING: [IP_Flow 19-3664] IP 'blk_mem_gen_0' generated file not found 'd:/SeniorProject/Oscilloscope_Senior_Project/Verilog/DAB_Interface/DAB_Interface/DAB_Interface.srcs/sources_1/ip/blk_mem_gen_0/blk_mem_gen_0_stub.v'. Please regenerate to continue.
WARNING: [IP_Flow 19-3664] IP 'blk_mem_gen_0' generated file not found 'd:/SeniorProject/Oscilloscope_Senior_Project/Verilog/DAB_Interface/DAB_Interface/DAB_Interface.srcs/sources_1/ip/blk_mem_gen_0/blk_mem_gen_0_stub.vhdl'. Please regenerate to continue.
WARNING: [IP_Flow 19-3664] IP 'blk_mem_gen_0' generated file not found 'd:/SeniorProject/Oscilloscope_Senior_Project/Verilog/DAB_Interface/DAB_Interface/DAB_Interface.srcs/sources_1/ip/blk_mem_gen_0/blk_mem_gen_0_sim_netlist.v'. Please regenerate to continue.
WARNING: [IP_Flow 19-3664] IP 'blk_mem_gen_0' generated file not found 'd:/SeniorProject/Oscilloscope_Senior_Project/Verilog/DAB_Interface/DAB_Interface/DAB_Interface.srcs/sources_1/ip/blk_mem_gen_0/blk_mem_gen_0_sim_netlist.vhdl'. Please regenerate to continue.
open_project: Time (s): cpu = 00:00:19 ; elapsed = 00:00:07 . Memory (MB): peak = 691.281 ; gain = 55.570
update_compile_order -fileset sources_1
WARNING: [IP_Flow 19-4067] Ignoring invalid widget type specified checkbox.Providing a default widget
WARNING: [IP_Flow 19-4067] Ignoring invalid widget type specified checkbox.Providing a default widget
exit
INFO: [Common 17-206] Exiting Vivado at Mon Nov 23 23:25:20 2020...
