#-----------------------------------------------------------
# Vivado v2020.2 (64-bit)
# SW Build 3064766 on Wed Nov 18 09:12:45 MST 2020
# IP Build 3064653 on Wed Nov 18 14:17:31 MST 2020
# Start of session at: Fri Apr 30 12:55:21 2021
# Process ID: 9720
# Current directory: D:/SeniorProject/Oscilloscope_Senior_Project/Verilog/FullSystem
# Command line: vivado.exe -gui_launcher_event rodinguilauncherevent15292 D:\SeniorProject\Oscilloscope_Senior_Project\Verilog\FullSystem\FullSystem.xpr
# Log file: D:/SeniorProject/Oscilloscope_Senior_Project/Verilog/FullSystem/vivado.log
# Journal file: D:/SeniorProject/Oscilloscope_Senior_Project/Verilog/FullSystem\vivado.jou
#-----------------------------------------------------------
start_gui
open_project D:/SeniorProject/Oscilloscope_Senior_Project/Verilog/FullSystem/FullSystem.xpr
Scanning sources...
Finished scanning sources
INFO: [IP_Flow 19-234] Refreshing IP repositories
INFO: [IP_Flow 19-1704] No user IP repositories specified
INFO: [IP_Flow 19-2313] Loaded Vivado IP repository 'D:/Xilinx/Vivado/2020.2/data/ip'.
WARNING: [IP_Flow 19-2162] IP 'blk_mem_gen_0' is locked:
* IP definition 'Block Memory Generator (8.4)' for IP 'blk_mem_gen_0' (customized with software release 2019.1) has a different revision in the IP Catalog.
open_project: Time (s): cpu = 00:00:16 ; elapsed = 00:00:17 . Memory (MB): peak = 1001.449 ; gain = 0.000
update_compile_order -fileset sources_1
WARNING: [IP_Flow 19-4067] Ignoring invalid widget type specified checkbox.Providing a default widget
WARNING: [IP_Flow 19-4067] Ignoring invalid widget type specified checkbox.Providing a default widget
WARNING: [IP_Flow 19-4067] Ignoring invalid widget type specified checkbox.Providing a default widget
WARNING: [IP_Flow 19-4067] Ignoring invalid widget type specified checkbox.Providing a default widget
reset_run synth_1
launch_runs impl_1 -to_step write_bitstream -jobs 4
[Fri Apr 30 13:21:33 2021] Launched synth_1...
Run output will be captured here: D:/SeniorProject/Oscilloscope_Senior_Project/Verilog/FullSystem/FullSystem.runs/synth_1/runme.log
[Fri Apr 30 13:21:33 2021] Launched impl_1...
Run output will be captured here: D:/SeniorProject/Oscilloscope_Senior_Project/Verilog/FullSystem/FullSystem.runs/impl_1/runme.log
reset_run impl_1
reset_run synth_1
launch_runs impl_1 -to_step write_bitstream -jobs 4
[Fri Apr 30 13:24:38 2021] Launched synth_1...
Run output will be captured here: D:/SeniorProject/Oscilloscope_Senior_Project/Verilog/FullSystem/FullSystem.runs/synth_1/runme.log
[Fri Apr 30 13:24:38 2021] Launched impl_1...
Run output will be captured here: D:/SeniorProject/Oscilloscope_Senior_Project/Verilog/FullSystem/FullSystem.runs/impl_1/runme.log
open_hw_manager
connect_hw_server -allow_non_jtag
INFO: [Labtools 27-2285] Connecting to hw_server url TCP:localhost:3121
INFO: [Labtools 27-2222] Launching hw_server...
INFO: [Labtools 27-2221] Launch Output:

****** Xilinx hw_server v2020.2
  **** Build date : Nov 18 2020 at 10:01:48
    ** Copyright 1986-2020 Xilinx, Inc. All Rights Reserved.


INFO: [Labtools 27-3415] Connecting to cs_server url TCP:localhost:3042
INFO: [Labtools 27-3417] Launching cs_server...
INFO: [Labtools 27-2221] Launch Output:


******** Xilinx cs_server v2020.2
  ****** Build date   : Nov 03 2020-16:02:56
    **** Build number : 2020.2.1604437376
      ** Copyright 2017-2020 Xilinx, Inc. All Rights Reserved.



connect_hw_server: Time (s): cpu = 00:00:00 ; elapsed = 00:00:14 . Memory (MB): peak = 1001.449 ; gain = 0.000
open_hw_target
INFO: [Labtoolstcl 44-466] Opening hw_target localhost:3121/xilinx_tcf/Digilent/210292745191A
open_hw_target: Time (s): cpu = 00:00:06 ; elapsed = 00:00:07 . Memory (MB): peak = 2467.520 ; gain = 1466.070
set_property PROGRAM.FILE {D:/SeniorProject/Oscilloscope_Senior_Project/Verilog/FullSystem/FullSystem.runs/impl_1/Top.bit} [get_hw_devices xc7a100t_0]
current_hw_device [get_hw_devices xc7a100t_0]
refresh_hw_device -update_hw_probes false [lindex [get_hw_devices xc7a100t_0] 0]
INFO: [Labtools 27-1435] Device xc7a100t (JTAG device index = 0) is not programmed (DONE status = 0).
set_property PROBES.FILE {} [get_hw_devices xc7a100t_0]
set_property FULL_PROBES.FILE {} [get_hw_devices xc7a100t_0]
set_property PROGRAM.FILE {D:/SeniorProject/Oscilloscope_Senior_Project/Verilog/FullSystem/FullSystem.runs/impl_1/Top.bit} [get_hw_devices xc7a100t_0]
program_hw_devices [get_hw_devices xc7a100t_0]
INFO: [Labtools 27-3164] End of startup status: HIGH
refresh_hw_device [lindex [get_hw_devices xc7a100t_0] 0]
INFO: [Labtools 27-1434] Device xc7a100t (JTAG device index = 0) is programmed with a design that has no supported debug core(s) in it.
reset_run synth_1
launch_runs impl_1 -to_step write_bitstream -jobs 4
[Fri Apr 30 13:38:40 2021] Launched synth_1...
Run output will be captured here: D:/SeniorProject/Oscilloscope_Senior_Project/Verilog/FullSystem/FullSystem.runs/synth_1/runme.log
[Fri Apr 30 13:38:40 2021] Launched impl_1...
Run output will be captured here: D:/SeniorProject/Oscilloscope_Senior_Project/Verilog/FullSystem/FullSystem.runs/impl_1/runme.log
set_property PROBES.FILE {} [get_hw_devices xc7a100t_0]
set_property FULL_PROBES.FILE {} [get_hw_devices xc7a100t_0]
set_property PROGRAM.FILE {D:/SeniorProject/Oscilloscope_Senior_Project/Verilog/FullSystem/FullSystem.runs/impl_1/Top.bit} [get_hw_devices xc7a100t_0]
program_hw_devices [get_hw_devices xc7a100t_0]
INFO: [Labtools 27-3164] End of startup status: HIGH
refresh_hw_device [lindex [get_hw_devices xc7a100t_0] 0]
INFO: [Labtools 27-1434] Device xc7a100t (JTAG device index = 0) is programmed with a design that has no supported debug core(s) in it.
ERROR: [Labtoolstcl 44-513] HW Target shutdown. Closing target: localhost:3121/xilinx_tcf/Digilent/210292745191A
INFO: [Labtoolstcl 44-466] Opening hw_target localhost:3121/xilinx_tcf/Digilent/210292745191A
INFO: [Labtools 27-1435] Device xc7a100t (JTAG device index = 0) is not programmed (DONE status = 0).
WARNING: [Labtoolstcl 44-129] No matching hw_ila_data was found.
ERROR: [Labtoolstcl 44-513] HW Target shutdown. Closing target: localhost:3121/xilinx_tcf/Digilent/210292745191A
INFO: [Labtoolstcl 44-466] Opening hw_target localhost:3121/xilinx_tcf/Digilent/210292745191A
INFO: [Labtools 27-1435] Device xc7a100t (JTAG device index = 0) is not programmed (DONE status = 0).
WARNING: [Labtoolstcl 44-129] No matching hw_ila_data was found.
set_property PROBES.FILE {} [get_hw_devices xc7a100t_0]
set_property FULL_PROBES.FILE {} [get_hw_devices xc7a100t_0]
set_property PROGRAM.FILE {D:/SeniorProject/Oscilloscope_Senior_Project/Verilog/FullSystem/FullSystem.runs/impl_1/Top.bit} [get_hw_devices xc7a100t_0]
program_hw_devices [get_hw_devices xc7a100t_0]
INFO: [Labtools 27-3164] End of startup status: HIGH
refresh_hw_device [lindex [get_hw_devices xc7a100t_0] 0]
INFO: [Labtools 27-1434] Device xc7a100t (JTAG device index = 0) is programmed with a design that has no supported debug core(s) in it.
reset_run synth_1
launch_runs impl_1 -to_step write_bitstream -jobs 4
[Fri Apr 30 14:40:33 2021] Launched synth_1...
Run output will be captured here: D:/SeniorProject/Oscilloscope_Senior_Project/Verilog/FullSystem/FullSystem.runs/synth_1/runme.log
[Fri Apr 30 14:40:33 2021] Launched impl_1...
Run output will be captured here: D:/SeniorProject/Oscilloscope_Senior_Project/Verilog/FullSystem/FullSystem.runs/impl_1/runme.log
reset_run synth_1
WARNING: [Vivado 12-1017] Problems encountered:
1. Failed to delete one or more files in run directory D:/SeniorProject/Oscilloscope_Senior_Project/Verilog/FullSystem/FullSystem.runs/synth_1

launch_runs impl_1 -to_step write_bitstream -jobs 4
[Fri Apr 30 14:41:05 2021] Launched synth_1...
Run output will be captured here: D:/SeniorProject/Oscilloscope_Senior_Project/Verilog/FullSystem/FullSystem.runs/synth_1/runme.log
[Fri Apr 30 14:41:05 2021] Launched impl_1...
Run output will be captured here: D:/SeniorProject/Oscilloscope_Senior_Project/Verilog/FullSystem/FullSystem.runs/impl_1/runme.log
set_property PROBES.FILE {} [get_hw_devices xc7a100t_0]
set_property FULL_PROBES.FILE {} [get_hw_devices xc7a100t_0]
set_property PROGRAM.FILE {D:/SeniorProject/Oscilloscope_Senior_Project/Verilog/FullSystem/FullSystem.runs/impl_1/Top.bit} [get_hw_devices xc7a100t_0]
program_hw_devices [get_hw_devices xc7a100t_0]
INFO: [Labtools 27-3164] End of startup status: HIGH
refresh_hw_device [lindex [get_hw_devices xc7a100t_0] 0]
INFO: [Labtools 27-1434] Device xc7a100t (JTAG device index = 0) is programmed with a design that has no supported debug core(s) in it.
reset_run synth_1
launch_runs impl_1 -to_step write_bitstream -jobs 4
[Fri Apr 30 14:50:09 2021] Launched synth_1...
Run output will be captured here: D:/SeniorProject/Oscilloscope_Senior_Project/Verilog/FullSystem/FullSystem.runs/synth_1/runme.log
[Fri Apr 30 14:50:09 2021] Launched impl_1...
Run output will be captured here: D:/SeniorProject/Oscilloscope_Senior_Project/Verilog/FullSystem/FullSystem.runs/impl_1/runme.log
set_property PROBES.FILE {} [get_hw_devices xc7a100t_0]
set_property FULL_PROBES.FILE {} [get_hw_devices xc7a100t_0]
set_property PROGRAM.FILE {D:/SeniorProject/Oscilloscope_Senior_Project/Verilog/FullSystem/FullSystem.runs/impl_1/Top.bit} [get_hw_devices xc7a100t_0]
program_hw_devices [get_hw_devices xc7a100t_0]
INFO: [Labtools 27-3164] End of startup status: HIGH
refresh_hw_device [lindex [get_hw_devices xc7a100t_0] 0]
INFO: [Labtools 27-1434] Device xc7a100t (JTAG device index = 0) is programmed with a design that has no supported debug core(s) in it.
reset_run synth_1
launch_runs impl_1 -to_step write_bitstream -jobs 4
[Fri Apr 30 14:55:43 2021] Launched synth_1...
Run output will be captured here: D:/SeniorProject/Oscilloscope_Senior_Project/Verilog/FullSystem/FullSystem.runs/synth_1/runme.log
[Fri Apr 30 14:55:43 2021] Launched impl_1...
Run output will be captured here: D:/SeniorProject/Oscilloscope_Senior_Project/Verilog/FullSystem/FullSystem.runs/impl_1/runme.log
reset_run synth_1
WARNING: [Vivado 12-1017] Problems encountered:
1. Failed to delete one or more files in run directory D:/SeniorProject/Oscilloscope_Senior_Project/Verilog/FullSystem/FullSystem.runs/synth_1

launch_runs impl_1 -to_step write_bitstream -jobs 4
[Fri Apr 30 14:56:25 2021] Launched synth_1...
Run output will be captured here: D:/SeniorProject/Oscilloscope_Senior_Project/Verilog/FullSystem/FullSystem.runs/synth_1/runme.log
[Fri Apr 30 14:56:26 2021] Launched impl_1...
Run output will be captured here: D:/SeniorProject/Oscilloscope_Senior_Project/Verilog/FullSystem/FullSystem.runs/impl_1/runme.log
set_property PROBES.FILE {} [get_hw_devices xc7a100t_0]
set_property FULL_PROBES.FILE {} [get_hw_devices xc7a100t_0]
set_property PROGRAM.FILE {D:/SeniorProject/Oscilloscope_Senior_Project/Verilog/FullSystem/FullSystem.runs/impl_1/Top.bit} [get_hw_devices xc7a100t_0]
program_hw_devices [get_hw_devices xc7a100t_0]
INFO: [Labtools 27-3164] End of startup status: HIGH
refresh_hw_device [lindex [get_hw_devices xc7a100t_0] 0]
INFO: [Labtools 27-1434] Device xc7a100t (JTAG device index = 0) is programmed with a design that has no supported debug core(s) in it.
ERROR: [Labtoolstcl 44-513] HW Target shutdown. Closing target: localhost:3121/xilinx_tcf/Digilent/210292745191A
INFO: [Labtoolstcl 44-466] Opening hw_target localhost:3121/xilinx_tcf/Digilent/210292745191A
INFO: [Labtools 27-1435] Device xc7a100t (JTAG device index = 0) is not programmed (DONE status = 0).
WARNING: [Labtoolstcl 44-129] No matching hw_ila_data was found.
set_property PROBES.FILE {} [get_hw_devices xc7a100t_0]
set_property FULL_PROBES.FILE {} [get_hw_devices xc7a100t_0]
set_property PROGRAM.FILE {D:/SeniorProject/Oscilloscope_Senior_Project/Verilog/FullSystem/FullSystem.runs/impl_1/Top.bit} [get_hw_devices xc7a100t_0]
program_hw_devices [get_hw_devices xc7a100t_0]
INFO: [Labtools 27-3164] End of startup status: HIGH
refresh_hw_device [lindex [get_hw_devices xc7a100t_0] 0]
INFO: [Labtools 27-1434] Device xc7a100t (JTAG device index = 0) is programmed with a design that has no supported debug core(s) in it.
reset_run synth_1
launch_runs impl_1 -to_step write_bitstream -jobs 4
[Fri Apr 30 15:19:50 2021] Launched synth_1...
Run output will be captured here: D:/SeniorProject/Oscilloscope_Senior_Project/Verilog/FullSystem/FullSystem.runs/synth_1/runme.log
[Fri Apr 30 15:19:50 2021] Launched impl_1...
Run output will be captured here: D:/SeniorProject/Oscilloscope_Senior_Project/Verilog/FullSystem/FullSystem.runs/impl_1/runme.log
reset_run synth_1
WARNING: [Vivado 12-1017] Problems encountered:
1. Failed to delete one or more files in run directory D:/SeniorProject/Oscilloscope_Senior_Project/Verilog/FullSystem/FullSystem.runs/synth_1

launch_runs impl_1 -to_step write_bitstream -jobs 4
[Fri Apr 30 15:20:49 2021] Launched synth_1...
Run output will be captured here: D:/SeniorProject/Oscilloscope_Senior_Project/Verilog/FullSystem/FullSystem.runs/synth_1/runme.log
[Fri Apr 30 15:20:49 2021] Launched impl_1...
Run output will be captured here: D:/SeniorProject/Oscilloscope_Senior_Project/Verilog/FullSystem/FullSystem.runs/impl_1/runme.log
set_property PROBES.FILE {} [get_hw_devices xc7a100t_0]
set_property FULL_PROBES.FILE {} [get_hw_devices xc7a100t_0]
set_property PROGRAM.FILE {D:/SeniorProject/Oscilloscope_Senior_Project/Verilog/FullSystem/FullSystem.runs/impl_1/Top.bit} [get_hw_devices xc7a100t_0]
program_hw_devices [get_hw_devices xc7a100t_0]
INFO: [Labtools 27-3164] End of startup status: HIGH
refresh_hw_device [lindex [get_hw_devices xc7a100t_0] 0]
INFO: [Labtools 27-1434] Device xc7a100t (JTAG device index = 0) is programmed with a design that has no supported debug core(s) in it.
reset_run synth_1
launch_runs impl_1 -to_step write_bitstream -jobs 4
[Fri Apr 30 15:44:39 2021] Launched synth_1...
Run output will be captured here: D:/SeniorProject/Oscilloscope_Senior_Project/Verilog/FullSystem/FullSystem.runs/synth_1/runme.log
[Fri Apr 30 15:44:39 2021] Launched impl_1...
Run output will be captured here: D:/SeniorProject/Oscilloscope_Senior_Project/Verilog/FullSystem/FullSystem.runs/impl_1/runme.log
set_property PROBES.FILE {} [get_hw_devices xc7a100t_0]
set_property FULL_PROBES.FILE {} [get_hw_devices xc7a100t_0]
set_property PROGRAM.FILE {D:/SeniorProject/Oscilloscope_Senior_Project/Verilog/FullSystem/FullSystem.runs/impl_1/Top.bit} [get_hw_devices xc7a100t_0]
program_hw_devices [get_hw_devices xc7a100t_0]
INFO: [Labtools 27-3164] End of startup status: HIGH
refresh_hw_device [lindex [get_hw_devices xc7a100t_0] 0]
INFO: [Labtools 27-1434] Device xc7a100t (JTAG device index = 0) is programmed with a design that has no supported debug core(s) in it.
ERROR: [Labtoolstcl 44-513] HW Target shutdown. Closing target: localhost:3121/xilinx_tcf/Digilent/210292745191A
INFO: [Labtoolstcl 44-466] Opening hw_target localhost:3121/xilinx_tcf/Digilent/210292745191A
INFO: [Labtools 27-1435] Device xc7a100t (JTAG device index = 0) is not programmed (DONE status = 0).
WARNING: [Labtoolstcl 44-129] No matching hw_ila_data was found.
set_property PROBES.FILE {} [get_hw_devices xc7a100t_0]
set_property FULL_PROBES.FILE {} [get_hw_devices xc7a100t_0]
set_property PROGRAM.FILE {D:/SeniorProject/Oscilloscope_Senior_Project/Verilog/FullSystem/FullSystem.runs/impl_1/Top.bit} [get_hw_devices xc7a100t_0]
program_hw_devices [get_hw_devices xc7a100t_0]
INFO: [Labtools 27-3164] End of startup status: HIGH
refresh_hw_device [lindex [get_hw_devices xc7a100t_0] 0]
INFO: [Labtools 27-1434] Device xc7a100t (JTAG device index = 0) is programmed with a design that has no supported debug core(s) in it.
ERROR: [Labtoolstcl 44-513] HW Target shutdown. Closing target: localhost:3121/xilinx_tcf/Digilent/210292745191A
INFO: [Labtoolstcl 44-466] Opening hw_target localhost:3121/xilinx_tcf/Digilent/210292745191A
INFO: [Labtools 27-1434] Device xc7a100t (JTAG device index = 0) is programmed with a design that has no supported debug core(s) in it.
WARNING: [Labtoolstcl 44-129] No matching hw_ila_data was found.
reset_run synth_1
launch_runs impl_1 -to_step write_bitstream -jobs 4
[Fri Apr 30 16:49:34 2021] Launched synth_1...
Run output will be captured here: D:/SeniorProject/Oscilloscope_Senior_Project/Verilog/FullSystem/FullSystem.runs/synth_1/runme.log
[Fri Apr 30 16:49:34 2021] Launched impl_1...
Run output will be captured here: D:/SeniorProject/Oscilloscope_Senior_Project/Verilog/FullSystem/FullSystem.runs/impl_1/runme.log
set_property PROBES.FILE {} [get_hw_devices xc7a100t_0]
set_property FULL_PROBES.FILE {} [get_hw_devices xc7a100t_0]
set_property PROGRAM.FILE {D:/SeniorProject/Oscilloscope_Senior_Project/Verilog/FullSystem/FullSystem.runs/impl_1/Top.bit} [get_hw_devices xc7a100t_0]
program_hw_devices [get_hw_devices xc7a100t_0]
INFO: [Labtools 27-3164] End of startup status: HIGH
refresh_hw_device [lindex [get_hw_devices xc7a100t_0] 0]
INFO: [Labtools 27-1434] Device xc7a100t (JTAG device index = 0) is programmed with a design that has no supported debug core(s) in it.
close_hw_manager
reset_run synth_1
launch_runs impl_1 -to_step write_bitstream -jobs 4
[Fri Apr 30 17:22:05 2021] Launched synth_1...
Run output will be captured here: D:/SeniorProject/Oscilloscope_Senior_Project/Verilog/FullSystem/FullSystem.runs/synth_1/runme.log
[Fri Apr 30 17:22:05 2021] Launched impl_1...
Run output will be captured here: D:/SeniorProject/Oscilloscope_Senior_Project/Verilog/FullSystem/FullSystem.runs/impl_1/runme.log
open_hw_manager
connect_hw_server -allow_non_jtag
INFO: [Labtools 27-2285] Connecting to hw_server url TCP:localhost:3121
INFO: [Labtools 27-2222] Launching hw_server...
INFO: [Labtools 27-2221] Launch Output:

****** Xilinx hw_server v2020.2
  **** Build date : Nov 18 2020 at 10:01:48
    ** Copyright 1986-2020 Xilinx, Inc. All Rights Reserved.


INFO: [Labtools 27-3415] Connecting to cs_server url TCP:localhost:3042
INFO: [Labtools 27-3417] Launching cs_server...
INFO: [Labtools 27-2221] Launch Output:


******** Xilinx cs_server v2020.2
  ****** Build date   : Nov 03 2020-16:02:56
    **** Build number : 2020.2.1604437376
      ** Copyright 2017-2020 Xilinx, Inc. All Rights Reserved.



connect_hw_server: Time (s): cpu = 00:00:00 ; elapsed = 00:00:13 . Memory (MB): peak = 2551.539 ; gain = 0.000
open_hw_target
INFO: [Labtoolstcl 44-466] Opening hw_target localhost:3121/xilinx_tcf/Digilent/210292745191A
set_property PROGRAM.FILE {D:/SeniorProject/Oscilloscope_Senior_Project/Verilog/FullSystem/FullSystem.runs/impl_1/Top.bit} [get_hw_devices xc7a100t_0]
current_hw_device [get_hw_devices xc7a100t_0]
refresh_hw_device -update_hw_probes false [lindex [get_hw_devices xc7a100t_0] 0]
INFO: [Labtools 27-1434] Device xc7a100t (JTAG device index = 0) is programmed with a design that has no supported debug core(s) in it.
set_property PROBES.FILE {} [get_hw_devices xc7a100t_0]
set_property FULL_PROBES.FILE {} [get_hw_devices xc7a100t_0]
set_property PROGRAM.FILE {D:/SeniorProject/Oscilloscope_Senior_Project/Verilog/FullSystem/FullSystem.runs/impl_1/Top.bit} [get_hw_devices xc7a100t_0]
program_hw_devices [get_hw_devices xc7a100t_0]
INFO: [Labtools 27-3164] End of startup status: HIGH
refresh_hw_device [lindex [get_hw_devices xc7a100t_0] 0]
INFO: [Labtools 27-1434] Device xc7a100t (JTAG device index = 0) is programmed with a design that has no supported debug core(s) in it.
undo
INFO: [Common 17-17] undo 'set_property PROGRAM.FILE {D:/SeniorProject/Oscilloscope_Senior_Project/Verilog/FullSystem/FullSystem.runs/impl_1/Top.bit} [get_hw_devices xc7a100t_0]'
ERROR: [Labtoolstcl 44-513] HW Target shutdown. Closing target: localhost:3121/xilinx_tcf/Digilent/210292745191A
exit
INFO: [Common 17-206] Exiting Vivado at Fri Apr 30 17:51:57 2021...
