Loading plugins phase: Elapsed time ==> 0s.234ms
<CYPRESSTAG name="CyDsfit arguments...">
cydsfit arguments: -.fdsnotice -.fdswarpdepfile=warp_dependencies.txt -.fdselabdepfile=elab_dependencies.txt -.fdsbldfile=generated_files.txt -.fdsreffile=referenced_files.txt -p C:\Users\calmc\Desktop\T-COMaudio\Class D Amp\I2S.cydsn\I2S.cyprj -d CY8C5868AXI-LP035 -s C:\Users\calmc\Desktop\T-COMaudio\Class D Amp\I2S.cydsn\Generated_Source\PSoC5 -- -yv2 -q10 -ygs -o2 -v3 -.fftcfgtype=LE
</CYPRESSTAG>
<CYPRESSTAG name="Design elaboration results...">
</CYPRESSTAG>
Elaboration phase: Elapsed time ==> 2s.789ms
<CYPRESSTAG name="HDL generation results...">
</CYPRESSTAG>
HDL generation phase: Elapsed time ==> 0s.109ms
<CYPRESSTAG name="Synthesis results...">

     | | | | | | |
   _________________
  -|               |-
  -|               |-
  -|               |-
  -|    CYPRESS    |-
  -|               |-
  -|               |-   Warp Verilog Synthesis Compiler: Version 6.3 IR 41
  -|               |-   Copyright (C) 1991-2001 Cypress Semiconductor
   |_______________|
     | | | | | | |

======================================================================
Compiling:  I2S.v
Program  :   C:\Program Files (x86)\Cypress\PSoC Creator\4.2\PSoC Creator\warp\bin\warp.exe
Options  :    -yv2 -q10 -ygs -o2 -v3 -.fftcfgtype=LE -ya -.fftprj=C:\Users\calmc\Desktop\T-COMaudio\Class D Amp\I2S.cydsn\I2S.cyprj -dcpsoc3 I2S.v -verilog
======================================================================

======================================================================
Compiling:  I2S.v
Program  :   C:\Program Files (x86)\Cypress\PSoC Creator\4.2\PSoC Creator\warp\bin\warp.exe
Options  :    -yv2 -q10 -ygs -o2 -v3 -.fftcfgtype=LE -ya -.fftprj=C:\Users\calmc\Desktop\T-COMaudio\Class D Amp\I2S.cydsn\I2S.cyprj -dcpsoc3 I2S.v -verilog
======================================================================

======================================================================
Compiling:  I2S.v
Program  :   vlogfe
Options  :    -yv2 -q10 -ygs -o2 -v3 -.fftcfgtype=LE -ya -.fftprj=C:\Users\calmc\Desktop\T-COMaudio\Class D Amp\I2S.cydsn\I2S.cyprj -dcpsoc3 -verilog I2S.v
======================================================================

vlogfe V6.3 IR 41:  Verilog parser
Tue Apr 30 18:39:03 2019


======================================================================
Compiling:  I2S.v
Program  :   vpp
Options  :    -yv2 -q10 I2S.v
======================================================================

vpp V6.3 IR 41:  Verilog Pre-Processor
Tue Apr 30 18:39:03 2019

Flattening file 'C:\Program Files (x86)\Cypress\PSoC Creator\4.2\PSoC Creator\psoc\content\CyComponentLibrary\CyComponentLibrary.cylib\bI2S_v2_70\bI2S_v2_70.v'
Flattening file 'C:\Program Files (x86)\Cypress\PSoC Creator\4.2\PSoC Creator\warp\lib\common\cypress.v'
Flattening file 'C:\Program Files (x86)\Cypress\PSoC Creator\4.2\PSoC Creator\warp\lib\common\cy_psoc3_inc.v'
Flattening file 'C:\Program Files (x86)\Cypress\PSoC Creator\4.2\PSoC Creator\psoc\content\CyPrimitives\cyprimitives.cylib\cy_virtualmux_v1_0\cy_virtualmux_v1_0.v'
Flattening file 'C:\Program Files (x86)\Cypress\PSoC Creator\4.2\PSoC Creator\psoc\content\CyPrimitives\cyprimitives.cylib\OneTerminal\OneTerminal.v'
Flattening file 'C:\Program Files (x86)\Cypress\PSoC Creator\4.2\PSoC Creator\psoc\content\CyPrimitives\cyprimitives.cylib\or_v1_0\or_v1_0.v'
Flattening file 'C:\Program Files (x86)\Cypress\PSoC Creator\4.2\PSoC Creator\psoc\content\CyPrimitives\cyprimitives.cylib\ZeroTerminal\ZeroTerminal.v'

vpp:  No errors.

Library 'work' => directory 'lcpsoc3'
General_symbol_table
General_symbol_table
Linking 'C:\Program Files (x86)\Cypress\PSoC Creator\4.2\PSoC Creator\warp\lib\common\std.vhd'.
Linking 'C:\Program Files (x86)\Cypress\PSoC Creator\4.2\PSoC Creator\warp\lib\common\cypress.vhd'.
Linking 'C:\Program Files (x86)\Cypress\PSoC Creator\4.2\PSoC Creator\warp\lib\common\work\cypress.vif'.
Linking 'C:\Program Files (x86)\Cypress\PSoC Creator\4.2\PSoC Creator\warp\lib\ieee\work\stdlogic.vif'.
Linking 'C:\Program Files (x86)\Cypress\PSoC Creator\4.2\PSoC Creator\warp\lib\common\stdlogic\lpmpkg.vif'.
Linking 'C:\Program Files (x86)\Cypress\PSoC Creator\4.2\PSoC Creator\warp\lib\common\stdlogic\rtlpkg.vif'.
Linking 'C:\Program Files (x86)\Cypress\PSoC Creator\4.2\PSoC Creator\warp\lib\common\stdlogic\mod_cnst.vif'.
Linking 'C:\Program Files (x86)\Cypress\PSoC Creator\4.2\PSoC Creator\warp\lib\common\stdlogic\mod_mthv.vif'.
Linking 'C:\Program Files (x86)\Cypress\PSoC Creator\4.2\PSoC Creator\warp\lib\common\stdlogic\mod_genv.vif'.
Using control file 'I2S.ctl'.
C:\Program Files (x86)\Cypress\PSoC Creator\4.2\PSoC Creator\psoc\content\CyComponentLibrary\CyComponentLibrary.cylib\bI2S_v2_70\bI2S_v2_70.v (line 387, col 104):  Note: Substituting module 'cmp_vv_vv' for '>'.
C:\Program Files (x86)\Cypress\PSoC Creator\4.2\PSoC Creator\psoc\content\CyComponentLibrary\CyComponentLibrary.cylib\bI2S_v2_70\bI2S_v2_70.v (line 389, col 118):  Note: Substituting module 'cmp_vv_vv' for '>'.
C:\Program Files (x86)\Cypress\PSoC Creator\4.2\PSoC Creator\psoc\content\CyComponentLibrary\CyComponentLibrary.cylib\bI2S_v2_70\bI2S_v2_70.v (line 391, col 105):  Note: Substituting module 'cmp_vv_vv' for '>'.
C:\Program Files (x86)\Cypress\PSoC Creator\4.2\PSoC Creator\psoc\content\CyComponentLibrary\CyComponentLibrary.cylib\bI2S_v2_70\bI2S_v2_70.v (line 412, col 63):  Note: Substituting module 'cmp_vv_vv' for '<='.
C:\Program Files (x86)\Cypress\PSoC Creator\4.2\PSoC Creator\psoc\content\CyComponentLibrary\CyComponentLibrary.cylib\bI2S_v2_70\bI2S_v2_70.v (line 412, col 90):  Note: Substituting module 'cmp_vv_vv' for '>='.
C:\Program Files (x86)\Cypress\PSoC Creator\4.2\PSoC Creator\psoc\content\CyComponentLibrary\CyComponentLibrary.cylib\bI2S_v2_70\bI2S_v2_70.v (line 413, col 63):  Note: Substituting module 'cmp_vv_vv' for '<='.
C:\Program Files (x86)\Cypress\PSoC Creator\4.2\PSoC Creator\psoc\content\CyComponentLibrary\CyComponentLibrary.cylib\bI2S_v2_70\bI2S_v2_70.v (line 413, col 90):  Note: Substituting module 'cmp_vv_vv' for '>='.
C:\Program Files (x86)\Cypress\PSoC Creator\4.2\PSoC Creator\psoc\content\CyComponentLibrary\CyComponentLibrary.cylib\bI2S_v2_70\bI2S_v2_70.v (line 414, col 39):  Note: Substituting module 'cmp_vv_vv' for '<='.
C:\Program Files (x86)\Cypress\PSoC Creator\4.2\PSoC Creator\psoc\content\CyComponentLibrary\CyComponentLibrary.cylib\bI2S_v2_70\bI2S_v2_70.v (line 414, col 66):  Note: Substituting module 'cmp_vv_vv' for '>='.
C:\Program Files (x86)\Cypress\PSoC Creator\4.2\PSoC Creator\psoc\content\CyComponentLibrary\CyComponentLibrary.cylib\bI2S_v2_70\bI2S_v2_70.v (line 415, col 63):  Note: Substituting module 'cmp_vv_vv' for '<='.
C:\Program Files (x86)\Cypress\PSoC Creator\4.2\PSoC Creator\psoc\content\CyComponentLibrary\CyComponentLibrary.cylib\bI2S_v2_70\bI2S_v2_70.v (line 415, col 90):  Note: Substituting module 'cmp_vv_vv' for '>='.
Linking 'C:\Program Files (x86)\Cypress\PSoC Creator\4.2\PSoC Creator\warp\lib\common\stdlogic\cy_psoc3pkg.vif'.
Linking 'C:\Program Files (x86)\Cypress\PSoC Creator\4.2\PSoC Creator\warp\lib\common\stdlogic\cy_psoc3.vif'.

vlogfe:  No errors.


======================================================================
Compiling:  I2S.v
Program  :   tovif
Options  :    -yv2 -q10 -ygs -o2 -v3 -.fftcfgtype=LE -ya -.fftprj=C:\Users\calmc\Desktop\T-COMaudio\Class D Amp\I2S.cydsn\I2S.cyprj -dcpsoc3 -verilog I2S.v
======================================================================

tovif V6.3 IR 41:  High-level synthesis
Tue Apr 30 18:39:04 2019

Linking 'C:\Program Files (x86)\Cypress\PSoC Creator\4.2\PSoC Creator\warp\lib\common\std.vhd'.
Linking 'C:\Program Files (x86)\Cypress\PSoC Creator\4.2\PSoC Creator\warp\lib\common\cypress.vhd'.
Linking 'C:\Program Files (x86)\Cypress\PSoC Creator\4.2\PSoC Creator\warp\lib\common\work\cypress.vif'.
Linking 'C:\Program Files (x86)\Cypress\PSoC Creator\4.2\PSoC Creator\warp\lib\ieee\work\stdlogic.vif'.
Linking 'C:\Program Files (x86)\Cypress\PSoC Creator\4.2\PSoC Creator\warp\lib\common\stdlogic\lpmpkg.vif'.
Linking 'C:\Program Files (x86)\Cypress\PSoC Creator\4.2\PSoC Creator\warp\lib\common\stdlogic\rtlpkg.vif'.
Linking 'C:\Program Files (x86)\Cypress\PSoC Creator\4.2\PSoC Creator\warp\lib\common\stdlogic\mod_cnst.vif'.
Linking 'C:\Program Files (x86)\Cypress\PSoC Creator\4.2\PSoC Creator\warp\lib\common\stdlogic\mod_mthv.vif'.
Linking 'C:\Program Files (x86)\Cypress\PSoC Creator\4.2\PSoC Creator\warp\lib\common\stdlogic\mod_genv.vif'.
Linking 'C:\Users\calmc\Desktop\T-COMaudio\Class D Amp\I2S.cydsn\codegentemp\I2S.ctl'.
Linking 'C:\Program Files (x86)\Cypress\PSoC Creator\4.2\PSoC Creator\psoc\content\CyComponentLibrary\CyComponentLibrary.cylib\bI2S_v2_70\bI2S_v2_70.v'.
Linking 'C:\Program Files (x86)\Cypress\PSoC Creator\4.2\PSoC Creator\warp\lib\common\cypress.v'.
Linking 'C:\Program Files (x86)\Cypress\PSoC Creator\4.2\PSoC Creator\warp\lib\common\cy_psoc3_inc.v'.
Linking 'C:\Users\calmc\Desktop\T-COMaudio\Class D Amp\I2S.cydsn\codegentemp\I2S.v'.
Linking 'C:\Program Files (x86)\Cypress\PSoC Creator\4.2\PSoC Creator\psoc\content\CyPrimitives\cyprimitives.cylib\cy_virtualmux_v1_0\cy_virtualmux_v1_0.v'.
Linking 'C:\Program Files (x86)\Cypress\PSoC Creator\4.2\PSoC Creator\psoc\content\CyPrimitives\cyprimitives.cylib\OneTerminal\OneTerminal.v'.
Linking 'C:\Program Files (x86)\Cypress\PSoC Creator\4.2\PSoC Creator\psoc\content\CyPrimitives\cyprimitives.cylib\or_v1_0\or_v1_0.v'.
Linking 'C:\Program Files (x86)\Cypress\PSoC Creator\4.2\PSoC Creator\psoc\content\CyPrimitives\cyprimitives.cylib\ZeroTerminal\ZeroTerminal.v'.
Linking 'C:\Program Files (x86)\Cypress\PSoC Creator\4.2\PSoC Creator\warp\lib\common\stdlogic\cy_psoc3pkg.vif'.
Linking 'C:\Program Files (x86)\Cypress\PSoC Creator\4.2\PSoC Creator\warp\lib\common\stdlogic\cy_psoc3.vif'.

tovif:  No errors.


======================================================================
Compiling:  I2S.v
Program  :   topld
Options  :    -yv2 -q10 -ygs -o2 -v3 -.fftcfgtype=LE -ya -.fftprj=C:\Users\calmc\Desktop\T-COMaudio\Class D Amp\I2S.cydsn\I2S.cyprj -dcpsoc3 -verilog I2S.v
======================================================================

topld V6.3 IR 41:  Synthesis and optimization
Tue Apr 30 18:39:05 2019

Linking 'C:\Program Files (x86)\Cypress\PSoC Creator\4.2\PSoC Creator\warp\lib\common\std.vhd'.
Linking 'C:\Program Files (x86)\Cypress\PSoC Creator\4.2\PSoC Creator\warp\lib\common\cypress.vhd'.
Linking 'C:\Program Files (x86)\Cypress\PSoC Creator\4.2\PSoC Creator\warp\lib\common\work\cypress.vif'.
Linking 'C:\Program Files (x86)\Cypress\PSoC Creator\4.2\PSoC Creator\warp\lib\ieee\work\stdlogic.vif'.
Linking 'C:\Program Files (x86)\Cypress\PSoC Creator\4.2\PSoC Creator\warp\lib\common\stdlogic\lpmpkg.vif'.
Linking 'C:\Program Files (x86)\Cypress\PSoC Creator\4.2\PSoC Creator\warp\lib\common\stdlogic\rtlpkg.vif'.
Linking 'C:\Program Files (x86)\Cypress\PSoC Creator\4.2\PSoC Creator\warp\lib\common\stdlogic\mod_cnst.vif'.
Linking 'C:\Program Files (x86)\Cypress\PSoC Creator\4.2\PSoC Creator\warp\lib\common\stdlogic\mod_mthv.vif'.
Linking 'C:\Program Files (x86)\Cypress\PSoC Creator\4.2\PSoC Creator\warp\lib\common\stdlogic\mod_genv.vif'.
Linking 'C:\Users\calmc\Desktop\T-COMaudio\Class D Amp\I2S.cydsn\codegentemp\I2S.ctl'.
Linking 'C:\Program Files (x86)\Cypress\PSoC Creator\4.2\PSoC Creator\psoc\content\CyComponentLibrary\CyComponentLibrary.cylib\bI2S_v2_70\bI2S_v2_70.v'.
Linking 'C:\Program Files (x86)\Cypress\PSoC Creator\4.2\PSoC Creator\warp\lib\common\cypress.v'.
Linking 'C:\Program Files (x86)\Cypress\PSoC Creator\4.2\PSoC Creator\warp\lib\common\cy_psoc3_inc.v'.
Linking 'C:\Users\calmc\Desktop\T-COMaudio\Class D Amp\I2S.cydsn\codegentemp\I2S.v'.
Linking 'C:\Program Files (x86)\Cypress\PSoC Creator\4.2\PSoC Creator\psoc\content\CyPrimitives\cyprimitives.cylib\cy_virtualmux_v1_0\cy_virtualmux_v1_0.v'.
Linking 'C:\Program Files (x86)\Cypress\PSoC Creator\4.2\PSoC Creator\psoc\content\CyPrimitives\cyprimitives.cylib\OneTerminal\OneTerminal.v'.
Linking 'C:\Program Files (x86)\Cypress\PSoC Creator\4.2\PSoC Creator\psoc\content\CyPrimitives\cyprimitives.cylib\or_v1_0\or_v1_0.v'.
Linking 'C:\Program Files (x86)\Cypress\PSoC Creator\4.2\PSoC Creator\psoc\content\CyPrimitives\cyprimitives.cylib\ZeroTerminal\ZeroTerminal.v'.
Linking 'C:\Program Files (x86)\Cypress\PSoC Creator\4.2\PSoC Creator\warp\lib\common\stdlogic\cy_psoc3pkg.vif'.
Linking 'C:\Program Files (x86)\Cypress\PSoC Creator\4.2\PSoC Creator\warp\lib\common\stdlogic\cy_psoc3.vif'.
Linking 'C:\Program Files (x86)\Cypress\PSoC Creator\4.2\PSoC Creator\warp\lib\lcpsoc3\stdlogic\cpsoc3.vif'.

----------------------------------------------------------
Detecting unused logic.
----------------------------------------------------------
    User names
	\I2S_1:bI2S:dyn_data_width_1\
	\I2S_1:bI2S:dyn_data_width_0\
	\I2S_1:bI2S:tx_stereo_data\
	\I2S_1:bI2S:rx_lch_active\
	\I2S_1:bI2S:rx_rch_active\
	\I2S_1:bI2S:rx_stereo_data\
	\I2S_1:bI2S:rx_lch_load_3\
	\I2S_1:bI2S:rx_lch_load_2\
	\I2S_1:bI2S:rx_lch_load_1\
	\I2S_1:bI2S:rx_lch_load_0\
	\I2S_1:bI2S:rx_rch_load_3\
	\I2S_1:bI2S:rx_rch_load_2\
	\I2S_1:bI2S:rx_rch_load_1\
	\I2S_1:bI2S:rx_rch_load_0\
	\I2S_1:bI2S:data_trunc\
	Net_159
	\I2S_1:tx_drq0_0\
	\I2S_1:tx_drq1_0\
	\I2S_1:rx_line_4\
	\I2S_1:rx_line_3\
	\I2S_1:rx_line_2\
	\I2S_1:rx_line_1\
	\I2S_1:rx_line_0\
	\I2S_1:sdo_4\
	\I2S_1:sdo_3\
	\I2S_1:sdo_2\
	\I2S_1:sdo_1\
	\I2S_1:rx_dma0_4\
	\I2S_1:rx_dma0_3\
	\I2S_1:rx_dma0_2\
	\I2S_1:rx_dma0_1\
	Net_155_0
	\I2S_1:rx_dma1_4\
	\I2S_1:rx_dma1_3\
	\I2S_1:rx_dma1_2\
	\I2S_1:rx_dma1_1\
	Net_156_0
	\I2S_1:tx_dma0_4\
	\I2S_1:tx_dma0_3\
	\I2S_1:tx_dma0_2\
	\I2S_1:tx_dma0_1\
	Net_72_0
	\I2S_1:tx_dma1_4\
	\I2S_1:tx_dma1_3\
	\I2S_1:tx_dma1_2\
	\I2S_1:tx_dma1_1\
	Net_157_0
	\I2S_1:clip_4\
	\I2S_1:clip_3\
	\I2S_1:clip_2\
	\I2S_1:clip_1\
	Net_160_0
	\I2C_1:udb_clk\
	Net_257
	\I2C_1:Net_973\
	Net_258
	\I2C_1:Net_974\
	\I2C_1:timeout_clk\
	Net_263
	\I2C_1:Net_975\
	Net_261
	Net_262


Deleted 62 User equations/components.
Deleted 0 Synthesized equations/components.

------------------------------------------------------
Alias Detection
------------------------------------------------------
Aliasing \I2S_1:bI2S:tx_lch_active\ to one
Aliasing \I2S_1:bI2S:tx_rch_active\ to zero
Aliasing \I2S_1:bI2S:data_width_8\ to one
Aliasing \I2S_1:bI2S:data_width_16\ to one
Aliasing \I2S_1:bI2S:data_width_24\ to one
Aliasing \I2S_1:bI2S:data_width_32\ to zero
Aliasing \I2S_1:bI2S:tx_swap_done\ to one
Aliasing \I2S_1:bI2S:Tx:STS[0]:status_2\ to zero
Aliasing \I2S_1:bI2S:Tx:STS[0]:status_5\ to zero
Aliasing \I2S_1:bI2S:Tx:STS[0]:status_4\ to zero
Aliasing \I2S_1:bI2S:Tx:STS[0]:status_3\ to zero
Aliasing tmpOE__SCK_1_net_0 to one
Aliasing tmpOE__WS_1_net_0 to one
Aliasing tmpOE__SDO_1_net_0 to one
Aliasing \I2C_1:Net_969\ to one
Aliasing \I2C_1:Net_968\ to one
Aliasing tmpOE__SDA_1_net_0 to one
Aliasing tmpOE__SCL_1_net_0 to one
Aliasing \I2S_1:bI2S:tx_swap_done_reg\\D\ to zero
Aliasing \I2S_1:bI2S:d0_load\\D\ to zero
Removing Lhs of wire \I2S_1:bI2S:ctrl_2\[14] = \I2S_1:bI2S:ctrl_reg_out_2\[11]
Removing Lhs of wire \I2S_1:bI2S:enable\[17] = \I2S_1:bI2S:ctrl_reg_out_2\[11]
Removing Rhs of wire Net_152[28] = \I2S_1:bI2S:count_0\[26]
Removing Rhs of wire Net_153[29] = \I2S_1:bI2S:channel\[27]
Removing Lhs of wire \I2S_1:bI2S:tx_lch_active\[30] = one[2]
Removing Lhs of wire \I2S_1:bI2S:tx_rch_active\[31] = zero[5]
Removing Lhs of wire \I2S_1:bI2S:data_width_8\[36] = one[2]
Removing Lhs of wire \I2S_1:bI2S:data_width_16\[37] = one[2]
Removing Lhs of wire \I2S_1:bI2S:data_width_24\[38] = one[2]
Removing Lhs of wire \I2S_1:bI2S:data_width_32\[39] = zero[5]
Removing Lhs of wire \I2S_1:bI2S:tx_lch_load_2\[41] = one[2]
Removing Lhs of wire \I2S_1:bI2S:tx_lch_load_1\[42] = one[2]
Removing Lhs of wire \I2S_1:bI2S:tx_lch_load_0\[43] = one[2]
Removing Lhs of wire \I2S_1:bI2S:tx_rch_load_3\[44] = zero[5]
Removing Lhs of wire \I2S_1:bI2S:ctrl_0\[57] = \I2S_1:bI2S:ctrl_reg_out_0\[13]
Removing Lhs of wire \I2S_1:bI2S:tx_swap_done\[63] = one[2]
Removing Lhs of wire \I2S_1:bI2S:Tx:STS[0]:status_0\[67] = \I2S_1:bI2S:tx_underflow_0\[59]
Removing Lhs of wire \I2S_1:bI2S:Tx:STS[0]:status_1\[68] = \I2S_1:bI2S:tx_f0_n_full_0\[69]
Removing Lhs of wire \I2S_1:bI2S:Tx:STS[0]:status_2\[70] = zero[5]
Removing Lhs of wire \I2S_1:bI2S:Tx:STS[0]:status_5\[71] = zero[5]
Removing Lhs of wire \I2S_1:bI2S:Tx:STS[0]:status_4\[72] = zero[5]
Removing Lhs of wire \I2S_1:bI2S:Tx:STS[0]:status_3\[73] = zero[5]
Removing Rhs of wire Net_154_0[126] = \I2S_1:tx_line_0\[82]
Removing Lhs of wire tmpOE__SCK_1_net_0[176] = one[2]
Removing Lhs of wire tmpOE__WS_1_net_0[182] = one[2]
Removing Lhs of wire tmpOE__SDO_1_net_0[188] = one[2]
Removing Rhs of wire \I2C_1:sda_x_wire\[194] = \I2C_1:Net_643_1\[195]
Removing Rhs of wire \I2C_1:Net_697\[197] = \I2C_1:Net_643_2\[203]
Removing Rhs of wire \I2C_1:Net_1109_0\[200] = \I2C_1:scl_yfb\[213]
Removing Rhs of wire \I2C_1:Net_1109_1\[201] = \I2C_1:sda_yfb\[214]
Removing Lhs of wire \I2C_1:scl_x_wire\[204] = \I2C_1:Net_643_0\[202]
Removing Lhs of wire \I2C_1:Net_969\[205] = one[2]
Removing Lhs of wire \I2C_1:Net_968\[206] = one[2]
Removing Lhs of wire \I2C_1:tmpOE__Bufoe_scl_net_0\[216] = one[2]
Removing Lhs of wire \I2C_1:tmpOE__Bufoe_sda_net_0\[219] = one[2]
Removing Lhs of wire tmpOE__SDA_1_net_0[227] = one[2]
Removing Lhs of wire tmpOE__SCL_1_net_0[232] = one[2]
Removing Lhs of wire \I2S_1:bI2S:tx_swap_done_reg\\D\[240] = zero[5]
Removing Lhs of wire \I2S_1:bI2S:d0_load\\D\[241] = zero[5]
Removing Lhs of wire \I2S_1:bI2S:tx_int_reg\\D\[245] = \I2S_1:bI2S:tx_int_out_0\[75]

------------------------------------------------------
Aliased 0 equations, 40 wires.
------------------------------------------------------

----------------------------------------------------------
Circuit simplification
----------------------------------------------------------

Substituting virtuals - pass 1:

Note:  Expanding virtual equation for 'one' (cost = 0):
one <=  ('1') ;

Note:  Expanding virtual equation for 'zero' (cost = 0):
zero <=  ('0') ;

Note:  Expanding virtual equation for '\I2S_1:bI2S:tx_lch_load_3\' (cost = 0):
\I2S_1:bI2S:tx_lch_load_3\ <=  ('0') ;

Note:  Expanding virtual equation for '\I2S_1:bI2S:tx_rch_load_2\' (cost = 0):
\I2S_1:bI2S:tx_rch_load_2\ <=  ('0') ;

Note:  Expanding virtual equation for '\I2S_1:bI2S:tx_rch_load_1\' (cost = 0):
\I2S_1:bI2S:tx_rch_load_1\ <=  ('0') ;

Note:  Expanding virtual equation for '\I2S_1:bI2S:tx_rch_load_0\' (cost = 0):
\I2S_1:bI2S:tx_rch_load_0\ <=  ('0') ;

Note:  Expanding virtual equation for '\I2S_1:bI2S:tx_underflow_0\' (cost = 1):
\I2S_1:bI2S:tx_underflow_0\ <= ((not \I2S_1:bI2S:tx_state_2\ and not \I2S_1:bI2S:tx_state_1\ and \I2S_1:bI2S:tx_state_0\ and \I2S_1:bI2S:tx_f0_empty_0\));


Substituting virtuals - pass 2:


----------------------------------------------------------
Circuit simplification results:

	Expanded 7 signals.
	Turned 0 signals into soft nodes.
	Maximum default expansion cost was set at 3.
----------------------------------------------------------

------------------------------------------------------
Alias Detection
------------------------------------------------------

------------------------------------------------------
Aliased 0 equations, 0 wires.
------------------------------------------------------

Last attempt to remove unused logic - pass 1:


Last attempt to remove unused logic - pass 2:


topld:  No errors.

CYPRESS_DIR    : C:\Program Files (x86)\Cypress\PSoC Creator\4.2\PSoC Creator\warp
Warp Program   : C:\Program Files (x86)\Cypress\PSoC Creator\4.2\PSoC Creator\warp\bin\warp.exe
Warp Arguments : -yv2 -q10 -ygs -o2 -v3 -.fftcfgtype=LE -ya "-.fftprj=C:\Users\calmc\Desktop\T-COMaudio\Class D Amp\I2S.cydsn\I2S.cyprj" -dcpsoc3 I2S.v -verilog
</CYPRESSTAG>
Warp synthesis phase: Elapsed time ==> 3s.056ms
<CYPRESSTAG name="Fitter results...">
<CYPRESSTAG name="Fitter startup details...">
cyp3fit: V4.2.0.641, Family: PSoC3, Started at: Tuesday, 30 April 2019 18:39:05
Options: -yv2 -q10 -ygs -o2 -v3 -.fftcfgtype=LE -ya -.fftprj=C:\Users\calmc\Desktop\T-COMaudio\Class D Amp\I2S.cydsn\I2S.cyprj -d CY8C5868AXI-LP035 I2S.v -verilog
</CYPRESSTAG>
<CYPRESSTAG name="Design parsing">
Design parsing phase: Elapsed time ==> 0s.015ms
</CYPRESSTAG>
<CYPRESSTAG name="Tech Mapping">
<CYPRESSTAG name="Initial Mapping" icon="FILE_RPT_TECHM">
    Converted constant MacroCell: \I2S_1:bI2S:tx_swap_done_reg\ from registered to combinatorial
    Converted constant MacroCell: \I2S_1:bI2S:d0_load\ from registered to combinatorial
Assigning clock I2C_1_BusClock to clock BUS_CLK because it is a pass-through
<CYPRESSTAG name="Global Clock Selection" icon="FILE_RPT_TECHM">
    Digital Clock 0: Automatic-assigning  clock 'Clock'. Fanout=1, Signal=Net_60
</CYPRESSTAG>

Removing unused cells resulting from optimization
Done removing unused cells.
<CYPRESSTAG name="UDB Clock/Enable Remapping Results">
    UDB Clk/Enable \I2S_1:bI2S:ClkSync\: with output requested to be synchronous
        ClockIn: Clock was determined to be a global clock that is synchronous to BUS_CLK
        EnableIn: Constant 1 was determined to be synchronous to ClockIn
        ClockOut: Clock, EnableOut: Constant 1
</CYPRESSTAG>

Removing unused cells resulting from optimization
Done removing unused cells.
<CYPRESSTAG name="Duplicate Macrocell detection">
</CYPRESSTAG>
</CYPRESSTAG>
<CYPRESSTAG name="Duplicate Macrocell detection">
</CYPRESSTAG>
<CYPRESSTAG name="Design Equations" icon="FILE_RPT_EQUATION">

------------------------------------------------------------
Design Equations
------------------------------------------------------------
    <CYPRESSTAG name="Pin listing">

    ------------------------------------------------------------
    Pin listing
    ------------------------------------------------------------

    Pin : Name = SCK_1(0)
        Attributes:
            In Group/Port: True
            In Sync Option: AUTO
            Out Sync Option: NOSYNC
            Interrupt generated: False
            Interrupt mode: NONE
            Drive mode: CMOS_OUT
            VTrip: EITHER
            Slew: FAST
            Input Sync needed: False
            Output Sync needed: False
            SC shield enabled: False
            POR State: ANY
            LCD Mode: COMMON
            Register Mode: RegComb
            CaSense Mode: NEITHER
            Treat as pin: True
            Is OE Registered: False
            Uses Analog: False
            Can contain Digital: True
            Is SIO: False
            SIO Output Buf: NONREGULATED
            SIO Input Buf: SINGLE_ENDED
            SIO HiFreq: LOW
            SIO Hyst: DISABLED
            SIO Vtrip: MULTIPLIER_0_5
            SIO Multiplier Index: 0
            SIO RefSel: VCC_IO
            Required Capabilities: DIGITAL, ROUTABLE
            Initial Value: 0
            IO Voltage: 0
        PORT MAP (
            pa_out => SCK_1(0)__PA ,
            pin_input => Net_152 ,
            pad => SCK_1(0)_PAD );
        Properties:
        {
        }

    Pin : Name = WS_1(0)
        Attributes:
            In Group/Port: True
            In Sync Option: AUTO
            Out Sync Option: NOSYNC
            Interrupt generated: False
            Interrupt mode: NONE
            Drive mode: CMOS_OUT
            VTrip: EITHER
            Slew: FAST
            Input Sync needed: False
            Output Sync needed: False
            SC shield enabled: False
            POR State: ANY
            LCD Mode: COMMON
            Register Mode: RegComb
            CaSense Mode: NEITHER
            Treat as pin: True
            Is OE Registered: False
            Uses Analog: False
            Can contain Digital: True
            Is SIO: False
            SIO Output Buf: NONREGULATED
            SIO Input Buf: SINGLE_ENDED
            SIO HiFreq: LOW
            SIO Hyst: DISABLED
            SIO Vtrip: MULTIPLIER_0_5
            SIO Multiplier Index: 0
            SIO RefSel: VCC_IO
            Required Capabilities: DIGITAL, ROUTABLE
            Initial Value: 0
            IO Voltage: 0
        PORT MAP (
            pa_out => WS_1(0)__PA ,
            pin_input => Net_153 ,
            pad => WS_1(0)_PAD );
        Properties:
        {
        }

    Pin : Name = SDO_1(0)
        Attributes:
            In Group/Port: True
            In Sync Option: AUTO
            Out Sync Option: NOSYNC
            Interrupt generated: False
            Interrupt mode: NONE
            Drive mode: CMOS_OUT
            VTrip: EITHER
            Slew: FAST
            Input Sync needed: False
            Output Sync needed: False
            SC shield enabled: False
            POR State: ANY
            LCD Mode: COMMON
            Register Mode: RegComb
            CaSense Mode: NEITHER
            Treat as pin: True
            Is OE Registered: False
            Uses Analog: False
            Can contain Digital: True
            Is SIO: False
            SIO Output Buf: NONREGULATED
            SIO Input Buf: SINGLE_ENDED
            SIO HiFreq: LOW
            SIO Hyst: DISABLED
            SIO Vtrip: MULTIPLIER_0_5
            SIO Multiplier Index: 0
            SIO RefSel: VCC_IO
            Required Capabilities: DIGITAL, ROUTABLE
            Initial Value: 0
            IO Voltage: 0
        PORT MAP (
            pa_out => SDO_1(0)__PA ,
            pin_input => Net_154_0 ,
            pad => SDO_1(0)_PAD );
        Properties:
        {
        }

    Pin : Name = SDA_1(0)
        Attributes:
            In Group/Port: True
            In Sync Option: SYNC
            Out Sync Option: NOSYNC
            Interrupt generated: False
            Interrupt mode: NONE
            Drive mode: RES_PULL_UP
            VTrip: CMOS
            Slew: FAST
            Input Sync needed: True
            Output Sync needed: False
            SC shield enabled: False
            POR State: ANY
            LCD Mode: COMMON
            Register Mode: RegComb
            CaSense Mode: NEITHER
            Treat as pin: True
            Is OE Registered: False
            Uses Analog: False
            Can contain Digital: True
            Is SIO: False
            SIO Output Buf: NONREGULATED
            SIO Input Buf: SINGLE_ENDED
            SIO HiFreq: LOW
            SIO Hyst: DISABLED
            SIO Vtrip: MULTIPLIER_0_5
            SIO Multiplier Index: 0
            SIO RefSel: VCC_IO
            Required Capabilities: DIGITAL, ROUTABLE
            Initial Value: 1
            IO Voltage: 0
        PORT MAP (
            pa_out => SDA_1(0)__PA ,
            fb => \I2C_1:Net_1109_1\ ,
            pin_input => \I2C_1:sda_x_wire\ ,
            pad => SDA_1(0)_PAD );
        Properties:
        {
        }

    Pin : Name = SCL_1(0)
        Attributes:
            In Group/Port: True
            In Sync Option: SYNC
            Out Sync Option: NOSYNC
            Interrupt generated: False
            Interrupt mode: NONE
            Drive mode: RES_PULL_UP
            VTrip: CMOS
            Slew: FAST
            Input Sync needed: True
            Output Sync needed: False
            SC shield enabled: False
            POR State: ANY
            LCD Mode: COMMON
            Register Mode: RegComb
            CaSense Mode: NEITHER
            Treat as pin: True
            Is OE Registered: False
            Uses Analog: False
            Can contain Digital: True
            Is SIO: False
            SIO Output Buf: NONREGULATED
            SIO Input Buf: SINGLE_ENDED
            SIO HiFreq: LOW
            SIO Hyst: DISABLED
            SIO Vtrip: MULTIPLIER_0_5
            SIO Multiplier Index: 0
            SIO RefSel: VCC_IO
            Required Capabilities: DIGITAL, ROUTABLE
            Initial Value: 1
            IO Voltage: 0
        PORT MAP (
            pa_out => SCL_1(0)__PA ,
            fb => \I2C_1:Net_1109_0\ ,
            pin_input => \I2C_1:Net_643_0\ ,
            pad => SCL_1(0)_PAD );
        Properties:
        {
        }
    </CYPRESSTAG>
    <CYPRESSTAG name="Macrocell listing" icon="FILE_RPT_EQUATION">

    ------------------------------------------------------------
    Macrocell listing
    ------------------------------------------------------------

    MacroCell: Name=\I2S_1:bI2S:tx_underflow_0\, Mode=(Combinatorial)
        Total # of inputs        : 4
        Total # of product terms : 1
            Clock Enable: True
        Main Equation            : 1 pterm
        (
              !\I2S_1:bI2S:tx_state_2\ * !\I2S_1:bI2S:tx_state_1\ * 
              \I2S_1:bI2S:tx_state_0\ * \I2S_1:bI2S:tx_f0_empty_0\
        );
        Output = \I2S_1:bI2S:tx_underflow_0\ (fanout=1)

    MacroCell: Name=\I2S_1:bI2S:reset\, Mode=(D-Register)
        Total # of inputs        : 1
        Total # of product terms : 1
        List of special equations: 
            Clock  = (Net_60) => Global
            Clock Enable: True
        Main Equation            : 1 pterm
        (
              !\I2S_1:bI2S:ctrl_reg_out_2\
        );
        Output = \I2S_1:bI2S:reset\ (fanout=1)

    MacroCell: Name=Net_153, Mode=(D-Register)
        Total # of inputs        : 2
        Total # of product terms : 1
        List of special equations: 
            Clock  = (Net_60) => Global
            Clock Enable: True
        Main Equation            : 1 pterm
        (
              !\I2S_1:bI2S:reset\ * !\I2S_1:bI2S:count_6\
        );
        Output = Net_153 (fanout=1)

    MacroCell: Name=\I2S_1:bI2S:tx_underflow_sticky\, Mode=(D-Register)
        Total # of inputs        : 6
        Total # of product terms : 2
        List of special equations: 
            Clock  = (Net_60) => Global
            Clock Enable: True
        Main Equation            : 2 pterms
        (
              \I2S_1:bI2S:ctrl_reg_out_0\ * \I2S_1:bI2S:tx_underflow_sticky\
            + \I2S_1:bI2S:ctrl_reg_out_0\ * !\I2S_1:bI2S:tx_state_2\ * 
              !\I2S_1:bI2S:tx_state_1\ * \I2S_1:bI2S:tx_state_0\ * 
              \I2S_1:bI2S:tx_f0_empty_0\
        );
        Output = \I2S_1:bI2S:tx_underflow_sticky\ (fanout=2)

    MacroCell: Name=\I2S_1:bI2S:txenable\, Mode=(D-Register)
        Total # of inputs        : 11
        Total # of product terms : 8
        List of special equations: 
            Clock  = (Net_60) => Global
            Clock Enable: True
        Main Equation            : 8 pterms
        (
              \I2S_1:bI2S:ctrl_reg_out_2\ * \I2S_1:bI2S:count_6\ * 
              !\I2S_1:bI2S:tx_underflow_sticky\ * \I2S_1:bI2S:txenable\
            + \I2S_1:bI2S:ctrl_reg_out_2\ * \I2S_1:bI2S:count_5\ * 
              !\I2S_1:bI2S:tx_underflow_sticky\ * \I2S_1:bI2S:txenable\
            + \I2S_1:bI2S:ctrl_reg_out_2\ * \I2S_1:bI2S:count_4\ * 
              !\I2S_1:bI2S:tx_underflow_sticky\ * \I2S_1:bI2S:txenable\
            + \I2S_1:bI2S:ctrl_reg_out_2\ * \I2S_1:bI2S:count_3\ * 
              !\I2S_1:bI2S:tx_underflow_sticky\ * \I2S_1:bI2S:txenable\
            + \I2S_1:bI2S:ctrl_reg_out_2\ * \I2S_1:bI2S:count_2\ * 
              !\I2S_1:bI2S:tx_underflow_sticky\ * \I2S_1:bI2S:txenable\
            + \I2S_1:bI2S:ctrl_reg_out_2\ * \I2S_1:bI2S:count_1\ * 
              !\I2S_1:bI2S:tx_underflow_sticky\ * \I2S_1:bI2S:txenable\
            + \I2S_1:bI2S:ctrl_reg_out_2\ * Net_152 * 
              !\I2S_1:bI2S:tx_underflow_sticky\ * \I2S_1:bI2S:txenable\
            + \I2S_1:bI2S:ctrl_reg_out_0\ * !\I2S_1:bI2S:count_6\ * 
              !\I2S_1:bI2S:count_5\ * !\I2S_1:bI2S:count_4\ * 
              !\I2S_1:bI2S:count_3\ * !\I2S_1:bI2S:count_2\ * 
              !\I2S_1:bI2S:count_1\ * !Net_152 * 
              !\I2S_1:bI2S:tx_underflow_sticky\
        );
        Output = \I2S_1:bI2S:txenable\ (fanout=4)

    MacroCell: Name=\I2S_1:bI2S:tx_state_2\, Mode=(D-Register)
        Total # of inputs        : 1
        Total # of product terms : 1
        List of special equations: 
            Clock  = (Net_60) => Global
            Clock Enable: True
        Main Equation            : 1 pterm
        (
              !\I2S_1:bI2S:txenable\
        );
        Output = \I2S_1:bI2S:tx_state_2\ (fanout=5)

    MacroCell: Name=\I2S_1:bI2S:tx_state_1\, Mode=(D-Register)
        Total # of inputs        : 10
        Total # of product terms : 5
        List of special equations: 
            Clock  = (Net_60) => Global
            Clock Enable: True
        Main Equation            : 5 pterms
        !(
              \I2S_1:bI2S:count_6\ * \I2S_1:bI2S:count_5\ * 
              \I2S_1:bI2S:count_3\ * \I2S_1:bI2S:count_2\ * 
              \I2S_1:bI2S:count_1\ * \I2S_1:bI2S:txenable\
            + \I2S_1:bI2S:count_6\ * \I2S_1:bI2S:count_4\ * 
              \I2S_1:bI2S:count_3\ * \I2S_1:bI2S:count_2\ * 
              \I2S_1:bI2S:count_1\ * \I2S_1:bI2S:txenable\
            + \I2S_1:bI2S:txenable\ * \I2S_1:bI2S:tx_state_2\
            + \I2S_1:bI2S:txenable\ * \I2S_1:bI2S:tx_state_1\
            + \I2S_1:bI2S:txenable\ * \I2S_1:bI2S:tx_state_0\
        );
        Output = \I2S_1:bI2S:tx_state_1\ (fanout=5)

    MacroCell: Name=\I2S_1:bI2S:tx_state_0\, Mode=(D-Register)
        Total # of inputs        : 10
        Total # of product terms : 4
        List of special equations: 
            Clock  = (Net_60) => Global
            Clock Enable: True
        Main Equation            : 4 pterms
        (
              \I2S_1:bI2S:count_6\ * \I2S_1:bI2S:count_5\ * 
              \I2S_1:bI2S:count_3\ * \I2S_1:bI2S:count_2\ * 
              \I2S_1:bI2S:count_1\ * !\I2S_1:bI2S:tx_state_2\ * 
              !\I2S_1:bI2S:tx_state_1\ * !\I2S_1:bI2S:tx_state_0\
            + \I2S_1:bI2S:count_6\ * \I2S_1:bI2S:count_4\ * 
              \I2S_1:bI2S:count_3\ * \I2S_1:bI2S:count_2\ * 
              \I2S_1:bI2S:count_1\ * !\I2S_1:bI2S:tx_state_2\ * 
              !\I2S_1:bI2S:tx_state_1\ * !\I2S_1:bI2S:tx_state_0\
            + !\I2S_1:bI2S:txenable\
            + \I2S_1:bI2S:tx_state_2\ * \I2S_1:bI2S:tx_state_1\ * 
              \I2S_1:bI2S:tx_state_0\
        );
        Output = \I2S_1:bI2S:tx_state_0\ (fanout=5)

    MacroCell: Name=Net_154_0, Mode=(D-Register)
        Total # of inputs        : 3
        Total # of product terms : 2
        List of special equations: 
            Clock  = (Net_60) => Global
            Clock Enable: True
        Main Equation            : 2 pterms
        (
              !Net_152 * Net_154_0
            + Net_152 * \I2S_1:bI2S:tx_data_out_0\
        );
        Output = Net_154_0 (fanout=2)
    </CYPRESSTAG>
    <CYPRESSTAG name="Datapath listing">

    ------------------------------------------------------------
    Datapath listing
    ------------------------------------------------------------

    datapathcell: Name =\I2S_1:bI2S:Tx:CH[0]:dpTx:u0\
        PORT MAP (
            clock => Net_60 ,
            cs_addr_2 => \I2S_1:bI2S:tx_state_2\ ,
            cs_addr_1 => \I2S_1:bI2S:tx_state_1\ ,
            cs_addr_0 => \I2S_1:bI2S:tx_state_0\ ,
            so_comb => \I2S_1:bI2S:tx_data_out_0\ ,
            f0_bus_stat_comb => \I2S_1:bI2S:tx_f0_n_full_0\ ,
            f0_blk_stat_comb => \I2S_1:bI2S:tx_f0_empty_0\ );
        Properties:
        {
            a0_init = "00000000"
            a1_init = "00000000"
            ce0_sync = 1
            ce1_sync = 1
            cl0_sync = 1
            cl1_sync = 1
            cmsb_sync = 1
            co_msb_sync = 1
            cy_dpconfig = "0000000000000000000000001100000000000001010000000000000010000000000000000011000000010000010000000000000000010000101010000100000011111111000000001111111111111111000000000000000000000000000000000000000000000100"
            d0_init = "00000000"
            d1_init = "00000000"
            f0_blk_sync = 1
            f0_bus_sync = 1
            f1_blk_sync = 1
            f1_bus_sync = 1
            ff0_sync = 1
            ff1_sync = 1
            ov_msb_sync = 1
            so_sync = 1
            z0_sync = 1
            z1_sync = 1
        }
        Clock Polarity: Active High
        Clock Enable: True
    </CYPRESSTAG>
    <CYPRESSTAG name="Status register listing">
    </CYPRESSTAG>
    <CYPRESSTAG name="StatusI register listing">

    ------------------------------------------------------------
    StatusI register listing
    ------------------------------------------------------------

    statusicell: Name =\I2S_1:bI2S:Tx:STS[0]:Sts\
        PORT MAP (
            clock => Net_60 ,
            status_1 => \I2S_1:bI2S:tx_f0_n_full_0\ ,
            status_0 => \I2S_1:bI2S:tx_underflow_0\ ,
            interrupt => \I2S_1:bI2S:tx_int_out_0\ );
        Properties:
        {
            cy_force_order = 1
            cy_int_mask = "0000000"
            cy_md_select = "0000001"
        }
        Clock Polarity: Active High
        Clock Enable: True
    </CYPRESSTAG>
    <CYPRESSTAG name="Sync listing">
    </CYPRESSTAG>
    <CYPRESSTAG name="Control register listing">

    ------------------------------------------------------------
    Control register listing
    ------------------------------------------------------------

    controlcell: Name =\I2S_1:bI2S:CtlReg\
        PORT MAP (
            clock => Net_60 ,
            control_7 => \I2S_1:bI2S:ctrl_reg_out_7\ ,
            control_6 => \I2S_1:bI2S:ctrl_reg_out_6\ ,
            control_5 => \I2S_1:bI2S:ctrl_reg_out_5\ ,
            control_4 => \I2S_1:bI2S:ctrl_reg_out_4\ ,
            control_3 => \I2S_1:bI2S:ctrl_reg_out_3\ ,
            control_2 => \I2S_1:bI2S:ctrl_reg_out_2\ ,
            control_1 => \I2S_1:bI2S:ctrl_reg_out_1\ ,
            control_0 => \I2S_1:bI2S:ctrl_reg_out_0\ );
        Properties:
        {
            cy_ctrl_mode_0 = "00011111"
            cy_ctrl_mode_1 = "00000000"
            cy_ext_reset = 0
            cy_force_order = 1
            cy_init_value = "00000000"
        }
        Clock Polarity: Active High
        Clock Enable: True
    </CYPRESSTAG>
    <CYPRESSTAG name="Count7 listing">

    ------------------------------------------------------------
    Count7 listing
    ------------------------------------------------------------

    count7cell: Name =\I2S_1:bI2S:BitCounter\
        PORT MAP (
            clock => Net_60 ,
            enable => \I2S_1:bI2S:ctrl_reg_out_2\ ,
            count_6 => \I2S_1:bI2S:count_6\ ,
            count_5 => \I2S_1:bI2S:count_5\ ,
            count_4 => \I2S_1:bI2S:count_4\ ,
            count_3 => \I2S_1:bI2S:count_3\ ,
            count_2 => \I2S_1:bI2S:count_2\ ,
            count_1 => \I2S_1:bI2S:count_1\ ,
            count_0 => Net_152 );
        Properties:
        {
            cy_alt_mode = 0
            cy_init_value = "0000000"
            cy_period = "1111111"
            cy_route_en = 1
            cy_route_ld = 0
        }
        Clock Polarity: Active High
        Clock Enable: True
    </CYPRESSTAG>
    <CYPRESSTAG name="DRQ listing">
    </CYPRESSTAG>
    <CYPRESSTAG name="Interrupt listing">

    ------------------------------------------------------------
    Interrupt listing
    ------------------------------------------------------------

    interrupt: Name =\I2C_1:I2C_IRQ\
        PORT MAP (
            interrupt => \I2C_1:Net_697\ );
        Properties:
        {
            int_type = "00"
            is_nmi = 0
        }
    </CYPRESSTAG>
</CYPRESSTAG>
<CYPRESSTAG name="Technology mapping summary" expanded>

------------------------------------------------------------
Technology mapping summary
------------------------------------------------------------

Resource Type                 : Used : Free :  Max :  % Used
============================================================
Digital Clocks                :    1 :    7 :    8 : 12.50 %
Analog Clocks                 :    0 :    4 :    4 :  0.00 %
CapSense Buffers              :    0 :    2 :    2 :  0.00 %
Digital Filter Block          :    0 :    1 :    1 :  0.00 %
Interrupts                    :    1 :   31 :   32 :  3.13 %
IO                            :    8 :   64 :   72 : 11.11 %
Segment LCD                   :    0 :    1 :    1 :  0.00 %
CAN 2.0b                      :    0 :    1 :    1 :  0.00 %
I2C                           :    1 :    0 :    1 : 100.00 %
USB                           :    0 :    1 :    1 :  0.00 %
DMA Channels                  :    0 :   24 :   24 :  0.00 %
Timer                         :    0 :    4 :    4 :  0.00 %
UDB                           :      :      :      :        
  Macrocells                  :    9 :  183 :  192 :  4.69 %
  Unique P-terms              :   24 :  360 :  384 :  6.25 %
  Total P-terms               :   25 :      :      :        
  Datapath Cells              :    1 :   23 :   24 :  4.17 %
  Status Cells                :    2 :   22 :   24 :  8.33 %
    StatusI Registers         :    1 :      :      :        
    Routed Count7 Load/Enable :    1 :      :      :        
  Control Cells               :    2 :   22 :   24 :  8.33 %
    Control Registers         :    1 :      :      :        
    Count7 Cells              :    1 :      :      :        
Opamp                         :    0 :    4 :    4 :  0.00 %
Comparator                    :    0 :    4 :    4 :  0.00 %
Delta-Sigma ADC               :    0 :    1 :    1 :  0.00 %
LPF                           :    0 :    2 :    2 :  0.00 %
SAR ADC                       :    0 :    2 :    2 :  0.00 %
Analog (SC/CT) Blocks         :    0 :    4 :    4 :  0.00 %
DAC                           :      :      :      :        
  VIDAC                       :    0 :    4 :    4 :  0.00 %
</CYPRESSTAG>
Technology Mapping: Elapsed time ==> 0s.140ms
Tech Mapping phase: Elapsed time ==> 0s.249ms
</CYPRESSTAG>
<CYPRESSTAG name="Analog Placement">
Initial Analog Placement Results:
IO_1@[IOP=(3)][IoId=(1)] : SCK_1(0) (fixed)
IO_0@[IOP=(12)][IoId=(0)] : SCL_1(0) (fixed)
IO_1@[IOP=(12)][IoId=(1)] : SDA_1(0) (fixed)
IO_0@[IOP=(3)][IoId=(0)] : SDO_1(0) (fixed)
IO_2@[IOP=(3)][IoId=(2)] : WS_1(0) (fixed)
Analog Placement phase: Elapsed time ==> 0s.062ms
</CYPRESSTAG>
<CYPRESSTAG name="Analog Routing">
Analog Routing phase: Elapsed time ==> 0s.000ms
</CYPRESSTAG>
<CYPRESSTAG name="Analog Code Generation">
============ Analog Final Answer Routes ============
Dump of CyAnalogRoutingResultsDB
Map of net to items {
}
Map of item to net {
}
Mux Info {
}
Dump of CyP35AnalogRoutingResultsDB
IsVddaHalfUsedForComp = False
IsVddaHalfUsedForSar0 = False
IsVddaHalfUsedForSar1 = False
Analog Code Generation phase: Elapsed time ==> 0s.577ms
</CYPRESSTAG>
<CYPRESSTAG name="Digital Placement">
<CYPRESSTAG name="Detailed placement messages">
I2076: Total run-time: 1.3 sec.

</CYPRESSTAG>
<CYPRESSTAG name="PLD Packing">
<CYPRESSTAG name="PLD Packing Summary" expanded>

------------------------------------------------------------
PLD Packing Summary
------------------------------------------------------------
            Resource Type : Used : Free :  Max :  % Used
    ====================================================
                     PLDs :    5 :   43 :   48 :  10.42%

<CYPRESSTAG name="PLD Statistics">

        PLD Resource Type :     Average/LAB
    =======================================
                   Inputs :            8.60
                   Pterms :            4.80
               Macrocells :            1.80
</CYPRESSTAG>
<CYPRESSTAG name="Packed PLD Contents">
Packed PLD Contents not displayed at this verbose level.</CYPRESSTAG>
</CYPRESSTAG>
PLD Packing: Elapsed time ==> 0s.015ms
</CYPRESSTAG>
<CYPRESSTAG name="Partitioning">
<CYPRESSTAG name="Initial Partitioning Summary">
Initial Partitioning Summary not displayed at this verbose level.</CYPRESSTAG>
<CYPRESSTAG name="Final Partitioning Summary">
Final Partitioning Summary not displayed at this verbose level.</CYPRESSTAG>
Partitioning: Elapsed time ==> 0s.015ms
</CYPRESSTAG>
<CYPRESSTAG name="Final Placement Summary">

------------------------------------------------------------
Final Placement Summary
------------------------------------------------------------

       Resource Type :      Count : Avg Inputs : Avg Outputs
    ========================================================
                 UDB :          4 :       7.75 :       2.25
<CYPRESSTAG name="Final Placement Details">
<CYPRESSTAG name="Component Details">

------------------------------------------------------------
Component Placement Details
------------------------------------------------------------
UDB [UDB=(0,0)] is empty.
UDB [UDB=(0,1)] is empty.
UDB [UDB=(0,2)] is empty.
UDB [UDB=(0,3)] is empty.
UDB [UDB=(0,4)] is empty.
UDB [UDB=(0,5)] is empty.
UDB [UDB=(1,0)] is empty.
UDB [UDB=(1,1)] is empty.
UDB [UDB=(1,2)] is empty.
UDB [UDB=(1,3)] is empty.
UDB [UDB=(1,4)] is empty.
UDB [UDB=(1,5)] is empty.
UDB [UDB=(2,0)] contents:
LAB@[UDB=(2,0)][LB=0] #macrocells=1, #inputs=11, #pterms=8
{
    [McSlotId=0]:     MacroCell: Name=\I2S_1:bI2S:txenable\, Mode=(D-Register) @ [UDB=(2,0)][LB=0][MC=0]
        Total # of inputs        : 11
        Total # of product terms : 8
        List of special equations: 
            Clock  = (Net_60) => Global
            Clock Enable: True
        Main Equation            : 8 pterms
        (
              \I2S_1:bI2S:ctrl_reg_out_2\ * \I2S_1:bI2S:count_6\ * 
              !\I2S_1:bI2S:tx_underflow_sticky\ * \I2S_1:bI2S:txenable\
            + \I2S_1:bI2S:ctrl_reg_out_2\ * \I2S_1:bI2S:count_5\ * 
              !\I2S_1:bI2S:tx_underflow_sticky\ * \I2S_1:bI2S:txenable\
            + \I2S_1:bI2S:ctrl_reg_out_2\ * \I2S_1:bI2S:count_4\ * 
              !\I2S_1:bI2S:tx_underflow_sticky\ * \I2S_1:bI2S:txenable\
            + \I2S_1:bI2S:ctrl_reg_out_2\ * \I2S_1:bI2S:count_3\ * 
              !\I2S_1:bI2S:tx_underflow_sticky\ * \I2S_1:bI2S:txenable\
            + \I2S_1:bI2S:ctrl_reg_out_2\ * \I2S_1:bI2S:count_2\ * 
              !\I2S_1:bI2S:tx_underflow_sticky\ * \I2S_1:bI2S:txenable\
            + \I2S_1:bI2S:ctrl_reg_out_2\ * \I2S_1:bI2S:count_1\ * 
              !\I2S_1:bI2S:tx_underflow_sticky\ * \I2S_1:bI2S:txenable\
            + \I2S_1:bI2S:ctrl_reg_out_2\ * Net_152 * 
              !\I2S_1:bI2S:tx_underflow_sticky\ * \I2S_1:bI2S:txenable\
            + \I2S_1:bI2S:ctrl_reg_out_0\ * !\I2S_1:bI2S:count_6\ * 
              !\I2S_1:bI2S:count_5\ * !\I2S_1:bI2S:count_4\ * 
              !\I2S_1:bI2S:count_3\ * !\I2S_1:bI2S:count_2\ * 
              !\I2S_1:bI2S:count_1\ * !Net_152 * 
              !\I2S_1:bI2S:tx_underflow_sticky\
        );
        Output = \I2S_1:bI2S:txenable\ (fanout=4)
        Properties               : 
        {
        }

    [McSlotId=1]: (empty)
    [McSlotId=2]: (empty)
    [McSlotId=3]: (empty)
}

LAB@[UDB=(2,0)][LB=1] #macrocells=1, #inputs=6, #pterms=2
{
    [McSlotId=0]:     MacroCell: Name=\I2S_1:bI2S:tx_underflow_sticky\, Mode=(D-Register) @ [UDB=(2,0)][LB=1][MC=0]
        Total # of inputs        : 6
        Total # of product terms : 2
        List of special equations: 
            Clock  = (Net_60) => Global
            Clock Enable: True
        Main Equation            : 2 pterms
        (
              \I2S_1:bI2S:ctrl_reg_out_0\ * \I2S_1:bI2S:tx_underflow_sticky\
            + \I2S_1:bI2S:ctrl_reg_out_0\ * !\I2S_1:bI2S:tx_state_2\ * 
              !\I2S_1:bI2S:tx_state_1\ * \I2S_1:bI2S:tx_state_0\ * 
              \I2S_1:bI2S:tx_f0_empty_0\
        );
        Output = \I2S_1:bI2S:tx_underflow_sticky\ (fanout=2)
        Properties               : 
        {
        }

    [McSlotId=1]: (empty)
    [McSlotId=2]: (empty)
    [McSlotId=3]: (empty)
}

controlcell: Name =\I2S_1:bI2S:CtlReg\
    PORT MAP (
        clock => Net_60 ,
        control_7 => \I2S_1:bI2S:ctrl_reg_out_7\ ,
        control_6 => \I2S_1:bI2S:ctrl_reg_out_6\ ,
        control_5 => \I2S_1:bI2S:ctrl_reg_out_5\ ,
        control_4 => \I2S_1:bI2S:ctrl_reg_out_4\ ,
        control_3 => \I2S_1:bI2S:ctrl_reg_out_3\ ,
        control_2 => \I2S_1:bI2S:ctrl_reg_out_2\ ,
        control_1 => \I2S_1:bI2S:ctrl_reg_out_1\ ,
        control_0 => \I2S_1:bI2S:ctrl_reg_out_0\ );
    Properties:
    {
        cy_ctrl_mode_0 = "00011111"
        cy_ctrl_mode_1 = "00000000"
        cy_ext_reset = 0
        cy_force_order = 1
        cy_init_value = "00000000"
    }
    Clock Polarity: Active High
    Clock Enable: True

UDB [UDB=(2,1)] contents:
LAB@[UDB=(2,1)][LB=0] #macrocells=2, #inputs=11, #pterms=6
{
    [McSlotId=0]:     MacroCell: Name=\I2S_1:bI2S:tx_state_1\, Mode=(D-Register) @ [UDB=(2,1)][LB=0][MC=0]
        Total # of inputs        : 10
        Total # of product terms : 5
        List of special equations: 
            Clock  = (Net_60) => Global
            Clock Enable: True
        Main Equation            : 5 pterms
        !(
              \I2S_1:bI2S:count_6\ * \I2S_1:bI2S:count_5\ * 
              \I2S_1:bI2S:count_3\ * \I2S_1:bI2S:count_2\ * 
              \I2S_1:bI2S:count_1\ * \I2S_1:bI2S:txenable\
            + \I2S_1:bI2S:count_6\ * \I2S_1:bI2S:count_4\ * 
              \I2S_1:bI2S:count_3\ * \I2S_1:bI2S:count_2\ * 
              \I2S_1:bI2S:count_1\ * \I2S_1:bI2S:txenable\
            + \I2S_1:bI2S:txenable\ * \I2S_1:bI2S:tx_state_2\
            + \I2S_1:bI2S:txenable\ * \I2S_1:bI2S:tx_state_1\
            + \I2S_1:bI2S:txenable\ * \I2S_1:bI2S:tx_state_0\
        );
        Output = \I2S_1:bI2S:tx_state_1\ (fanout=5)
        Properties               : 
        {
        }

    [McSlotId=1]:     MacroCell: Name=Net_153, Mode=(D-Register) @ [UDB=(2,1)][LB=0][MC=1]
        Total # of inputs        : 2
        Total # of product terms : 1
        List of special equations: 
            Clock  = (Net_60) => Global
            Clock Enable: True
        Main Equation            : 1 pterm
        (
              !\I2S_1:bI2S:reset\ * !\I2S_1:bI2S:count_6\
        );
        Output = Net_153 (fanout=1)
        Properties               : 
        {
        }

    [McSlotId=2]: (empty)
    [McSlotId=3]: (empty)
}

LAB@[UDB=(2,1)][LB=1] #macrocells=4, #inputs=12, #pterms=6
{
    [McSlotId=0]:     MacroCell: Name=\I2S_1:bI2S:tx_state_0\, Mode=(D-Register) @ [UDB=(2,1)][LB=1][MC=0]
        Total # of inputs        : 10
        Total # of product terms : 4
        List of special equations: 
            Clock  = (Net_60) => Global
            Clock Enable: True
        Main Equation            : 4 pterms
        (
              \I2S_1:bI2S:count_6\ * \I2S_1:bI2S:count_5\ * 
              \I2S_1:bI2S:count_3\ * \I2S_1:bI2S:count_2\ * 
              \I2S_1:bI2S:count_1\ * !\I2S_1:bI2S:tx_state_2\ * 
              !\I2S_1:bI2S:tx_state_1\ * !\I2S_1:bI2S:tx_state_0\
            + \I2S_1:bI2S:count_6\ * \I2S_1:bI2S:count_4\ * 
              \I2S_1:bI2S:count_3\ * \I2S_1:bI2S:count_2\ * 
              \I2S_1:bI2S:count_1\ * !\I2S_1:bI2S:tx_state_2\ * 
              !\I2S_1:bI2S:tx_state_1\ * !\I2S_1:bI2S:tx_state_0\
            + !\I2S_1:bI2S:txenable\
            + \I2S_1:bI2S:tx_state_2\ * \I2S_1:bI2S:tx_state_1\ * 
              \I2S_1:bI2S:tx_state_0\
        );
        Output = \I2S_1:bI2S:tx_state_0\ (fanout=5)
        Properties               : 
        {
        }

    [McSlotId=1]:     MacroCell: Name=\I2S_1:bI2S:tx_underflow_0\, Mode=(Combinatorial) @ [UDB=(2,1)][LB=1][MC=1]
        Total # of inputs        : 4
        Total # of product terms : 1
            Clock Enable: True
        Main Equation            : 1 pterm
        (
              !\I2S_1:bI2S:tx_state_2\ * !\I2S_1:bI2S:tx_state_1\ * 
              \I2S_1:bI2S:tx_state_0\ * \I2S_1:bI2S:tx_f0_empty_0\
        );
        Output = \I2S_1:bI2S:tx_underflow_0\ (fanout=1)
        Properties               : 
        {
        }

    [McSlotId=2]:     MacroCell: Name=\I2S_1:bI2S:tx_state_2\, Mode=(D-Register) @ [UDB=(2,1)][LB=1][MC=2]
        Total # of inputs        : 1
        Total # of product terms : 1
        List of special equations: 
            Clock  = (Net_60) => Global
            Clock Enable: True
        Main Equation            : 1 pterm
        (
              !\I2S_1:bI2S:txenable\
        );
        Output = \I2S_1:bI2S:tx_state_2\ (fanout=5)
        Properties               : 
        {
        }

    [McSlotId=3]:     MacroCell: Name=\I2S_1:bI2S:reset\, Mode=(D-Register) @ [UDB=(2,1)][LB=1][MC=3]
        Total # of inputs        : 1
        Total # of product terms : 1
        List of special equations: 
            Clock  = (Net_60) => Global
            Clock Enable: True
        Main Equation            : 1 pterm
        (
              !\I2S_1:bI2S:ctrl_reg_out_2\
        );
        Output = \I2S_1:bI2S:reset\ (fanout=1)
        Properties               : 
        {
        }
}

datapathcell: Name =\I2S_1:bI2S:Tx:CH[0]:dpTx:u0\
    PORT MAP (
        clock => Net_60 ,
        cs_addr_2 => \I2S_1:bI2S:tx_state_2\ ,
        cs_addr_1 => \I2S_1:bI2S:tx_state_1\ ,
        cs_addr_0 => \I2S_1:bI2S:tx_state_0\ ,
        so_comb => \I2S_1:bI2S:tx_data_out_0\ ,
        f0_bus_stat_comb => \I2S_1:bI2S:tx_f0_n_full_0\ ,
        f0_blk_stat_comb => \I2S_1:bI2S:tx_f0_empty_0\ );
    Properties:
    {
        a0_init = "00000000"
        a1_init = "00000000"
        ce0_sync = 1
        ce1_sync = 1
        cl0_sync = 1
        cl1_sync = 1
        cmsb_sync = 1
        co_msb_sync = 1
        cy_dpconfig = "0000000000000000000000001100000000000001010000000000000010000000000000000011000000010000010000000000000000010000101010000100000011111111000000001111111111111111000000000000000000000000000000000000000000000100"
        d0_init = "00000000"
        d1_init = "00000000"
        f0_blk_sync = 1
        f0_bus_sync = 1
        f1_blk_sync = 1
        f1_bus_sync = 1
        ff0_sync = 1
        ff1_sync = 1
        ov_msb_sync = 1
        so_sync = 1
        z0_sync = 1
        z1_sync = 1
    }
    Clock Polarity: Active High
    Clock Enable: True

count7cell: Name =\I2S_1:bI2S:BitCounter\
    PORT MAP (
        clock => Net_60 ,
        enable => \I2S_1:bI2S:ctrl_reg_out_2\ ,
        count_6 => \I2S_1:bI2S:count_6\ ,
        count_5 => \I2S_1:bI2S:count_5\ ,
        count_4 => \I2S_1:bI2S:count_4\ ,
        count_3 => \I2S_1:bI2S:count_3\ ,
        count_2 => \I2S_1:bI2S:count_2\ ,
        count_1 => \I2S_1:bI2S:count_1\ ,
        count_0 => Net_152 );
    Properties:
    {
        cy_alt_mode = 0
        cy_init_value = "0000000"
        cy_period = "1111111"
        cy_route_en = 1
        cy_route_ld = 0
    }
    Clock Polarity: Active High
    Clock Enable: True

UDB [UDB=(2,2)] is empty.
UDB [UDB=(2,3)] is empty.
UDB [UDB=(2,4)] is empty.
UDB [UDB=(2,5)] is empty.
UDB [UDB=(3,0)] contents:
LAB@[UDB=(3,0)][LB=0] #macrocells=1, #inputs=3, #pterms=2
{
    [McSlotId=0]:     MacroCell: Name=Net_154_0, Mode=(D-Register) @ [UDB=(3,0)][LB=0][MC=0]
        Total # of inputs        : 3
        Total # of product terms : 2
        List of special equations: 
            Clock  = (Net_60) => Global
            Clock Enable: True
        Main Equation            : 2 pterms
        (
              !Net_152 * Net_154_0
            + Net_152 * \I2S_1:bI2S:tx_data_out_0\
        );
        Output = Net_154_0 (fanout=2)
        Properties               : 
        {
        }

    [McSlotId=1]: (empty)
    [McSlotId=2]: (empty)
    [McSlotId=3]: (empty)
}

UDB [UDB=(3,1)] contents:
statusicell: Name =\I2S_1:bI2S:Tx:STS[0]:Sts\
    PORT MAP (
        clock => Net_60 ,
        status_1 => \I2S_1:bI2S:tx_f0_n_full_0\ ,
        status_0 => \I2S_1:bI2S:tx_underflow_0\ ,
        interrupt => \I2S_1:bI2S:tx_int_out_0\ );
    Properties:
    {
        cy_force_order = 1
        cy_int_mask = "0000000"
        cy_md_select = "0000001"
    }
    Clock Polarity: Active High
    Clock Enable: True

UDB [UDB=(3,2)] is empty.
UDB [UDB=(3,3)] is empty.
UDB [UDB=(3,4)] is empty.
UDB [UDB=(3,5)] is empty.
Intr container @ [IntrContainer=(0)]: 
  Intr@ [IntrContainer=(0)][IntrId=(15)] 
    interrupt: Name =\I2C_1:I2C_IRQ\
        PORT MAP (
            interrupt => \I2C_1:Net_697\ );
        Properties:
        {
            int_type = "00"
            is_nmi = 0
        }
Drq container @ [DrqContainer=(0)]: empty
Port 0 contains the following IO cells:
Port 1 contains the following IO cells:
Port 2 contains the following IO cells:
Port 3 contains the following IO cells:
[IoId=0]: 
Pin : Name = SDO_1(0)
    Attributes:
        In Group/Port: True
        In Sync Option: AUTO
        Out Sync Option: NOSYNC
        Interrupt generated: False
        Interrupt mode: NONE
        Drive mode: CMOS_OUT
        VTrip: EITHER
        Slew: FAST
        Input Sync needed: False
        Output Sync needed: False
        SC shield enabled: False
        POR State: ANY
        LCD Mode: COMMON
        Register Mode: RegComb
        CaSense Mode: NEITHER
        Treat as pin: True
        Is OE Registered: False
        Uses Analog: False
        Can contain Digital: True
        Is SIO: False
        SIO Output Buf: NONREGULATED
        SIO Input Buf: SINGLE_ENDED
        SIO HiFreq: LOW
        SIO Hyst: DISABLED
        SIO Vtrip: MULTIPLIER_0_5
        SIO Multiplier Index: 0
        SIO RefSel: VCC_IO
        Required Capabilities: DIGITAL, ROUTABLE
        Initial Value: 0
        IO Voltage: 0
    PORT MAP (
        pa_out => SDO_1(0)__PA ,
        pin_input => Net_154_0 ,
        pad => SDO_1(0)_PAD );
    Properties:
    {
    }

[IoId=1]: 
Pin : Name = SCK_1(0)
    Attributes:
        In Group/Port: True
        In Sync Option: AUTO
        Out Sync Option: NOSYNC
        Interrupt generated: False
        Interrupt mode: NONE
        Drive mode: CMOS_OUT
        VTrip: EITHER
        Slew: FAST
        Input Sync needed: False
        Output Sync needed: False
        SC shield enabled: False
        POR State: ANY
        LCD Mode: COMMON
        Register Mode: RegComb
        CaSense Mode: NEITHER
        Treat as pin: True
        Is OE Registered: False
        Uses Analog: False
        Can contain Digital: True
        Is SIO: False
        SIO Output Buf: NONREGULATED
        SIO Input Buf: SINGLE_ENDED
        SIO HiFreq: LOW
        SIO Hyst: DISABLED
        SIO Vtrip: MULTIPLIER_0_5
        SIO Multiplier Index: 0
        SIO RefSel: VCC_IO
        Required Capabilities: DIGITAL, ROUTABLE
        Initial Value: 0
        IO Voltage: 0
    PORT MAP (
        pa_out => SCK_1(0)__PA ,
        pin_input => Net_152 ,
        pad => SCK_1(0)_PAD );
    Properties:
    {
    }

[IoId=2]: 
Pin : Name = WS_1(0)
    Attributes:
        In Group/Port: True
        In Sync Option: AUTO
        Out Sync Option: NOSYNC
        Interrupt generated: False
        Interrupt mode: NONE
        Drive mode: CMOS_OUT
        VTrip: EITHER
        Slew: FAST
        Input Sync needed: False
        Output Sync needed: False
        SC shield enabled: False
        POR State: ANY
        LCD Mode: COMMON
        Register Mode: RegComb
        CaSense Mode: NEITHER
        Treat as pin: True
        Is OE Registered: False
        Uses Analog: False
        Can contain Digital: True
        Is SIO: False
        SIO Output Buf: NONREGULATED
        SIO Input Buf: SINGLE_ENDED
        SIO HiFreq: LOW
        SIO Hyst: DISABLED
        SIO Vtrip: MULTIPLIER_0_5
        SIO Multiplier Index: 0
        SIO RefSel: VCC_IO
        Required Capabilities: DIGITAL, ROUTABLE
        Initial Value: 0
        IO Voltage: 0
    PORT MAP (
        pa_out => WS_1(0)__PA ,
        pin_input => Net_153 ,
        pad => WS_1(0)_PAD );
    Properties:
    {
    }

Port 4 contains the following IO cells:
Port 5 contains the following IO cells:
Port 6 contains the following IO cells:
Port 12 contains the following IO cells:
[IoId=0]: 
Pin : Name = SCL_1(0)
    Attributes:
        In Group/Port: True
        In Sync Option: SYNC
        Out Sync Option: NOSYNC
        Interrupt generated: False
        Interrupt mode: NONE
        Drive mode: RES_PULL_UP
        VTrip: CMOS
        Slew: FAST
        Input Sync needed: True
        Output Sync needed: False
        SC shield enabled: False
        POR State: ANY
        LCD Mode: COMMON
        Register Mode: RegComb
        CaSense Mode: NEITHER
        Treat as pin: True
        Is OE Registered: False
        Uses Analog: False
        Can contain Digital: True
        Is SIO: False
        SIO Output Buf: NONREGULATED
        SIO Input Buf: SINGLE_ENDED
        SIO HiFreq: LOW
        SIO Hyst: DISABLED
        SIO Vtrip: MULTIPLIER_0_5
        SIO Multiplier Index: 0
        SIO RefSel: VCC_IO
        Required Capabilities: DIGITAL, ROUTABLE
        Initial Value: 1
        IO Voltage: 0
    PORT MAP (
        pa_out => SCL_1(0)__PA ,
        fb => \I2C_1:Net_1109_0\ ,
        pin_input => \I2C_1:Net_643_0\ ,
        pad => SCL_1(0)_PAD );
    Properties:
    {
    }

[IoId=1]: 
Pin : Name = SDA_1(0)
    Attributes:
        In Group/Port: True
        In Sync Option: SYNC
        Out Sync Option: NOSYNC
        Interrupt generated: False
        Interrupt mode: NONE
        Drive mode: RES_PULL_UP
        VTrip: CMOS
        Slew: FAST
        Input Sync needed: True
        Output Sync needed: False
        SC shield enabled: False
        POR State: ANY
        LCD Mode: COMMON
        Register Mode: RegComb
        CaSense Mode: NEITHER
        Treat as pin: True
        Is OE Registered: False
        Uses Analog: False
        Can contain Digital: True
        Is SIO: False
        SIO Output Buf: NONREGULATED
        SIO Input Buf: SINGLE_ENDED
        SIO HiFreq: LOW
        SIO Hyst: DISABLED
        SIO Vtrip: MULTIPLIER_0_5
        SIO Multiplier Index: 0
        SIO RefSel: VCC_IO
        Required Capabilities: DIGITAL, ROUTABLE
        Initial Value: 1
        IO Voltage: 0
    PORT MAP (
        pa_out => SDA_1(0)__PA ,
        fb => \I2C_1:Net_1109_1\ ,
        pin_input => \I2C_1:sda_x_wire\ ,
        pad => SDA_1(0)_PAD );
    Properties:
    {
    }

Port 15 contains the following IO cells:
ARM group 0: empty
CAN group 0: empty
Cache group 0: empty
CapSense group 0: empty
Clock group 0: 
    Clock Block @ F(Clock,0): 
    clockblockcell: Name =ClockBlock
        PORT MAP (
            imo => ClockBlock_IMO ,
            pllout => ClockBlock_PLL_OUT ,
            ilo => ClockBlock_ILO ,
            clk_100k => ClockBlock_100k ,
            clk_1k => ClockBlock_1k ,
            clk_32k => ClockBlock_32k ,
            xtal => ClockBlock_XTAL ,
            clk_32k_xtal => ClockBlock_XTAL_32KHZ ,
            clk_sync => ClockBlock_MASTER_CLK ,
            clk_bus_glb => ClockBlock_BUS_CLK ,
            clk_bus => ClockBlock_BUS_CLK_local ,
            dclk_glb_0 => Net_60 ,
            dclk_0 => Net_60_local );
        Properties:
        {
        }
Comparator group 0: empty
DFB group 0: empty
DSM group 0: empty
Decimator group 0: empty
EMIF group 0: empty
I2C group 0: 
    I2C Block @ F(I2C,0): 
    i2ccell: Name =\I2C_1:I2C_FF\
        PORT MAP (
            clock => ClockBlock_BUS_CLK ,
            scl_in => \I2C_1:Net_1109_0\ ,
            sda_in => \I2C_1:Net_1109_1\ ,
            scl_out => \I2C_1:Net_643_0\ ,
            sda_out => \I2C_1:sda_x_wire\ ,
            interrupt => \I2C_1:Net_697\ );
        Properties:
        {
            cy_registers = ""
            use_wakeup = 0
        }
LCD group 0: empty
LVD group 0: empty
PICU group 0: empty
PM group 0: empty
SC group 0: empty
SPC group 0: empty
Timer group 0: empty
USB group 0: empty
VIDAC group 0: empty
OpAmp group 0: empty
CsAbuf group 0: empty
Vref group 0: empty
LPF group 0: empty
SAR group 0: empty
ANAIF group 0: empty
PHUB group 0: empty
</CYPRESSTAG>
<CYPRESSTAG name="Port Configuration Details">

------------------------------------------------------------
Port Configuration report
------------------------------------------------------------
     |     |       | Interrupt |                  |          | 
Port | Pin | Fixed |      Type |       Drive Mode |     Name | Connections
-----+-----+-------+-----------+------------------+----------+-----------------------------------------------
   3 |   0 |     * |      NONE |         CMOS_OUT | SDO_1(0) | In(Net_154_0)
     |   1 |     * |      NONE |         CMOS_OUT | SCK_1(0) | In(Net_152)
     |   2 |     * |      NONE |         CMOS_OUT |  WS_1(0) | In(Net_153)
-----+-----+-------+-----------+------------------+----------+-----------------------------------------------
  12 |   0 |     * |      NONE |      RES_PULL_UP | SCL_1(0) | FB(\I2C_1:Net_1109_0\), In(\I2C_1:Net_643_0\)
     |   1 |     * |      NONE |      RES_PULL_UP | SDA_1(0) | FB(\I2C_1:Net_1109_1\), In(\I2C_1:sda_x_wire\)
-------------------------------------------------------------------------------------------------------------
</CYPRESSTAG>
</CYPRESSTAG>
</CYPRESSTAG>
Digital component placer commit/Report: Elapsed time ==> 0s.046ms
Digital Placement phase: Elapsed time ==> 2s.030ms
</CYPRESSTAG>
<CYPRESSTAG name="Digital Routing">
"C:\Program Files (x86)\Cypress\PSoC Creator\4.2\PSoC Creator\bin/sjrouter.exe" --xml-path "C:\Program Files (x86)\Cypress\PSoC Creator\4.2\PSoC Creator\dev\psoc5/psoc5lp/route_arch-rrg.cydata" --vh2-path "I2S_r.vh2" --pcf-path "I2S.pco" --des-name "I2S" --dsf-path "I2S.dsf" --sdc-path "I2S.sdc" --lib-path "I2S_r.lib"
Routing successful.
Digital Routing phase: Elapsed time ==> 2s.553ms
</CYPRESSTAG>
<CYPRESSTAG name="Bitstream Generation">
Bitstream Generation phase: Elapsed time ==> 0s.343ms
</CYPRESSTAG>
<CYPRESSTAG name="Bitstream Verification">
Bitstream Verification phase: Elapsed time ==> 0s.078ms
</CYPRESSTAG>
<CYPRESSTAG name="Static timing analysis">
Timing report is in I2S_timing.html.
Static timing analysis phase: Elapsed time ==> 0s.555ms
</CYPRESSTAG>
<CYPRESSTAG name="Data reporting">
Data reporting phase: Elapsed time ==> 0s.000ms
</CYPRESSTAG>
<CYPRESSTAG name="Database update...">
Design database save phase: Elapsed time ==> 0s.596ms
</CYPRESSTAG>
cydsfit: Elapsed time ==> 7s.189ms
</CYPRESSTAG>
Fitter phase: Elapsed time ==> 7s.189ms
API generation phase: Elapsed time ==> 2s.603ms
Dependency generation phase: Elapsed time ==> 0s.071ms
Cleanup phase: Elapsed time ==> 0s.000ms
