Vivado Simulator 2019.1
Time resolution is 1 ps
Block Memory Generator module testbench.u_Top.u_blk_mem_gen_0.inst.native_mem_module.blk_mem_gen_v8_4_3_inst is using a behavioral model for simulation which will not precisely model memory collision behavior.
blk_mem_gen_v8_4_3 collision detected at time: 95000, Instance: testbench.u_Top.u_blk_mem_gen_0.inst.native_mem_module.blk_mem_gen_v8_4_3_inst, A write address: 0, B read address: 0
blk_mem_gen_v8_4_3 collision detected at time: 33055000, Instance: testbench.u_Top.u_blk_mem_gen_0.inst.native_mem_module.blk_mem_gen_v8_4_3_inst, A write address: 1c, B read address: 1c
blk_mem_gen_v8_4_3 collision detected at time: 33135000, Instance: testbench.u_Top.u_blk_mem_gen_0.inst.native_mem_module.blk_mem_gen_v8_4_3_inst, A write address: 1c, B read address: 1c
blk_mem_gen_v8_4_3 collision detected at time: 33215000, Instance: testbench.u_Top.u_blk_mem_gen_0.inst.native_mem_module.blk_mem_gen_v8_4_3_inst, A write address: 1c, B read address: 1c
blk_mem_gen_v8_4_3 collision detected at time: 33295000, Instance: testbench.u_Top.u_blk_mem_gen_0.inst.native_mem_module.blk_mem_gen_v8_4_3_inst, A write address: 1c, B read address: 1c
blk_mem_gen_v8_4_3 collision detected at time: 33375000, Instance: testbench.u_Top.u_blk_mem_gen_0.inst.native_mem_module.blk_mem_gen_v8_4_3_inst, A write address: 1c, B read address: 1c
blk_mem_gen_v8_4_3 collision detected at time: 33455000, Instance: testbench.u_Top.u_blk_mem_gen_0.inst.native_mem_module.blk_mem_gen_v8_4_3_inst, A write address: 1c, B read address: 1c
blk_mem_gen_v8_4_3 collision detected at time: 33535000, Instance: testbench.u_Top.u_blk_mem_gen_0.inst.native_mem_module.blk_mem_gen_v8_4_3_inst, A write address: 1c, B read address: 1c
blk_mem_gen_v8_4_3 collision detected at time: 33615000, Instance: testbench.u_Top.u_blk_mem_gen_0.inst.native_mem_module.blk_mem_gen_v8_4_3_inst, A write address: 1c, B read address: 1c
blk_mem_gen_v8_4_3 collision detected at time: 33695000, Instance: testbench.u_Top.u_blk_mem_gen_0.inst.native_mem_module.blk_mem_gen_v8_4_3_inst, A write address: 1c, B read address: 1c
blk_mem_gen_v8_4_3 collision detected at time: 33775000, Instance: testbench.u_Top.u_blk_mem_gen_0.inst.native_mem_module.blk_mem_gen_v8_4_3_inst, A write address: 1c, B read address: 1c
blk_mem_gen_v8_4_3 collision detected at time: 33855000, Instance: testbench.u_Top.u_blk_mem_gen_0.inst.native_mem_module.blk_mem_gen_v8_4_3_inst, A write address: 1c, B read address: 1c
blk_mem_gen_v8_4_3 collision detected at time: 33935000, Instance: testbench.u_Top.u_blk_mem_gen_0.inst.native_mem_module.blk_mem_gen_v8_4_3_inst, A write address: 1c, B read address: 1c
blk_mem_gen_v8_4_3 collision detected at time: 34015000, Instance: testbench.u_Top.u_blk_mem_gen_0.inst.native_mem_module.blk_mem_gen_v8_4_3_inst, A write address: 1c, B read address: 1c
blk_mem_gen_v8_4_3 collision detected at time: 34095000, Instance: testbench.u_Top.u_blk_mem_gen_0.inst.native_mem_module.blk_mem_gen_v8_4_3_inst, A write address: 1c, B read address: 1c
blk_mem_gen_v8_4_3 collision detected at time: 34175000, Instance: testbench.u_Top.u_blk_mem_gen_0.inst.native_mem_module.blk_mem_gen_v8_4_3_inst, A write address: 1c, B read address: 1c
blk_mem_gen_v8_4_3 collision detected at time: 34255000, Instance: testbench.u_Top.u_blk_mem_gen_0.inst.native_mem_module.blk_mem_gen_v8_4_3_inst, A write address: 1c, B read address: 1c
blk_mem_gen_v8_4_3 collision detected at time: 34415000, Instance: testbench.u_Top.u_blk_mem_gen_0.inst.native_mem_module.blk_mem_gen_v8_4_3_inst, A write address: 1d, B read address: 1d
blk_mem_gen_v8_4_3 collision detected at time: 34495000, Instance: testbench.u_Top.u_blk_mem_gen_0.inst.native_mem_module.blk_mem_gen_v8_4_3_inst, A write address: 1d, B read address: 1d
blk_mem_gen_v8_4_3 collision detected at time: 34575000, Instance: testbench.u_Top.u_blk_mem_gen_0.inst.native_mem_module.blk_mem_gen_v8_4_3_inst, A write address: 1d, B read address: 1d
blk_mem_gen_v8_4_3 collision detected at time: 34655000, Instance: testbench.u_Top.u_blk_mem_gen_0.inst.native_mem_module.blk_mem_gen_v8_4_3_inst, A write address: 1d, B read address: 1d
blk_mem_gen_v8_4_3 collision detected at time: 34735000, Instance: testbench.u_Top.u_blk_mem_gen_0.inst.native_mem_module.blk_mem_gen_v8_4_3_inst, A write address: 1d, B read address: 1d
blk_mem_gen_v8_4_3 collision detected at time: 34815000, Instance: testbench.u_Top.u_blk_mem_gen_0.inst.native_mem_module.blk_mem_gen_v8_4_3_inst, A write address: 1d, B read address: 1d
blk_mem_gen_v8_4_3 collision detected at time: 34895000, Instance: testbench.u_Top.u_blk_mem_gen_0.inst.native_mem_module.blk_mem_gen_v8_4_3_inst, A write address: 1d, B read address: 1d
blk_mem_gen_v8_4_3 collision detected at time: 34975000, Instance: testbench.u_Top.u_blk_mem_gen_0.inst.native_mem_module.blk_mem_gen_v8_4_3_inst, A write address: 1d, B read address: 1d
blk_mem_gen_v8_4_3 collision detected at time: 35055000, Instance: testbench.u_Top.u_blk_mem_gen_0.inst.native_mem_module.blk_mem_gen_v8_4_3_inst, A write address: 1d, B read address: 1d
blk_mem_gen_v8_4_3 collision detected at time: 35135000, Instance: testbench.u_Top.u_blk_mem_gen_0.inst.native_mem_module.blk_mem_gen_v8_4_3_inst, A write address: 1d, B read address: 1d
blk_mem_gen_v8_4_3 collision detected at time: 35215000, Instance: testbench.u_Top.u_blk_mem_gen_0.inst.native_mem_module.blk_mem_gen_v8_4_3_inst, A write address: 1d, B read address: 1d
blk_mem_gen_v8_4_3 collision detected at time: 35295000, Instance: testbench.u_Top.u_blk_mem_gen_0.inst.native_mem_module.blk_mem_gen_v8_4_3_inst, A write address: 1d, B read address: 1d
blk_mem_gen_v8_4_3 collision detected at time: 35375000, Instance: testbench.u_Top.u_blk_mem_gen_0.inst.native_mem_module.blk_mem_gen_v8_4_3_inst, A write address: 1d, B read address: 1d
blk_mem_gen_v8_4_3 collision detected at time: 35455000, Instance: testbench.u_Top.u_blk_mem_gen_0.inst.native_mem_module.blk_mem_gen_v8_4_3_inst, A write address: 1d, B read address: 1d
blk_mem_gen_v8_4_3 collision detected at time: 35535000, Instance: testbench.u_Top.u_blk_mem_gen_0.inst.native_mem_module.blk_mem_gen_v8_4_3_inst, A write address: 1d, B read address: 1d
blk_mem_gen_v8_4_3 collision detected at time: 35695000, Instance: testbench.u_Top.u_blk_mem_gen_0.inst.native_mem_module.blk_mem_gen_v8_4_3_inst, A write address: 1e, B read address: 1e
blk_mem_gen_v8_4_3 collision detected at time: 35775000, Instance: testbench.u_Top.u_blk_mem_gen_0.inst.native_mem_module.blk_mem_gen_v8_4_3_inst, A write address: 1e, B read address: 1e
blk_mem_gen_v8_4_3 collision detected at time: 35855000, Instance: testbench.u_Top.u_blk_mem_gen_0.inst.native_mem_module.blk_mem_gen_v8_4_3_inst, A write address: 1e, B read address: 1e
blk_mem_gen_v8_4_3 collision detected at time: 35935000, Instance: testbench.u_Top.u_blk_mem_gen_0.inst.native_mem_module.blk_mem_gen_v8_4_3_inst, A write address: 1e, B read address: 1e
blk_mem_gen_v8_4_3 collision detected at time: 36015000, Instance: testbench.u_Top.u_blk_mem_gen_0.inst.native_mem_module.blk_mem_gen_v8_4_3_inst, A write address: 1e, B read address: 1e
blk_mem_gen_v8_4_3 collision detected at time: 36095000, Instance: testbench.u_Top.u_blk_mem_gen_0.inst.native_mem_module.blk_mem_gen_v8_4_3_inst, A write address: 1e, B read address: 1e
blk_mem_gen_v8_4_3 collision detected at time: 36175000, Instance: testbench.u_Top.u_blk_mem_gen_0.inst.native_mem_module.blk_mem_gen_v8_4_3_inst, A write address: 1e, B read address: 1e
blk_mem_gen_v8_4_3 collision detected at time: 36255000, Instance: testbench.u_Top.u_blk_mem_gen_0.inst.native_mem_module.blk_mem_gen_v8_4_3_inst, A write address: 1e, B read address: 1e
blk_mem_gen_v8_4_3 collision detected at time: 36335000, Instance: testbench.u_Top.u_blk_mem_gen_0.inst.native_mem_module.blk_mem_gen_v8_4_3_inst, A write address: 1e, B read address: 1e
blk_mem_gen_v8_4_3 collision detected at time: 36415000, Instance: testbench.u_Top.u_blk_mem_gen_0.inst.native_mem_module.blk_mem_gen_v8_4_3_inst, A write address: 1e, B read address: 1e
blk_mem_gen_v8_4_3 collision detected at time: 36495000, Instance: testbench.u_Top.u_blk_mem_gen_0.inst.native_mem_module.blk_mem_gen_v8_4_3_inst, A write address: 1e, B read address: 1e
blk_mem_gen_v8_4_3 collision detected at time: 36575000, Instance: testbench.u_Top.u_blk_mem_gen_0.inst.native_mem_module.blk_mem_gen_v8_4_3_inst, A write address: 1e, B read address: 1e
blk_mem_gen_v8_4_3 collision detected at time: 36655000, Instance: testbench.u_Top.u_blk_mem_gen_0.inst.native_mem_module.blk_mem_gen_v8_4_3_inst, A write address: 1e, B read address: 1e
blk_mem_gen_v8_4_3 collision detected at time: 36735000, Instance: testbench.u_Top.u_blk_mem_gen_0.inst.native_mem_module.blk_mem_gen_v8_4_3_inst, A write address: 1e, B read address: 1e
blk_mem_gen_v8_4_3 collision detected at time: 36815000, Instance: testbench.u_Top.u_blk_mem_gen_0.inst.native_mem_module.blk_mem_gen_v8_4_3_inst, A write address: 1e, B read address: 1e
blk_mem_gen_v8_4_3 collision detected at time: 36975000, Instance: testbench.u_Top.u_blk_mem_gen_0.inst.native_mem_module.blk_mem_gen_v8_4_3_inst, A write address: 1f, B read address: 1f
blk_mem_gen_v8_4_3 collision detected at time: 37055000, Instance: testbench.u_Top.u_blk_mem_gen_0.inst.native_mem_module.blk_mem_gen_v8_4_3_inst, A write address: 1f, B read address: 1f
blk_mem_gen_v8_4_3 collision detected at time: 37135000, Instance: testbench.u_Top.u_blk_mem_gen_0.inst.native_mem_module.blk_mem_gen_v8_4_3_inst, A write address: 1f, B read address: 1f
blk_mem_gen_v8_4_3 collision detected at time: 37215000, Instance: testbench.u_Top.u_blk_mem_gen_0.inst.native_mem_module.blk_mem_gen_v8_4_3_inst, A write address: 1f, B read address: 1f
blk_mem_gen_v8_4_3 collision detected at time: 37295000, Instance: testbench.u_Top.u_blk_mem_gen_0.inst.native_mem_module.blk_mem_gen_v8_4_3_inst, A write address: 1f, B read address: 1f
blk_mem_gen_v8_4_3 collision detected at time: 37375000, Instance: testbench.u_Top.u_blk_mem_gen_0.inst.native_mem_module.blk_mem_gen_v8_4_3_inst, A write address: 1f, B read address: 1f
blk_mem_gen_v8_4_3 collision detected at time: 37455000, Instance: testbench.u_Top.u_blk_mem_gen_0.inst.native_mem_module.blk_mem_gen_v8_4_3_inst, A write address: 1f, B read address: 1f
blk_mem_gen_v8_4_3 collision detected at time: 37535000, Instance: testbench.u_Top.u_blk_mem_gen_0.inst.native_mem_module.blk_mem_gen_v8_4_3_inst, A write address: 1f, B read address: 1f
blk_mem_gen_v8_4_3 collision detected at time: 37615000, Instance: testbench.u_Top.u_blk_mem_gen_0.inst.native_mem_module.blk_mem_gen_v8_4_3_inst, A write address: 1f, B read address: 1f
blk_mem_gen_v8_4_3 collision detected at time: 37695000, Instance: testbench.u_Top.u_blk_mem_gen_0.inst.native_mem_module.blk_mem_gen_v8_4_3_inst, A write address: 1f, B read address: 1f
blk_mem_gen_v8_4_3 collision detected at time: 37775000, Instance: testbench.u_Top.u_blk_mem_gen_0.inst.native_mem_module.blk_mem_gen_v8_4_3_inst, A write address: 1f, B read address: 1f
blk_mem_gen_v8_4_3 collision detected at time: 37855000, Instance: testbench.u_Top.u_blk_mem_gen_0.inst.native_mem_module.blk_mem_gen_v8_4_3_inst, A write address: 1f, B read address: 1f
blk_mem_gen_v8_4_3 collision detected at time: 37935000, Instance: testbench.u_Top.u_blk_mem_gen_0.inst.native_mem_module.blk_mem_gen_v8_4_3_inst, A write address: 1f, B read address: 1f
blk_mem_gen_v8_4_3 collision detected at time: 38015000, Instance: testbench.u_Top.u_blk_mem_gen_0.inst.native_mem_module.blk_mem_gen_v8_4_3_inst, A write address: 1f, B read address: 1f
blk_mem_gen_v8_4_3 collision detected at time: 38095000, Instance: testbench.u_Top.u_blk_mem_gen_0.inst.native_mem_module.blk_mem_gen_v8_4_3_inst, A write address: 1f, B read address: 1f
blk_mem_gen_v8_4_3 collision detected at time: 38255000, Instance: testbench.u_Top.u_blk_mem_gen_0.inst.native_mem_module.blk_mem_gen_v8_4_3_inst, A write address: 20, B read address: 20
blk_mem_gen_v8_4_3 collision detected at time: 38335000, Instance: testbench.u_Top.u_blk_mem_gen_0.inst.native_mem_module.blk_mem_gen_v8_4_3_inst, A write address: 20, B read address: 20
blk_mem_gen_v8_4_3 collision detected at time: 38415000, Instance: testbench.u_Top.u_blk_mem_gen_0.inst.native_mem_module.blk_mem_gen_v8_4_3_inst, A write address: 20, B read address: 20
blk_mem_gen_v8_4_3 collision detected at time: 38495000, Instance: testbench.u_Top.u_blk_mem_gen_0.inst.native_mem_module.blk_mem_gen_v8_4_3_inst, A write address: 20, B read address: 20
blk_mem_gen_v8_4_3 collision detected at time: 38575000, Instance: testbench.u_Top.u_blk_mem_gen_0.inst.native_mem_module.blk_mem_gen_v8_4_3_inst, A write address: 20, B read address: 20
blk_mem_gen_v8_4_3 collision detected at time: 38655000, Instance: testbench.u_Top.u_blk_mem_gen_0.inst.native_mem_module.blk_mem_gen_v8_4_3_inst, A write address: 20, B read address: 20
blk_mem_gen_v8_4_3 collision detected at time: 38735000, Instance: testbench.u_Top.u_blk_mem_gen_0.inst.native_mem_module.blk_mem_gen_v8_4_3_inst, A write address: 20, B read address: 20
blk_mem_gen_v8_4_3 collision detected at time: 38815000, Instance: testbench.u_Top.u_blk_mem_gen_0.inst.native_mem_module.blk_mem_gen_v8_4_3_inst, A write address: 20, B read address: 20
blk_mem_gen_v8_4_3 collision detected at time: 38895000, Instance: testbench.u_Top.u_blk_mem_gen_0.inst.native_mem_module.blk_mem_gen_v8_4_3_inst, A write address: 20, B read address: 20
blk_mem_gen_v8_4_3 collision detected at time: 38975000, Instance: testbench.u_Top.u_blk_mem_gen_0.inst.native_mem_module.blk_mem_gen_v8_4_3_inst, A write address: 20, B read address: 20
blk_mem_gen_v8_4_3 collision detected at time: 39055000, Instance: testbench.u_Top.u_blk_mem_gen_0.inst.native_mem_module.blk_mem_gen_v8_4_3_inst, A write address: 20, B read address: 20
blk_mem_gen_v8_4_3 collision detected at time: 39135000, Instance: testbench.u_Top.u_blk_mem_gen_0.inst.native_mem_module.blk_mem_gen_v8_4_3_inst, A write address: 20, B read address: 20
blk_mem_gen_v8_4_3 collision detected at time: 39215000, Instance: testbench.u_Top.u_blk_mem_gen_0.inst.native_mem_module.blk_mem_gen_v8_4_3_inst, A write address: 20, B read address: 20
blk_mem_gen_v8_4_3 collision detected at time: 39295000, Instance: testbench.u_Top.u_blk_mem_gen_0.inst.native_mem_module.blk_mem_gen_v8_4_3_inst, A write address: 20, B read address: 20
blk_mem_gen_v8_4_3 collision detected at time: 39375000, Instance: testbench.u_Top.u_blk_mem_gen_0.inst.native_mem_module.blk_mem_gen_v8_4_3_inst, A write address: 20, B read address: 20
blk_mem_gen_v8_4_3 collision detected at time: 39535000, Instance: testbench.u_Top.u_blk_mem_gen_0.inst.native_mem_module.blk_mem_gen_v8_4_3_inst, A write address: 21, B read address: 21
blk_mem_gen_v8_4_3 collision detected at time: 42815000, Instance: testbench.u_Top.u_blk_mem_gen_0.inst.native_mem_module.blk_mem_gen_v8_4_3_inst, A write address: 0, B read address: 0
blk_mem_gen_v8_4_3 collision detected at time: 51215000, Instance: testbench.u_Top.u_blk_mem_gen_0.inst.native_mem_module.blk_mem_gen_v8_4_3_inst, A write address: a, B read address: a
blk_mem_gen_v8_4_3 collision detected at time: 51295000, Instance: testbench.u_Top.u_blk_mem_gen_0.inst.native_mem_module.blk_mem_gen_v8_4_3_inst, A write address: a, B read address: a
blk_mem_gen_v8_4_3 collision detected at time: 51375000, Instance: testbench.u_Top.u_blk_mem_gen_0.inst.native_mem_module.blk_mem_gen_v8_4_3_inst, A write address: a, B read address: a
blk_mem_gen_v8_4_3 collision detected at time: 51455000, Instance: testbench.u_Top.u_blk_mem_gen_0.inst.native_mem_module.blk_mem_gen_v8_4_3_inst, A write address: a, B read address: a
blk_mem_gen_v8_4_3 collision detected at time: 51535000, Instance: testbench.u_Top.u_blk_mem_gen_0.inst.native_mem_module.blk_mem_gen_v8_4_3_inst, A write address: a, B read address: a
blk_mem_gen_v8_4_3 collision detected at time: 51615000, Instance: testbench.u_Top.u_blk_mem_gen_0.inst.native_mem_module.blk_mem_gen_v8_4_3_inst, A write address: a, B read address: a
blk_mem_gen_v8_4_3 collision detected at time: 51695000, Instance: testbench.u_Top.u_blk_mem_gen_0.inst.native_mem_module.blk_mem_gen_v8_4_3_inst, A write address: a, B read address: a
blk_mem_gen_v8_4_3 collision detected at time: 51775000, Instance: testbench.u_Top.u_blk_mem_gen_0.inst.native_mem_module.blk_mem_gen_v8_4_3_inst, A write address: a, B read address: a
blk_mem_gen_v8_4_3 collision detected at time: 51855000, Instance: testbench.u_Top.u_blk_mem_gen_0.inst.native_mem_module.blk_mem_gen_v8_4_3_inst, A write address: a, B read address: a
blk_mem_gen_v8_4_3 collision detected at time: 51935000, Instance: testbench.u_Top.u_blk_mem_gen_0.inst.native_mem_module.blk_mem_gen_v8_4_3_inst, A write address: a, B read address: a
blk_mem_gen_v8_4_3 collision detected at time: 52015000, Instance: testbench.u_Top.u_blk_mem_gen_0.inst.native_mem_module.blk_mem_gen_v8_4_3_inst, A write address: a, B read address: a
blk_mem_gen_v8_4_3 collision detected at time: 52095000, Instance: testbench.u_Top.u_blk_mem_gen_0.inst.native_mem_module.blk_mem_gen_v8_4_3_inst, A write address: a, B read address: a
blk_mem_gen_v8_4_3 collision detected at time: 52175000, Instance: testbench.u_Top.u_blk_mem_gen_0.inst.native_mem_module.blk_mem_gen_v8_4_3_inst, A write address: a, B read address: a
blk_mem_gen_v8_4_3 collision detected at time: 52255000, Instance: testbench.u_Top.u_blk_mem_gen_0.inst.native_mem_module.blk_mem_gen_v8_4_3_inst, A write address: a, B read address: a
blk_mem_gen_v8_4_3 collision detected at time: 52335000, Instance: testbench.u_Top.u_blk_mem_gen_0.inst.native_mem_module.blk_mem_gen_v8_4_3_inst, A write address: a, B read address: a
blk_mem_gen_v8_4_3 collision detected at time: 52415000, Instance: testbench.u_Top.u_blk_mem_gen_0.inst.native_mem_module.blk_mem_gen_v8_4_3_inst, A write address: a, B read address: a
blk_mem_gen_v8_4_3 collision detected at time: 52655000, Instance: testbench.u_Top.u_blk_mem_gen_0.inst.native_mem_module.blk_mem_gen_v8_4_3_inst, A write address: b, B read address: b
blk_mem_gen_v8_4_3 collision detected at time: 52735000, Instance: testbench.u_Top.u_blk_mem_gen_0.inst.native_mem_module.blk_mem_gen_v8_4_3_inst, A write address: b, B read address: b
blk_mem_gen_v8_4_3 collision detected at time: 52815000, Instance: testbench.u_Top.u_blk_mem_gen_0.inst.native_mem_module.blk_mem_gen_v8_4_3_inst, A write address: b, B read address: b
blk_mem_gen_v8_4_3 collision detected at time: 52895000, Instance: testbench.u_Top.u_blk_mem_gen_0.inst.native_mem_module.blk_mem_gen_v8_4_3_inst, A write address: b, B read address: b
blk_mem_gen_v8_4_3 collision detected at time: 52975000, Instance: testbench.u_Top.u_blk_mem_gen_0.inst.native_mem_module.blk_mem_gen_v8_4_3_inst, A write address: b, B read address: b
blk_mem_gen_v8_4_3 collision detected at time: 53055000, Instance: testbench.u_Top.u_blk_mem_gen_0.inst.native_mem_module.blk_mem_gen_v8_4_3_inst, A write address: b, B read address: b
blk_mem_gen_v8_4_3 collision detected at time: 53135000, Instance: testbench.u_Top.u_blk_mem_gen_0.inst.native_mem_module.blk_mem_gen_v8_4_3_inst, A write address: b, B read address: b
blk_mem_gen_v8_4_3 collision detected at time: 53215000, Instance: testbench.u_Top.u_blk_mem_gen_0.inst.native_mem_module.blk_mem_gen_v8_4_3_inst, A write address: b, B read address: b
blk_mem_gen_v8_4_3 collision detected at time: 53295000, Instance: testbench.u_Top.u_blk_mem_gen_0.inst.native_mem_module.blk_mem_gen_v8_4_3_inst, A write address: b, B read address: b
blk_mem_gen_v8_4_3 collision detected at time: 53375000, Instance: testbench.u_Top.u_blk_mem_gen_0.inst.native_mem_module.blk_mem_gen_v8_4_3_inst, A write address: b, B read address: b
blk_mem_gen_v8_4_3 collision detected at time: 53455000, Instance: testbench.u_Top.u_blk_mem_gen_0.inst.native_mem_module.blk_mem_gen_v8_4_3_inst, A write address: b, B read address: b
blk_mem_gen_v8_4_3 collision detected at time: 53535000, Instance: testbench.u_Top.u_blk_mem_gen_0.inst.native_mem_module.blk_mem_gen_v8_4_3_inst, A write address: b, B read address: b
blk_mem_gen_v8_4_3 collision detected at time: 53615000, Instance: testbench.u_Top.u_blk_mem_gen_0.inst.native_mem_module.blk_mem_gen_v8_4_3_inst, A write address: b, B read address: b
blk_mem_gen_v8_4_3 collision detected at time: 53695000, Instance: testbench.u_Top.u_blk_mem_gen_0.inst.native_mem_module.blk_mem_gen_v8_4_3_inst, A write address: b, B read address: b
blk_mem_gen_v8_4_3 collision detected at time: 53935000, Instance: testbench.u_Top.u_blk_mem_gen_0.inst.native_mem_module.blk_mem_gen_v8_4_3_inst, A write address: c, B read address: c
blk_mem_gen_v8_4_3 collision detected at time: 54015000, Instance: testbench.u_Top.u_blk_mem_gen_0.inst.native_mem_module.blk_mem_gen_v8_4_3_inst, A write address: c, B read address: c
blk_mem_gen_v8_4_3 collision detected at time: 54095000, Instance: testbench.u_Top.u_blk_mem_gen_0.inst.native_mem_module.blk_mem_gen_v8_4_3_inst, A write address: c, B read address: c
blk_mem_gen_v8_4_3 collision detected at time: 54175000, Instance: testbench.u_Top.u_blk_mem_gen_0.inst.native_mem_module.blk_mem_gen_v8_4_3_inst, A write address: c, B read address: c
blk_mem_gen_v8_4_3 collision detected at time: 54255000, Instance: testbench.u_Top.u_blk_mem_gen_0.inst.native_mem_module.blk_mem_gen_v8_4_3_inst, A write address: c, B read address: c
blk_mem_gen_v8_4_3 collision detected at time: 54335000, Instance: testbench.u_Top.u_blk_mem_gen_0.inst.native_mem_module.blk_mem_gen_v8_4_3_inst, A write address: c, B read address: c
blk_mem_gen_v8_4_3 collision detected at time: 54415000, Instance: testbench.u_Top.u_blk_mem_gen_0.inst.native_mem_module.blk_mem_gen_v8_4_3_inst, A write address: c, B read address: c
blk_mem_gen_v8_4_3 collision detected at time: 54495000, Instance: testbench.u_Top.u_blk_mem_gen_0.inst.native_mem_module.blk_mem_gen_v8_4_3_inst, A write address: c, B read address: c
blk_mem_gen_v8_4_3 collision detected at time: 54575000, Instance: testbench.u_Top.u_blk_mem_gen_0.inst.native_mem_module.blk_mem_gen_v8_4_3_inst, A write address: c, B read address: c
blk_mem_gen_v8_4_3 collision detected at time: 54655000, Instance: testbench.u_Top.u_blk_mem_gen_0.inst.native_mem_module.blk_mem_gen_v8_4_3_inst, A write address: c, B read address: c
blk_mem_gen_v8_4_3 collision detected at time: 54735000, Instance: testbench.u_Top.u_blk_mem_gen_0.inst.native_mem_module.blk_mem_gen_v8_4_3_inst, A write address: c, B read address: c
blk_mem_gen_v8_4_3 collision detected at time: 54815000, Instance: testbench.u_Top.u_blk_mem_gen_0.inst.native_mem_module.blk_mem_gen_v8_4_3_inst, A write address: c, B read address: c
blk_mem_gen_v8_4_3 collision detected at time: 54895000, Instance: testbench.u_Top.u_blk_mem_gen_0.inst.native_mem_module.blk_mem_gen_v8_4_3_inst, A write address: c, B read address: c
blk_mem_gen_v8_4_3 collision detected at time: 54975000, Instance: testbench.u_Top.u_blk_mem_gen_0.inst.native_mem_module.blk_mem_gen_v8_4_3_inst, A write address: c, B read address: c
blk_mem_gen_v8_4_3 collision detected at time: 55215000, Instance: testbench.u_Top.u_blk_mem_gen_0.inst.native_mem_module.blk_mem_gen_v8_4_3_inst, A write address: d, B read address: d
blk_mem_gen_v8_4_3 collision detected at time: 55295000, Instance: testbench.u_Top.u_blk_mem_gen_0.inst.native_mem_module.blk_mem_gen_v8_4_3_inst, A write address: d, B read address: d
blk_mem_gen_v8_4_3 collision detected at time: 55375000, Instance: testbench.u_Top.u_blk_mem_gen_0.inst.native_mem_module.blk_mem_gen_v8_4_3_inst, A write address: d, B read address: d
blk_mem_gen_v8_4_3 collision detected at time: 55455000, Instance: testbench.u_Top.u_blk_mem_gen_0.inst.native_mem_module.blk_mem_gen_v8_4_3_inst, A write address: d, B read address: d
blk_mem_gen_v8_4_3 collision detected at time: 55535000, Instance: testbench.u_Top.u_blk_mem_gen_0.inst.native_mem_module.blk_mem_gen_v8_4_3_inst, A write address: d, B read address: d
blk_mem_gen_v8_4_3 collision detected at time: 55615000, Instance: testbench.u_Top.u_blk_mem_gen_0.inst.native_mem_module.blk_mem_gen_v8_4_3_inst, A write address: d, B read address: d
blk_mem_gen_v8_4_3 collision detected at time: 55695000, Instance: testbench.u_Top.u_blk_mem_gen_0.inst.native_mem_module.blk_mem_gen_v8_4_3_inst, A write address: d, B read address: d
blk_mem_gen_v8_4_3 collision detected at time: 55775000, Instance: testbench.u_Top.u_blk_mem_gen_0.inst.native_mem_module.blk_mem_gen_v8_4_3_inst, A write address: d, B read address: d
blk_mem_gen_v8_4_3 collision detected at time: 55855000, Instance: testbench.u_Top.u_blk_mem_gen_0.inst.native_mem_module.blk_mem_gen_v8_4_3_inst, A write address: d, B read address: d
blk_mem_gen_v8_4_3 collision detected at time: 55935000, Instance: testbench.u_Top.u_blk_mem_gen_0.inst.native_mem_module.blk_mem_gen_v8_4_3_inst, A write address: d, B read address: d
blk_mem_gen_v8_4_3 collision detected at time: 56015000, Instance: testbench.u_Top.u_blk_mem_gen_0.inst.native_mem_module.blk_mem_gen_v8_4_3_inst, A write address: d, B read address: d
blk_mem_gen_v8_4_3 collision detected at time: 56095000, Instance: testbench.u_Top.u_blk_mem_gen_0.inst.native_mem_module.blk_mem_gen_v8_4_3_inst, A write address: d, B read address: d
blk_mem_gen_v8_4_3 collision detected at time: 56175000, Instance: testbench.u_Top.u_blk_mem_gen_0.inst.native_mem_module.blk_mem_gen_v8_4_3_inst, A write address: d, B read address: d
blk_mem_gen_v8_4_3 collision detected at time: 56255000, Instance: testbench.u_Top.u_blk_mem_gen_0.inst.native_mem_module.blk_mem_gen_v8_4_3_inst, A write address: d, B read address: d
blk_mem_gen_v8_4_3 collision detected at time: 56495000, Instance: testbench.u_Top.u_blk_mem_gen_0.inst.native_mem_module.blk_mem_gen_v8_4_3_inst, A write address: e, B read address: e
blk_mem_gen_v8_4_3 collision detected at time: 56575000, Instance: testbench.u_Top.u_blk_mem_gen_0.inst.native_mem_module.blk_mem_gen_v8_4_3_inst, A write address: e, B read address: e
blk_mem_gen_v8_4_3 collision detected at time: 56655000, Instance: testbench.u_Top.u_blk_mem_gen_0.inst.native_mem_module.blk_mem_gen_v8_4_3_inst, A write address: e, B read address: e
blk_mem_gen_v8_4_3 collision detected at time: 56735000, Instance: testbench.u_Top.u_blk_mem_gen_0.inst.native_mem_module.blk_mem_gen_v8_4_3_inst, A write address: e, B read address: e
blk_mem_gen_v8_4_3 collision detected at time: 56815000, Instance: testbench.u_Top.u_blk_mem_gen_0.inst.native_mem_module.blk_mem_gen_v8_4_3_inst, A write address: e, B read address: e
blk_mem_gen_v8_4_3 collision detected at time: 56895000, Instance: testbench.u_Top.u_blk_mem_gen_0.inst.native_mem_module.blk_mem_gen_v8_4_3_inst, A write address: e, B read address: e
blk_mem_gen_v8_4_3 collision detected at time: 56975000, Instance: testbench.u_Top.u_blk_mem_gen_0.inst.native_mem_module.blk_mem_gen_v8_4_3_inst, A write address: e, B read address: e
blk_mem_gen_v8_4_3 collision detected at time: 57055000, Instance: testbench.u_Top.u_blk_mem_gen_0.inst.native_mem_module.blk_mem_gen_v8_4_3_inst, A write address: e, B read address: e
blk_mem_gen_v8_4_3 collision detected at time: 57135000, Instance: testbench.u_Top.u_blk_mem_gen_0.inst.native_mem_module.blk_mem_gen_v8_4_3_inst, A write address: e, B read address: e
blk_mem_gen_v8_4_3 collision detected at time: 57215000, Instance: testbench.u_Top.u_blk_mem_gen_0.inst.native_mem_module.blk_mem_gen_v8_4_3_inst, A write address: e, B read address: e
blk_mem_gen_v8_4_3 collision detected at time: 57295000, Instance: testbench.u_Top.u_blk_mem_gen_0.inst.native_mem_module.blk_mem_gen_v8_4_3_inst, A write address: e, B read address: e
blk_mem_gen_v8_4_3 collision detected at time: 57375000, Instance: testbench.u_Top.u_blk_mem_gen_0.inst.native_mem_module.blk_mem_gen_v8_4_3_inst, A write address: e, B read address: e
blk_mem_gen_v8_4_3 collision detected at time: 57455000, Instance: testbench.u_Top.u_blk_mem_gen_0.inst.native_mem_module.blk_mem_gen_v8_4_3_inst, A write address: e, B read address: e
blk_mem_gen_v8_4_3 collision detected at time: 57535000, Instance: testbench.u_Top.u_blk_mem_gen_0.inst.native_mem_module.blk_mem_gen_v8_4_3_inst, A write address: e, B read address: e
blk_mem_gen_v8_4_3 collision detected at time: 57775000, Instance: testbench.u_Top.u_blk_mem_gen_0.inst.native_mem_module.blk_mem_gen_v8_4_3_inst, A write address: f, B read address: f
blk_mem_gen_v8_4_3 collision detected at time: 57855000, Instance: testbench.u_Top.u_blk_mem_gen_0.inst.native_mem_module.blk_mem_gen_v8_4_3_inst, A write address: f, B read address: f
blk_mem_gen_v8_4_3 collision detected at time: 57935000, Instance: testbench.u_Top.u_blk_mem_gen_0.inst.native_mem_module.blk_mem_gen_v8_4_3_inst, A write address: f, B read address: f
blk_mem_gen_v8_4_3 collision detected at time: 58015000, Instance: testbench.u_Top.u_blk_mem_gen_0.inst.native_mem_module.blk_mem_gen_v8_4_3_inst, A write address: f, B read address: f
blk_mem_gen_v8_4_3 collision detected at time: 58095000, Instance: testbench.u_Top.u_blk_mem_gen_0.inst.native_mem_module.blk_mem_gen_v8_4_3_inst, A write address: f, B read address: f
blk_mem_gen_v8_4_3 collision detected at time: 58175000, Instance: testbench.u_Top.u_blk_mem_gen_0.inst.native_mem_module.blk_mem_gen_v8_4_3_inst, A write address: f, B read address: f
blk_mem_gen_v8_4_3 collision detected at time: 58255000, Instance: testbench.u_Top.u_blk_mem_gen_0.inst.native_mem_module.blk_mem_gen_v8_4_3_inst, A write address: f, B read address: f
blk_mem_gen_v8_4_3 collision detected at time: 58335000, Instance: testbench.u_Top.u_blk_mem_gen_0.inst.native_mem_module.blk_mem_gen_v8_4_3_inst, A write address: f, B read address: f
blk_mem_gen_v8_4_3 collision detected at time: 58415000, Instance: testbench.u_Top.u_blk_mem_gen_0.inst.native_mem_module.blk_mem_gen_v8_4_3_inst, A write address: f, B read address: f
blk_mem_gen_v8_4_3 collision detected at time: 58495000, Instance: testbench.u_Top.u_blk_mem_gen_0.inst.native_mem_module.blk_mem_gen_v8_4_3_inst, A write address: f, B read address: f
blk_mem_gen_v8_4_3 collision detected at time: 58575000, Instance: testbench.u_Top.u_blk_mem_gen_0.inst.native_mem_module.blk_mem_gen_v8_4_3_inst, A write address: f, B read address: f
blk_mem_gen_v8_4_3 collision detected at time: 58655000, Instance: testbench.u_Top.u_blk_mem_gen_0.inst.native_mem_module.blk_mem_gen_v8_4_3_inst, A write address: f, B read address: f
blk_mem_gen_v8_4_3 collision detected at time: 58735000, Instance: testbench.u_Top.u_blk_mem_gen_0.inst.native_mem_module.blk_mem_gen_v8_4_3_inst, A write address: f, B read address: f
blk_mem_gen_v8_4_3 collision detected at time: 58815000, Instance: testbench.u_Top.u_blk_mem_gen_0.inst.native_mem_module.blk_mem_gen_v8_4_3_inst, A write address: f, B read address: f
blk_mem_gen_v8_4_3 collision detected at time: 59055000, Instance: testbench.u_Top.u_blk_mem_gen_0.inst.native_mem_module.blk_mem_gen_v8_4_3_inst, A write address: 10, B read address: 10
blk_mem_gen_v8_4_3 collision detected at time: 59135000, Instance: testbench.u_Top.u_blk_mem_gen_0.inst.native_mem_module.blk_mem_gen_v8_4_3_inst, A write address: 10, B read address: 10
blk_mem_gen_v8_4_3 collision detected at time: 59215000, Instance: testbench.u_Top.u_blk_mem_gen_0.inst.native_mem_module.blk_mem_gen_v8_4_3_inst, A write address: 10, B read address: 10
blk_mem_gen_v8_4_3 collision detected at time: 59295000, Instance: testbench.u_Top.u_blk_mem_gen_0.inst.native_mem_module.blk_mem_gen_v8_4_3_inst, A write address: 10, B read address: 10
blk_mem_gen_v8_4_3 collision detected at time: 59375000, Instance: testbench.u_Top.u_blk_mem_gen_0.inst.native_mem_module.blk_mem_gen_v8_4_3_inst, A write address: 10, B read address: 10
blk_mem_gen_v8_4_3 collision detected at time: 59455000, Instance: testbench.u_Top.u_blk_mem_gen_0.inst.native_mem_module.blk_mem_gen_v8_4_3_inst, A write address: 10, B read address: 10
blk_mem_gen_v8_4_3 collision detected at time: 59535000, Instance: testbench.u_Top.u_blk_mem_gen_0.inst.native_mem_module.blk_mem_gen_v8_4_3_inst, A write address: 10, B read address: 10
blk_mem_gen_v8_4_3 collision detected at time: 59615000, Instance: testbench.u_Top.u_blk_mem_gen_0.inst.native_mem_module.blk_mem_gen_v8_4_3_inst, A write address: 10, B read address: 10
blk_mem_gen_v8_4_3 collision detected at time: 59695000, Instance: testbench.u_Top.u_blk_mem_gen_0.inst.native_mem_module.blk_mem_gen_v8_4_3_inst, A write address: 10, B read address: 10
blk_mem_gen_v8_4_3 collision detected at time: 59775000, Instance: testbench.u_Top.u_blk_mem_gen_0.inst.native_mem_module.blk_mem_gen_v8_4_3_inst, A write address: 10, B read address: 10
blk_mem_gen_v8_4_3 collision detected at time: 59855000, Instance: testbench.u_Top.u_blk_mem_gen_0.inst.native_mem_module.blk_mem_gen_v8_4_3_inst, A write address: 10, B read address: 10
blk_mem_gen_v8_4_3 collision detected at time: 59935000, Instance: testbench.u_Top.u_blk_mem_gen_0.inst.native_mem_module.blk_mem_gen_v8_4_3_inst, A write address: 10, B read address: 10
blk_mem_gen_v8_4_3 collision detected at time: 60015000, Instance: testbench.u_Top.u_blk_mem_gen_0.inst.native_mem_module.blk_mem_gen_v8_4_3_inst, A write address: 10, B read address: 10
blk_mem_gen_v8_4_3 collision detected at time: 60095000, Instance: testbench.u_Top.u_blk_mem_gen_0.inst.native_mem_module.blk_mem_gen_v8_4_3_inst, A write address: 10, B read address: 10
blk_mem_gen_v8_4_3 collision detected at time: 60335000, Instance: testbench.u_Top.u_blk_mem_gen_0.inst.native_mem_module.blk_mem_gen_v8_4_3_inst, A write address: 11, B read address: 11
blk_mem_gen_v8_4_3 collision detected at time: 60415000, Instance: testbench.u_Top.u_blk_mem_gen_0.inst.native_mem_module.blk_mem_gen_v8_4_3_inst, A write address: 11, B read address: 11
blk_mem_gen_v8_4_3 collision detected at time: 60495000, Instance: testbench.u_Top.u_blk_mem_gen_0.inst.native_mem_module.blk_mem_gen_v8_4_3_inst, A write address: 11, B read address: 11
blk_mem_gen_v8_4_3 collision detected at time: 60575000, Instance: testbench.u_Top.u_blk_mem_gen_0.inst.native_mem_module.blk_mem_gen_v8_4_3_inst, A write address: 11, B read address: 11
blk_mem_gen_v8_4_3 collision detected at time: 60655000, Instance: testbench.u_Top.u_blk_mem_gen_0.inst.native_mem_module.blk_mem_gen_v8_4_3_inst, A write address: 11, B read address: 11
blk_mem_gen_v8_4_3 collision detected at time: 60735000, Instance: testbench.u_Top.u_blk_mem_gen_0.inst.native_mem_module.blk_mem_gen_v8_4_3_inst, A write address: 11, B read address: 11
blk_mem_gen_v8_4_3 collision detected at time: 60815000, Instance: testbench.u_Top.u_blk_mem_gen_0.inst.native_mem_module.blk_mem_gen_v8_4_3_inst, A write address: 11, B read address: 11
blk_mem_gen_v8_4_3 collision detected at time: 60895000, Instance: testbench.u_Top.u_blk_mem_gen_0.inst.native_mem_module.blk_mem_gen_v8_4_3_inst, A write address: 11, B read address: 11
blk_mem_gen_v8_4_3 collision detected at time: 60975000, Instance: testbench.u_Top.u_blk_mem_gen_0.inst.native_mem_module.blk_mem_gen_v8_4_3_inst, A write address: 11, B read address: 11
blk_mem_gen_v8_4_3 collision detected at time: 61055000, Instance: testbench.u_Top.u_blk_mem_gen_0.inst.native_mem_module.blk_mem_gen_v8_4_3_inst, A write address: 11, B read address: 11
blk_mem_gen_v8_4_3 collision detected at time: 61135000, Instance: testbench.u_Top.u_blk_mem_gen_0.inst.native_mem_module.blk_mem_gen_v8_4_3_inst, A write address: 11, B read address: 11
blk_mem_gen_v8_4_3 collision detected at time: 61215000, Instance: testbench.u_Top.u_blk_mem_gen_0.inst.native_mem_module.blk_mem_gen_v8_4_3_inst, A write address: 11, B read address: 11
blk_mem_gen_v8_4_3 collision detected at time: 61295000, Instance: testbench.u_Top.u_blk_mem_gen_0.inst.native_mem_module.blk_mem_gen_v8_4_3_inst, A write address: 11, B read address: 11
blk_mem_gen_v8_4_3 collision detected at time: 61375000, Instance: testbench.u_Top.u_blk_mem_gen_0.inst.native_mem_module.blk_mem_gen_v8_4_3_inst, A write address: 11, B read address: 11
blk_mem_gen_v8_4_3 collision detected at time: 61615000, Instance: testbench.u_Top.u_blk_mem_gen_0.inst.native_mem_module.blk_mem_gen_v8_4_3_inst, A write address: 12, B read address: 12
blk_mem_gen_v8_4_3 collision detected at time: 61695000, Instance: testbench.u_Top.u_blk_mem_gen_0.inst.native_mem_module.blk_mem_gen_v8_4_3_inst, A write address: 12, B read address: 12
blk_mem_gen_v8_4_3 collision detected at time: 61775000, Instance: testbench.u_Top.u_blk_mem_gen_0.inst.native_mem_module.blk_mem_gen_v8_4_3_inst, A write address: 12, B read address: 12
blk_mem_gen_v8_4_3 collision detected at time: 61855000, Instance: testbench.u_Top.u_blk_mem_gen_0.inst.native_mem_module.blk_mem_gen_v8_4_3_inst, A write address: 12, B read address: 12
blk_mem_gen_v8_4_3 collision detected at time: 61935000, Instance: testbench.u_Top.u_blk_mem_gen_0.inst.native_mem_module.blk_mem_gen_v8_4_3_inst, A write address: 12, B read address: 12
blk_mem_gen_v8_4_3 collision detected at time: 62015000, Instance: testbench.u_Top.u_blk_mem_gen_0.inst.native_mem_module.blk_mem_gen_v8_4_3_inst, A write address: 12, B read address: 12
blk_mem_gen_v8_4_3 collision detected at time: 62095000, Instance: testbench.u_Top.u_blk_mem_gen_0.inst.native_mem_module.blk_mem_gen_v8_4_3_inst, A write address: 12, B read address: 12
blk_mem_gen_v8_4_3 collision detected at time: 62175000, Instance: testbench.u_Top.u_blk_mem_gen_0.inst.native_mem_module.blk_mem_gen_v8_4_3_inst, A write address: 12, B read address: 12
blk_mem_gen_v8_4_3 collision detected at time: 62255000, Instance: testbench.u_Top.u_blk_mem_gen_0.inst.native_mem_module.blk_mem_gen_v8_4_3_inst, A write address: 12, B read address: 12
blk_mem_gen_v8_4_3 collision detected at time: 62335000, Instance: testbench.u_Top.u_blk_mem_gen_0.inst.native_mem_module.blk_mem_gen_v8_4_3_inst, A write address: 12, B read address: 12
blk_mem_gen_v8_4_3 collision detected at time: 62415000, Instance: testbench.u_Top.u_blk_mem_gen_0.inst.native_mem_module.blk_mem_gen_v8_4_3_inst, A write address: 12, B read address: 12
blk_mem_gen_v8_4_3 collision detected at time: 62495000, Instance: testbench.u_Top.u_blk_mem_gen_0.inst.native_mem_module.blk_mem_gen_v8_4_3_inst, A write address: 12, B read address: 12
blk_mem_gen_v8_4_3 collision detected at time: 62575000, Instance: testbench.u_Top.u_blk_mem_gen_0.inst.native_mem_module.blk_mem_gen_v8_4_3_inst, A write address: 12, B read address: 12
blk_mem_gen_v8_4_3 collision detected at time: 62655000, Instance: testbench.u_Top.u_blk_mem_gen_0.inst.native_mem_module.blk_mem_gen_v8_4_3_inst, A write address: 12, B read address: 12
blk_mem_gen_v8_4_3 collision detected at time: 62895000, Instance: testbench.u_Top.u_blk_mem_gen_0.inst.native_mem_module.blk_mem_gen_v8_4_3_inst, A write address: 13, B read address: 13
blk_mem_gen_v8_4_3 collision detected at time: 62975000, Instance: testbench.u_Top.u_blk_mem_gen_0.inst.native_mem_module.blk_mem_gen_v8_4_3_inst, A write address: 13, B read address: 13
blk_mem_gen_v8_4_3 collision detected at time: 63055000, Instance: testbench.u_Top.u_blk_mem_gen_0.inst.native_mem_module.blk_mem_gen_v8_4_3_inst, A write address: 13, B read address: 13
blk_mem_gen_v8_4_3 collision detected at time: 63135000, Instance: testbench.u_Top.u_blk_mem_gen_0.inst.native_mem_module.blk_mem_gen_v8_4_3_inst, A write address: 13, B read address: 13
blk_mem_gen_v8_4_3 collision detected at time: 63215000, Instance: testbench.u_Top.u_blk_mem_gen_0.inst.native_mem_module.blk_mem_gen_v8_4_3_inst, A write address: 13, B read address: 13
blk_mem_gen_v8_4_3 collision detected at time: 63295000, Instance: testbench.u_Top.u_blk_mem_gen_0.inst.native_mem_module.blk_mem_gen_v8_4_3_inst, A write address: 13, B read address: 13
blk_mem_gen_v8_4_3 collision detected at time: 63375000, Instance: testbench.u_Top.u_blk_mem_gen_0.inst.native_mem_module.blk_mem_gen_v8_4_3_inst, A write address: 13, B read address: 13
blk_mem_gen_v8_4_3 collision detected at time: 63455000, Instance: testbench.u_Top.u_blk_mem_gen_0.inst.native_mem_module.blk_mem_gen_v8_4_3_inst, A write address: 13, B read address: 13
blk_mem_gen_v8_4_3 collision detected at time: 63535000, Instance: testbench.u_Top.u_blk_mem_gen_0.inst.native_mem_module.blk_mem_gen_v8_4_3_inst, A write address: 13, B read address: 13
blk_mem_gen_v8_4_3 collision detected at time: 63615000, Instance: testbench.u_Top.u_blk_mem_gen_0.inst.native_mem_module.blk_mem_gen_v8_4_3_inst, A write address: 13, B read address: 13
blk_mem_gen_v8_4_3 collision detected at time: 63695000, Instance: testbench.u_Top.u_blk_mem_gen_0.inst.native_mem_module.blk_mem_gen_v8_4_3_inst, A write address: 13, B read address: 13
blk_mem_gen_v8_4_3 collision detected at time: 63775000, Instance: testbench.u_Top.u_blk_mem_gen_0.inst.native_mem_module.blk_mem_gen_v8_4_3_inst, A write address: 13, B read address: 13
blk_mem_gen_v8_4_3 collision detected at time: 63855000, Instance: testbench.u_Top.u_blk_mem_gen_0.inst.native_mem_module.blk_mem_gen_v8_4_3_inst, A write address: 13, B read address: 13
blk_mem_gen_v8_4_3 collision detected at time: 63935000, Instance: testbench.u_Top.u_blk_mem_gen_0.inst.native_mem_module.blk_mem_gen_v8_4_3_inst, A write address: 13, B read address: 13
blk_mem_gen_v8_4_3 collision detected at time: 64175000, Instance: testbench.u_Top.u_blk_mem_gen_0.inst.native_mem_module.blk_mem_gen_v8_4_3_inst, A write address: 14, B read address: 14
blk_mem_gen_v8_4_3 collision detected at time: 64255000, Instance: testbench.u_Top.u_blk_mem_gen_0.inst.native_mem_module.blk_mem_gen_v8_4_3_inst, A write address: 14, B read address: 14
blk_mem_gen_v8_4_3 collision detected at time: 64335000, Instance: testbench.u_Top.u_blk_mem_gen_0.inst.native_mem_module.blk_mem_gen_v8_4_3_inst, A write address: 14, B read address: 14
blk_mem_gen_v8_4_3 collision detected at time: 64415000, Instance: testbench.u_Top.u_blk_mem_gen_0.inst.native_mem_module.blk_mem_gen_v8_4_3_inst, A write address: 14, B read address: 14
blk_mem_gen_v8_4_3 collision detected at time: 64495000, Instance: testbench.u_Top.u_blk_mem_gen_0.inst.native_mem_module.blk_mem_gen_v8_4_3_inst, A write address: 14, B read address: 14
blk_mem_gen_v8_4_3 collision detected at time: 64575000, Instance: testbench.u_Top.u_blk_mem_gen_0.inst.native_mem_module.blk_mem_gen_v8_4_3_inst, A write address: 14, B read address: 14
blk_mem_gen_v8_4_3 collision detected at time: 64655000, Instance: testbench.u_Top.u_blk_mem_gen_0.inst.native_mem_module.blk_mem_gen_v8_4_3_inst, A write address: 14, B read address: 14
blk_mem_gen_v8_4_3 collision detected at time: 64735000, Instance: testbench.u_Top.u_blk_mem_gen_0.inst.native_mem_module.blk_mem_gen_v8_4_3_inst, A write address: 14, B read address: 14
blk_mem_gen_v8_4_3 collision detected at time: 64815000, Instance: testbench.u_Top.u_blk_mem_gen_0.inst.native_mem_module.blk_mem_gen_v8_4_3_inst, A write address: 14, B read address: 14
blk_mem_gen_v8_4_3 collision detected at time: 64895000, Instance: testbench.u_Top.u_blk_mem_gen_0.inst.native_mem_module.blk_mem_gen_v8_4_3_inst, A write address: 14, B read address: 14
blk_mem_gen_v8_4_3 collision detected at time: 64975000, Instance: testbench.u_Top.u_blk_mem_gen_0.inst.native_mem_module.blk_mem_gen_v8_4_3_inst, A write address: 14, B read address: 14
blk_mem_gen_v8_4_3 collision detected at time: 65055000, Instance: testbench.u_Top.u_blk_mem_gen_0.inst.native_mem_module.blk_mem_gen_v8_4_3_inst, A write address: 14, B read address: 14
blk_mem_gen_v8_4_3 collision detected at time: 65135000, Instance: testbench.u_Top.u_blk_mem_gen_0.inst.native_mem_module.blk_mem_gen_v8_4_3_inst, A write address: 14, B read address: 14
blk_mem_gen_v8_4_3 collision detected at time: 65215000, Instance: testbench.u_Top.u_blk_mem_gen_0.inst.native_mem_module.blk_mem_gen_v8_4_3_inst, A write address: 14, B read address: 14
blk_mem_gen_v8_4_3 collision detected at time: 65455000, Instance: testbench.u_Top.u_blk_mem_gen_0.inst.native_mem_module.blk_mem_gen_v8_4_3_inst, A write address: 15, B read address: 15
blk_mem_gen_v8_4_3 collision detected at time: 65535000, Instance: testbench.u_Top.u_blk_mem_gen_0.inst.native_mem_module.blk_mem_gen_v8_4_3_inst, A write address: 15, B read address: 15
blk_mem_gen_v8_4_3 collision detected at time: 65615000, Instance: testbench.u_Top.u_blk_mem_gen_0.inst.native_mem_module.blk_mem_gen_v8_4_3_inst, A write address: 15, B read address: 15
blk_mem_gen_v8_4_3 collision detected at time: 65695000, Instance: testbench.u_Top.u_blk_mem_gen_0.inst.native_mem_module.blk_mem_gen_v8_4_3_inst, A write address: 15, B read address: 15
blk_mem_gen_v8_4_3 collision detected at time: 65775000, Instance: testbench.u_Top.u_blk_mem_gen_0.inst.native_mem_module.blk_mem_gen_v8_4_3_inst, A write address: 15, B read address: 15
blk_mem_gen_v8_4_3 collision detected at time: 65855000, Instance: testbench.u_Top.u_blk_mem_gen_0.inst.native_mem_module.blk_mem_gen_v8_4_3_inst, A write address: 15, B read address: 15
blk_mem_gen_v8_4_3 collision detected at time: 65935000, Instance: testbench.u_Top.u_blk_mem_gen_0.inst.native_mem_module.blk_mem_gen_v8_4_3_inst, A write address: 15, B read address: 15
blk_mem_gen_v8_4_3 collision detected at time: 66015000, Instance: testbench.u_Top.u_blk_mem_gen_0.inst.native_mem_module.blk_mem_gen_v8_4_3_inst, A write address: 15, B read address: 15
blk_mem_gen_v8_4_3 collision detected at time: 66095000, Instance: testbench.u_Top.u_blk_mem_gen_0.inst.native_mem_module.blk_mem_gen_v8_4_3_inst, A write address: 15, B read address: 15
blk_mem_gen_v8_4_3 collision detected at time: 66175000, Instance: testbench.u_Top.u_blk_mem_gen_0.inst.native_mem_module.blk_mem_gen_v8_4_3_inst, A write address: 15, B read address: 15
blk_mem_gen_v8_4_3 collision detected at time: 66255000, Instance: testbench.u_Top.u_blk_mem_gen_0.inst.native_mem_module.blk_mem_gen_v8_4_3_inst, A write address: 15, B read address: 15
blk_mem_gen_v8_4_3 collision detected at time: 66335000, Instance: testbench.u_Top.u_blk_mem_gen_0.inst.native_mem_module.blk_mem_gen_v8_4_3_inst, A write address: 15, B read address: 15
blk_mem_gen_v8_4_3 collision detected at time: 66415000, Instance: testbench.u_Top.u_blk_mem_gen_0.inst.native_mem_module.blk_mem_gen_v8_4_3_inst, A write address: 15, B read address: 15
blk_mem_gen_v8_4_3 collision detected at time: 66495000, Instance: testbench.u_Top.u_blk_mem_gen_0.inst.native_mem_module.blk_mem_gen_v8_4_3_inst, A write address: 15, B read address: 15
blk_mem_gen_v8_4_3 collision detected at time: 66735000, Instance: testbench.u_Top.u_blk_mem_gen_0.inst.native_mem_module.blk_mem_gen_v8_4_3_inst, A write address: 16, B read address: 16
blk_mem_gen_v8_4_3 collision detected at time: 66815000, Instance: testbench.u_Top.u_blk_mem_gen_0.inst.native_mem_module.blk_mem_gen_v8_4_3_inst, A write address: 16, B read address: 16
blk_mem_gen_v8_4_3 collision detected at time: 66895000, Instance: testbench.u_Top.u_blk_mem_gen_0.inst.native_mem_module.blk_mem_gen_v8_4_3_inst, A write address: 16, B read address: 16
blk_mem_gen_v8_4_3 collision detected at time: 66975000, Instance: testbench.u_Top.u_blk_mem_gen_0.inst.native_mem_module.blk_mem_gen_v8_4_3_inst, A write address: 16, B read address: 16
blk_mem_gen_v8_4_3 collision detected at time: 67055000, Instance: testbench.u_Top.u_blk_mem_gen_0.inst.native_mem_module.blk_mem_gen_v8_4_3_inst, A write address: 16, B read address: 16
blk_mem_gen_v8_4_3 collision detected at time: 67135000, Instance: testbench.u_Top.u_blk_mem_gen_0.inst.native_mem_module.blk_mem_gen_v8_4_3_inst, A write address: 16, B read address: 16
blk_mem_gen_v8_4_3 collision detected at time: 67215000, Instance: testbench.u_Top.u_blk_mem_gen_0.inst.native_mem_module.blk_mem_gen_v8_4_3_inst, A write address: 16, B read address: 16
blk_mem_gen_v8_4_3 collision detected at time: 67295000, Instance: testbench.u_Top.u_blk_mem_gen_0.inst.native_mem_module.blk_mem_gen_v8_4_3_inst, A write address: 16, B read address: 16
blk_mem_gen_v8_4_3 collision detected at time: 67375000, Instance: testbench.u_Top.u_blk_mem_gen_0.inst.native_mem_module.blk_mem_gen_v8_4_3_inst, A write address: 16, B read address: 16
blk_mem_gen_v8_4_3 collision detected at time: 67455000, Instance: testbench.u_Top.u_blk_mem_gen_0.inst.native_mem_module.blk_mem_gen_v8_4_3_inst, A write address: 16, B read address: 16
blk_mem_gen_v8_4_3 collision detected at time: 67535000, Instance: testbench.u_Top.u_blk_mem_gen_0.inst.native_mem_module.blk_mem_gen_v8_4_3_inst, A write address: 16, B read address: 16
blk_mem_gen_v8_4_3 collision detected at time: 67615000, Instance: testbench.u_Top.u_blk_mem_gen_0.inst.native_mem_module.blk_mem_gen_v8_4_3_inst, A write address: 16, B read address: 16
blk_mem_gen_v8_4_3 collision detected at time: 67695000, Instance: testbench.u_Top.u_blk_mem_gen_0.inst.native_mem_module.blk_mem_gen_v8_4_3_inst, A write address: 16, B read address: 16
blk_mem_gen_v8_4_3 collision detected at time: 67775000, Instance: testbench.u_Top.u_blk_mem_gen_0.inst.native_mem_module.blk_mem_gen_v8_4_3_inst, A write address: 16, B read address: 16
blk_mem_gen_v8_4_3 collision detected at time: 68015000, Instance: testbench.u_Top.u_blk_mem_gen_0.inst.native_mem_module.blk_mem_gen_v8_4_3_inst, A write address: 17, B read address: 17
blk_mem_gen_v8_4_3 collision detected at time: 68095000, Instance: testbench.u_Top.u_blk_mem_gen_0.inst.native_mem_module.blk_mem_gen_v8_4_3_inst, A write address: 17, B read address: 17
blk_mem_gen_v8_4_3 collision detected at time: 68175000, Instance: testbench.u_Top.u_blk_mem_gen_0.inst.native_mem_module.blk_mem_gen_v8_4_3_inst, A write address: 17, B read address: 17
blk_mem_gen_v8_4_3 collision detected at time: 68255000, Instance: testbench.u_Top.u_blk_mem_gen_0.inst.native_mem_module.blk_mem_gen_v8_4_3_inst, A write address: 17, B read address: 17
blk_mem_gen_v8_4_3 collision detected at time: 68335000, Instance: testbench.u_Top.u_blk_mem_gen_0.inst.native_mem_module.blk_mem_gen_v8_4_3_inst, A write address: 17, B read address: 17
blk_mem_gen_v8_4_3 collision detected at time: 68415000, Instance: testbench.u_Top.u_blk_mem_gen_0.inst.native_mem_module.blk_mem_gen_v8_4_3_inst, A write address: 17, B read address: 17
blk_mem_gen_v8_4_3 collision detected at time: 68495000, Instance: testbench.u_Top.u_blk_mem_gen_0.inst.native_mem_module.blk_mem_gen_v8_4_3_inst, A write address: 17, B read address: 17
blk_mem_gen_v8_4_3 collision detected at time: 68575000, Instance: testbench.u_Top.u_blk_mem_gen_0.inst.native_mem_module.blk_mem_gen_v8_4_3_inst, A write address: 17, B read address: 17
blk_mem_gen_v8_4_3 collision detected at time: 68655000, Instance: testbench.u_Top.u_blk_mem_gen_0.inst.native_mem_module.blk_mem_gen_v8_4_3_inst, A write address: 17, B read address: 17
blk_mem_gen_v8_4_3 collision detected at time: 68735000, Instance: testbench.u_Top.u_blk_mem_gen_0.inst.native_mem_module.blk_mem_gen_v8_4_3_inst, A write address: 17, B read address: 17
blk_mem_gen_v8_4_3 collision detected at time: 68815000, Instance: testbench.u_Top.u_blk_mem_gen_0.inst.native_mem_module.blk_mem_gen_v8_4_3_inst, A write address: 17, B read address: 17
blk_mem_gen_v8_4_3 collision detected at time: 68895000, Instance: testbench.u_Top.u_blk_mem_gen_0.inst.native_mem_module.blk_mem_gen_v8_4_3_inst, A write address: 17, B read address: 17
blk_mem_gen_v8_4_3 collision detected at time: 68975000, Instance: testbench.u_Top.u_blk_mem_gen_0.inst.native_mem_module.blk_mem_gen_v8_4_3_inst, A write address: 17, B read address: 17
blk_mem_gen_v8_4_3 collision detected at time: 69055000, Instance: testbench.u_Top.u_blk_mem_gen_0.inst.native_mem_module.blk_mem_gen_v8_4_3_inst, A write address: 17, B read address: 17
blk_mem_gen_v8_4_3 collision detected at time: 69295000, Instance: testbench.u_Top.u_blk_mem_gen_0.inst.native_mem_module.blk_mem_gen_v8_4_3_inst, A write address: 18, B read address: 18
blk_mem_gen_v8_4_3 collision detected at time: 69375000, Instance: testbench.u_Top.u_blk_mem_gen_0.inst.native_mem_module.blk_mem_gen_v8_4_3_inst, A write address: 18, B read address: 18
blk_mem_gen_v8_4_3 collision detected at time: 69455000, Instance: testbench.u_Top.u_blk_mem_gen_0.inst.native_mem_module.blk_mem_gen_v8_4_3_inst, A write address: 18, B read address: 18
blk_mem_gen_v8_4_3 collision detected at time: 69535000, Instance: testbench.u_Top.u_blk_mem_gen_0.inst.native_mem_module.blk_mem_gen_v8_4_3_inst, A write address: 18, B read address: 18
blk_mem_gen_v8_4_3 collision detected at time: 69615000, Instance: testbench.u_Top.u_blk_mem_gen_0.inst.native_mem_module.blk_mem_gen_v8_4_3_inst, A write address: 18, B read address: 18
blk_mem_gen_v8_4_3 collision detected at time: 69695000, Instance: testbench.u_Top.u_blk_mem_gen_0.inst.native_mem_module.blk_mem_gen_v8_4_3_inst, A write address: 18, B read address: 18
blk_mem_gen_v8_4_3 collision detected at time: 69775000, Instance: testbench.u_Top.u_blk_mem_gen_0.inst.native_mem_module.blk_mem_gen_v8_4_3_inst, A write address: 18, B read address: 18
blk_mem_gen_v8_4_3 collision detected at time: 69855000, Instance: testbench.u_Top.u_blk_mem_gen_0.inst.native_mem_module.blk_mem_gen_v8_4_3_inst, A write address: 18, B read address: 18
blk_mem_gen_v8_4_3 collision detected at time: 69935000, Instance: testbench.u_Top.u_blk_mem_gen_0.inst.native_mem_module.blk_mem_gen_v8_4_3_inst, A write address: 18, B read address: 18
blk_mem_gen_v8_4_3 collision detected at time: 70015000, Instance: testbench.u_Top.u_blk_mem_gen_0.inst.native_mem_module.blk_mem_gen_v8_4_3_inst, A write address: 18, B read address: 18
blk_mem_gen_v8_4_3 collision detected at time: 70095000, Instance: testbench.u_Top.u_blk_mem_gen_0.inst.native_mem_module.blk_mem_gen_v8_4_3_inst, A write address: 18, B read address: 18
blk_mem_gen_v8_4_3 collision detected at time: 70175000, Instance: testbench.u_Top.u_blk_mem_gen_0.inst.native_mem_module.blk_mem_gen_v8_4_3_inst, A write address: 18, B read address: 18
blk_mem_gen_v8_4_3 collision detected at time: 70255000, Instance: testbench.u_Top.u_blk_mem_gen_0.inst.native_mem_module.blk_mem_gen_v8_4_3_inst, A write address: 18, B read address: 18
blk_mem_gen_v8_4_3 collision detected at time: 70335000, Instance: testbench.u_Top.u_blk_mem_gen_0.inst.native_mem_module.blk_mem_gen_v8_4_3_inst, A write address: 18, B read address: 18
blk_mem_gen_v8_4_3 collision detected at time: 70575000, Instance: testbench.u_Top.u_blk_mem_gen_0.inst.native_mem_module.blk_mem_gen_v8_4_3_inst, A write address: 19, B read address: 19
blk_mem_gen_v8_4_3 collision detected at time: 70655000, Instance: testbench.u_Top.u_blk_mem_gen_0.inst.native_mem_module.blk_mem_gen_v8_4_3_inst, A write address: 19, B read address: 19
blk_mem_gen_v8_4_3 collision detected at time: 70735000, Instance: testbench.u_Top.u_blk_mem_gen_0.inst.native_mem_module.blk_mem_gen_v8_4_3_inst, A write address: 19, B read address: 19
blk_mem_gen_v8_4_3 collision detected at time: 70815000, Instance: testbench.u_Top.u_blk_mem_gen_0.inst.native_mem_module.blk_mem_gen_v8_4_3_inst, A write address: 19, B read address: 19
blk_mem_gen_v8_4_3 collision detected at time: 70895000, Instance: testbench.u_Top.u_blk_mem_gen_0.inst.native_mem_module.blk_mem_gen_v8_4_3_inst, A write address: 19, B read address: 19
blk_mem_gen_v8_4_3 collision detected at time: 70975000, Instance: testbench.u_Top.u_blk_mem_gen_0.inst.native_mem_module.blk_mem_gen_v8_4_3_inst, A write address: 19, B read address: 19
blk_mem_gen_v8_4_3 collision detected at time: 71055000, Instance: testbench.u_Top.u_blk_mem_gen_0.inst.native_mem_module.blk_mem_gen_v8_4_3_inst, A write address: 19, B read address: 19
blk_mem_gen_v8_4_3 collision detected at time: 71135000, Instance: testbench.u_Top.u_blk_mem_gen_0.inst.native_mem_module.blk_mem_gen_v8_4_3_inst, A write address: 19, B read address: 19
blk_mem_gen_v8_4_3 collision detected at time: 71215000, Instance: testbench.u_Top.u_blk_mem_gen_0.inst.native_mem_module.blk_mem_gen_v8_4_3_inst, A write address: 19, B read address: 19
blk_mem_gen_v8_4_3 collision detected at time: 71295000, Instance: testbench.u_Top.u_blk_mem_gen_0.inst.native_mem_module.blk_mem_gen_v8_4_3_inst, A write address: 19, B read address: 19
blk_mem_gen_v8_4_3 collision detected at time: 71375000, Instance: testbench.u_Top.u_blk_mem_gen_0.inst.native_mem_module.blk_mem_gen_v8_4_3_inst, A write address: 19, B read address: 19
blk_mem_gen_v8_4_3 collision detected at time: 71455000, Instance: testbench.u_Top.u_blk_mem_gen_0.inst.native_mem_module.blk_mem_gen_v8_4_3_inst, A write address: 19, B read address: 19
blk_mem_gen_v8_4_3 collision detected at time: 71535000, Instance: testbench.u_Top.u_blk_mem_gen_0.inst.native_mem_module.blk_mem_gen_v8_4_3_inst, A write address: 19, B read address: 19
blk_mem_gen_v8_4_3 collision detected at time: 71615000, Instance: testbench.u_Top.u_blk_mem_gen_0.inst.native_mem_module.blk_mem_gen_v8_4_3_inst, A write address: 19, B read address: 19
blk_mem_gen_v8_4_3 collision detected at time: 71855000, Instance: testbench.u_Top.u_blk_mem_gen_0.inst.native_mem_module.blk_mem_gen_v8_4_3_inst, A write address: 1a, B read address: 1a
blk_mem_gen_v8_4_3 collision detected at time: 71935000, Instance: testbench.u_Top.u_blk_mem_gen_0.inst.native_mem_module.blk_mem_gen_v8_4_3_inst, A write address: 1a, B read address: 1a
blk_mem_gen_v8_4_3 collision detected at time: 72015000, Instance: testbench.u_Top.u_blk_mem_gen_0.inst.native_mem_module.blk_mem_gen_v8_4_3_inst, A write address: 1a, B read address: 1a
blk_mem_gen_v8_4_3 collision detected at time: 72095000, Instance: testbench.u_Top.u_blk_mem_gen_0.inst.native_mem_module.blk_mem_gen_v8_4_3_inst, A write address: 1a, B read address: 1a
blk_mem_gen_v8_4_3 collision detected at time: 72175000, Instance: testbench.u_Top.u_blk_mem_gen_0.inst.native_mem_module.blk_mem_gen_v8_4_3_inst, A write address: 1a, B read address: 1a
blk_mem_gen_v8_4_3 collision detected at time: 72255000, Instance: testbench.u_Top.u_blk_mem_gen_0.inst.native_mem_module.blk_mem_gen_v8_4_3_inst, A write address: 1a, B read address: 1a
blk_mem_gen_v8_4_3 collision detected at time: 72335000, Instance: testbench.u_Top.u_blk_mem_gen_0.inst.native_mem_module.blk_mem_gen_v8_4_3_inst, A write address: 1a, B read address: 1a
blk_mem_gen_v8_4_3 collision detected at time: 72415000, Instance: testbench.u_Top.u_blk_mem_gen_0.inst.native_mem_module.blk_mem_gen_v8_4_3_inst, A write address: 1a, B read address: 1a
blk_mem_gen_v8_4_3 collision detected at time: 72495000, Instance: testbench.u_Top.u_blk_mem_gen_0.inst.native_mem_module.blk_mem_gen_v8_4_3_inst, A write address: 1a, B read address: 1a
blk_mem_gen_v8_4_3 collision detected at time: 72575000, Instance: testbench.u_Top.u_blk_mem_gen_0.inst.native_mem_module.blk_mem_gen_v8_4_3_inst, A write address: 1a, B read address: 1a
blk_mem_gen_v8_4_3 collision detected at time: 72655000, Instance: testbench.u_Top.u_blk_mem_gen_0.inst.native_mem_module.blk_mem_gen_v8_4_3_inst, A write address: 1a, B read address: 1a
blk_mem_gen_v8_4_3 collision detected at time: 72735000, Instance: testbench.u_Top.u_blk_mem_gen_0.inst.native_mem_module.blk_mem_gen_v8_4_3_inst, A write address: 1a, B read address: 1a
blk_mem_gen_v8_4_3 collision detected at time: 72815000, Instance: testbench.u_Top.u_blk_mem_gen_0.inst.native_mem_module.blk_mem_gen_v8_4_3_inst, A write address: 1a, B read address: 1a
blk_mem_gen_v8_4_3 collision detected at time: 72895000, Instance: testbench.u_Top.u_blk_mem_gen_0.inst.native_mem_module.blk_mem_gen_v8_4_3_inst, A write address: 1a, B read address: 1a
blk_mem_gen_v8_4_3 collision detected at time: 73135000, Instance: testbench.u_Top.u_blk_mem_gen_0.inst.native_mem_module.blk_mem_gen_v8_4_3_inst, A write address: 1b, B read address: 1b
blk_mem_gen_v8_4_3 collision detected at time: 73215000, Instance: testbench.u_Top.u_blk_mem_gen_0.inst.native_mem_module.blk_mem_gen_v8_4_3_inst, A write address: 1b, B read address: 1b
blk_mem_gen_v8_4_3 collision detected at time: 73295000, Instance: testbench.u_Top.u_blk_mem_gen_0.inst.native_mem_module.blk_mem_gen_v8_4_3_inst, A write address: 1b, B read address: 1b
blk_mem_gen_v8_4_3 collision detected at time: 73375000, Instance: testbench.u_Top.u_blk_mem_gen_0.inst.native_mem_module.blk_mem_gen_v8_4_3_inst, A write address: 1b, B read address: 1b
blk_mem_gen_v8_4_3 collision detected at time: 73455000, Instance: testbench.u_Top.u_blk_mem_gen_0.inst.native_mem_module.blk_mem_gen_v8_4_3_inst, A write address: 1b, B read address: 1b
blk_mem_gen_v8_4_3 collision detected at time: 73535000, Instance: testbench.u_Top.u_blk_mem_gen_0.inst.native_mem_module.blk_mem_gen_v8_4_3_inst, A write address: 1b, B read address: 1b
blk_mem_gen_v8_4_3 collision detected at time: 73615000, Instance: testbench.u_Top.u_blk_mem_gen_0.inst.native_mem_module.blk_mem_gen_v8_4_3_inst, A write address: 1b, B read address: 1b
blk_mem_gen_v8_4_3 collision detected at time: 73695000, Instance: testbench.u_Top.u_blk_mem_gen_0.inst.native_mem_module.blk_mem_gen_v8_4_3_inst, A write address: 1b, B read address: 1b
blk_mem_gen_v8_4_3 collision detected at time: 73775000, Instance: testbench.u_Top.u_blk_mem_gen_0.inst.native_mem_module.blk_mem_gen_v8_4_3_inst, A write address: 1b, B read address: 1b
blk_mem_gen_v8_4_3 collision detected at time: 73855000, Instance: testbench.u_Top.u_blk_mem_gen_0.inst.native_mem_module.blk_mem_gen_v8_4_3_inst, A write address: 1b, B read address: 1b
blk_mem_gen_v8_4_3 collision detected at time: 73935000, Instance: testbench.u_Top.u_blk_mem_gen_0.inst.native_mem_module.blk_mem_gen_v8_4_3_inst, A write address: 1b, B read address: 1b
blk_mem_gen_v8_4_3 collision detected at time: 74015000, Instance: testbench.u_Top.u_blk_mem_gen_0.inst.native_mem_module.blk_mem_gen_v8_4_3_inst, A write address: 1b, B read address: 1b
blk_mem_gen_v8_4_3 collision detected at time: 74095000, Instance: testbench.u_Top.u_blk_mem_gen_0.inst.native_mem_module.blk_mem_gen_v8_4_3_inst, A write address: 1b, B read address: 1b
blk_mem_gen_v8_4_3 collision detected at time: 74175000, Instance: testbench.u_Top.u_blk_mem_gen_0.inst.native_mem_module.blk_mem_gen_v8_4_3_inst, A write address: 1b, B read address: 1b
blk_mem_gen_v8_4_3 collision detected at time: 74415000, Instance: testbench.u_Top.u_blk_mem_gen_0.inst.native_mem_module.blk_mem_gen_v8_4_3_inst, A write address: 1c, B read address: 1c
blk_mem_gen_v8_4_3 collision detected at time: 74495000, Instance: testbench.u_Top.u_blk_mem_gen_0.inst.native_mem_module.blk_mem_gen_v8_4_3_inst, A write address: 1c, B read address: 1c
blk_mem_gen_v8_4_3 collision detected at time: 74575000, Instance: testbench.u_Top.u_blk_mem_gen_0.inst.native_mem_module.blk_mem_gen_v8_4_3_inst, A write address: 1c, B read address: 1c
blk_mem_gen_v8_4_3 collision detected at time: 74655000, Instance: testbench.u_Top.u_blk_mem_gen_0.inst.native_mem_module.blk_mem_gen_v8_4_3_inst, A write address: 1c, B read address: 1c
blk_mem_gen_v8_4_3 collision detected at time: 74735000, Instance: testbench.u_Top.u_blk_mem_gen_0.inst.native_mem_module.blk_mem_gen_v8_4_3_inst, A write address: 1c, B read address: 1c
blk_mem_gen_v8_4_3 collision detected at time: 74815000, Instance: testbench.u_Top.u_blk_mem_gen_0.inst.native_mem_module.blk_mem_gen_v8_4_3_inst, A write address: 1c, B read address: 1c
blk_mem_gen_v8_4_3 collision detected at time: 74895000, Instance: testbench.u_Top.u_blk_mem_gen_0.inst.native_mem_module.blk_mem_gen_v8_4_3_inst, A write address: 1c, B read address: 1c
blk_mem_gen_v8_4_3 collision detected at time: 74975000, Instance: testbench.u_Top.u_blk_mem_gen_0.inst.native_mem_module.blk_mem_gen_v8_4_3_inst, A write address: 1c, B read address: 1c
blk_mem_gen_v8_4_3 collision detected at time: 75055000, Instance: testbench.u_Top.u_blk_mem_gen_0.inst.native_mem_module.blk_mem_gen_v8_4_3_inst, A write address: 1c, B read address: 1c
blk_mem_gen_v8_4_3 collision detected at time: 75135000, Instance: testbench.u_Top.u_blk_mem_gen_0.inst.native_mem_module.blk_mem_gen_v8_4_3_inst, A write address: 1c, B read address: 1c
blk_mem_gen_v8_4_3 collision detected at time: 75215000, Instance: testbench.u_Top.u_blk_mem_gen_0.inst.native_mem_module.blk_mem_gen_v8_4_3_inst, A write address: 1c, B read address: 1c
blk_mem_gen_v8_4_3 collision detected at time: 75295000, Instance: testbench.u_Top.u_blk_mem_gen_0.inst.native_mem_module.blk_mem_gen_v8_4_3_inst, A write address: 1c, B read address: 1c
blk_mem_gen_v8_4_3 collision detected at time: 75375000, Instance: testbench.u_Top.u_blk_mem_gen_0.inst.native_mem_module.blk_mem_gen_v8_4_3_inst, A write address: 1c, B read address: 1c
blk_mem_gen_v8_4_3 collision detected at time: 75455000, Instance: testbench.u_Top.u_blk_mem_gen_0.inst.native_mem_module.blk_mem_gen_v8_4_3_inst, A write address: 1c, B read address: 1c
blk_mem_gen_v8_4_3 collision detected at time: 75695000, Instance: testbench.u_Top.u_blk_mem_gen_0.inst.native_mem_module.blk_mem_gen_v8_4_3_inst, A write address: 1d, B read address: 1d
blk_mem_gen_v8_4_3 collision detected at time: 75775000, Instance: testbench.u_Top.u_blk_mem_gen_0.inst.native_mem_module.blk_mem_gen_v8_4_3_inst, A write address: 1d, B read address: 1d
blk_mem_gen_v8_4_3 collision detected at time: 75855000, Instance: testbench.u_Top.u_blk_mem_gen_0.inst.native_mem_module.blk_mem_gen_v8_4_3_inst, A write address: 1d, B read address: 1d
blk_mem_gen_v8_4_3 collision detected at time: 75935000, Instance: testbench.u_Top.u_blk_mem_gen_0.inst.native_mem_module.blk_mem_gen_v8_4_3_inst, A write address: 1d, B read address: 1d
blk_mem_gen_v8_4_3 collision detected at time: 76015000, Instance: testbench.u_Top.u_blk_mem_gen_0.inst.native_mem_module.blk_mem_gen_v8_4_3_inst, A write address: 1d, B read address: 1d
blk_mem_gen_v8_4_3 collision detected at time: 76095000, Instance: testbench.u_Top.u_blk_mem_gen_0.inst.native_mem_module.blk_mem_gen_v8_4_3_inst, A write address: 1d, B read address: 1d
blk_mem_gen_v8_4_3 collision detected at time: 76175000, Instance: testbench.u_Top.u_blk_mem_gen_0.inst.native_mem_module.blk_mem_gen_v8_4_3_inst, A write address: 1d, B read address: 1d
blk_mem_gen_v8_4_3 collision detected at time: 76255000, Instance: testbench.u_Top.u_blk_mem_gen_0.inst.native_mem_module.blk_mem_gen_v8_4_3_inst, A write address: 1d, B read address: 1d
blk_mem_gen_v8_4_3 collision detected at time: 76335000, Instance: testbench.u_Top.u_blk_mem_gen_0.inst.native_mem_module.blk_mem_gen_v8_4_3_inst, A write address: 1d, B read address: 1d
blk_mem_gen_v8_4_3 collision detected at time: 76415000, Instance: testbench.u_Top.u_blk_mem_gen_0.inst.native_mem_module.blk_mem_gen_v8_4_3_inst, A write address: 1d, B read address: 1d
blk_mem_gen_v8_4_3 collision detected at time: 76495000, Instance: testbench.u_Top.u_blk_mem_gen_0.inst.native_mem_module.blk_mem_gen_v8_4_3_inst, A write address: 1d, B read address: 1d
blk_mem_gen_v8_4_3 collision detected at time: 76575000, Instance: testbench.u_Top.u_blk_mem_gen_0.inst.native_mem_module.blk_mem_gen_v8_4_3_inst, A write address: 1d, B read address: 1d
blk_mem_gen_v8_4_3 collision detected at time: 76655000, Instance: testbench.u_Top.u_blk_mem_gen_0.inst.native_mem_module.blk_mem_gen_v8_4_3_inst, A write address: 1d, B read address: 1d
blk_mem_gen_v8_4_3 collision detected at time: 76735000, Instance: testbench.u_Top.u_blk_mem_gen_0.inst.native_mem_module.blk_mem_gen_v8_4_3_inst, A write address: 1d, B read address: 1d
blk_mem_gen_v8_4_3 collision detected at time: 76975000, Instance: testbench.u_Top.u_blk_mem_gen_0.inst.native_mem_module.blk_mem_gen_v8_4_3_inst, A write address: 1e, B read address: 1e
blk_mem_gen_v8_4_3 collision detected at time: 77055000, Instance: testbench.u_Top.u_blk_mem_gen_0.inst.native_mem_module.blk_mem_gen_v8_4_3_inst, A write address: 1e, B read address: 1e
blk_mem_gen_v8_4_3 collision detected at time: 77135000, Instance: testbench.u_Top.u_blk_mem_gen_0.inst.native_mem_module.blk_mem_gen_v8_4_3_inst, A write address: 1e, B read address: 1e
blk_mem_gen_v8_4_3 collision detected at time: 77215000, Instance: testbench.u_Top.u_blk_mem_gen_0.inst.native_mem_module.blk_mem_gen_v8_4_3_inst, A write address: 1e, B read address: 1e
blk_mem_gen_v8_4_3 collision detected at time: 77295000, Instance: testbench.u_Top.u_blk_mem_gen_0.inst.native_mem_module.blk_mem_gen_v8_4_3_inst, A write address: 1e, B read address: 1e
blk_mem_gen_v8_4_3 collision detected at time: 77375000, Instance: testbench.u_Top.u_blk_mem_gen_0.inst.native_mem_module.blk_mem_gen_v8_4_3_inst, A write address: 1e, B read address: 1e
blk_mem_gen_v8_4_3 collision detected at time: 77455000, Instance: testbench.u_Top.u_blk_mem_gen_0.inst.native_mem_module.blk_mem_gen_v8_4_3_inst, A write address: 1e, B read address: 1e
blk_mem_gen_v8_4_3 collision detected at time: 77535000, Instance: testbench.u_Top.u_blk_mem_gen_0.inst.native_mem_module.blk_mem_gen_v8_4_3_inst, A write address: 1e, B read address: 1e
blk_mem_gen_v8_4_3 collision detected at time: 77615000, Instance: testbench.u_Top.u_blk_mem_gen_0.inst.native_mem_module.blk_mem_gen_v8_4_3_inst, A write address: 1e, B read address: 1e
blk_mem_gen_v8_4_3 collision detected at time: 77695000, Instance: testbench.u_Top.u_blk_mem_gen_0.inst.native_mem_module.blk_mem_gen_v8_4_3_inst, A write address: 1e, B read address: 1e
blk_mem_gen_v8_4_3 collision detected at time: 77775000, Instance: testbench.u_Top.u_blk_mem_gen_0.inst.native_mem_module.blk_mem_gen_v8_4_3_inst, A write address: 1e, B read address: 1e
blk_mem_gen_v8_4_3 collision detected at time: 77855000, Instance: testbench.u_Top.u_blk_mem_gen_0.inst.native_mem_module.blk_mem_gen_v8_4_3_inst, A write address: 1e, B read address: 1e
blk_mem_gen_v8_4_3 collision detected at time: 77935000, Instance: testbench.u_Top.u_blk_mem_gen_0.inst.native_mem_module.blk_mem_gen_v8_4_3_inst, A write address: 1e, B read address: 1e
blk_mem_gen_v8_4_3 collision detected at time: 78015000, Instance: testbench.u_Top.u_blk_mem_gen_0.inst.native_mem_module.blk_mem_gen_v8_4_3_inst, A write address: 1e, B read address: 1e
blk_mem_gen_v8_4_3 collision detected at time: 78255000, Instance: testbench.u_Top.u_blk_mem_gen_0.inst.native_mem_module.blk_mem_gen_v8_4_3_inst, A write address: 1f, B read address: 1f
blk_mem_gen_v8_4_3 collision detected at time: 78335000, Instance: testbench.u_Top.u_blk_mem_gen_0.inst.native_mem_module.blk_mem_gen_v8_4_3_inst, A write address: 1f, B read address: 1f
blk_mem_gen_v8_4_3 collision detected at time: 78415000, Instance: testbench.u_Top.u_blk_mem_gen_0.inst.native_mem_module.blk_mem_gen_v8_4_3_inst, A write address: 1f, B read address: 1f
blk_mem_gen_v8_4_3 collision detected at time: 78495000, Instance: testbench.u_Top.u_blk_mem_gen_0.inst.native_mem_module.blk_mem_gen_v8_4_3_inst, A write address: 1f, B read address: 1f
blk_mem_gen_v8_4_3 collision detected at time: 78575000, Instance: testbench.u_Top.u_blk_mem_gen_0.inst.native_mem_module.blk_mem_gen_v8_4_3_inst, A write address: 1f, B read address: 1f
blk_mem_gen_v8_4_3 collision detected at time: 78655000, Instance: testbench.u_Top.u_blk_mem_gen_0.inst.native_mem_module.blk_mem_gen_v8_4_3_inst, A write address: 1f, B read address: 1f
blk_mem_gen_v8_4_3 collision detected at time: 78735000, Instance: testbench.u_Top.u_blk_mem_gen_0.inst.native_mem_module.blk_mem_gen_v8_4_3_inst, A write address: 1f, B read address: 1f
blk_mem_gen_v8_4_3 collision detected at time: 78815000, Instance: testbench.u_Top.u_blk_mem_gen_0.inst.native_mem_module.blk_mem_gen_v8_4_3_inst, A write address: 1f, B read address: 1f
blk_mem_gen_v8_4_3 collision detected at time: 78895000, Instance: testbench.u_Top.u_blk_mem_gen_0.inst.native_mem_module.blk_mem_gen_v8_4_3_inst, A write address: 1f, B read address: 1f
blk_mem_gen_v8_4_3 collision detected at time: 78975000, Instance: testbench.u_Top.u_blk_mem_gen_0.inst.native_mem_module.blk_mem_gen_v8_4_3_inst, A write address: 1f, B read address: 1f
blk_mem_gen_v8_4_3 collision detected at time: 79055000, Instance: testbench.u_Top.u_blk_mem_gen_0.inst.native_mem_module.blk_mem_gen_v8_4_3_inst, A write address: 1f, B read address: 1f
blk_mem_gen_v8_4_3 collision detected at time: 79135000, Instance: testbench.u_Top.u_blk_mem_gen_0.inst.native_mem_module.blk_mem_gen_v8_4_3_inst, A write address: 1f, B read address: 1f
blk_mem_gen_v8_4_3 collision detected at time: 79215000, Instance: testbench.u_Top.u_blk_mem_gen_0.inst.native_mem_module.blk_mem_gen_v8_4_3_inst, A write address: 1f, B read address: 1f
blk_mem_gen_v8_4_3 collision detected at time: 79295000, Instance: testbench.u_Top.u_blk_mem_gen_0.inst.native_mem_module.blk_mem_gen_v8_4_3_inst, A write address: 1f, B read address: 1f
blk_mem_gen_v8_4_3 collision detected at time: 79535000, Instance: testbench.u_Top.u_blk_mem_gen_0.inst.native_mem_module.blk_mem_gen_v8_4_3_inst, A write address: 20, B read address: 20
blk_mem_gen_v8_4_3 collision detected at time: 79615000, Instance: testbench.u_Top.u_blk_mem_gen_0.inst.native_mem_module.blk_mem_gen_v8_4_3_inst, A write address: 20, B read address: 20
blk_mem_gen_v8_4_3 collision detected at time: 79695000, Instance: testbench.u_Top.u_blk_mem_gen_0.inst.native_mem_module.blk_mem_gen_v8_4_3_inst, A write address: 20, B read address: 20
blk_mem_gen_v8_4_3 collision detected at time: 79775000, Instance: testbench.u_Top.u_blk_mem_gen_0.inst.native_mem_module.blk_mem_gen_v8_4_3_inst, A write address: 20, B read address: 20
blk_mem_gen_v8_4_3 collision detected at time: 79855000, Instance: testbench.u_Top.u_blk_mem_gen_0.inst.native_mem_module.blk_mem_gen_v8_4_3_inst, A write add